{"/Users/mailbitsales/Desktop/Java-Script+React/MyBabyCare/__tests__/testUtilts.ts": {"path":"/Users/mailbitsales/Desktop/Java-Script+React/MyBabyCare/__tests__/testUtilts.ts","statementMap":{"0":{"start":{"line":1,"column":0},"end":{"line":1,"column":32}},"1":{"start":{"line":2,"column":0},"end":{"line":2,"column":32}},"2":{"start":{"line":4,"column":13},"end":{"line":8,"column":2}},"3":{"start":{"line":12,"column":29},"end":{"line":37,"column":1}},"4":{"start":{"line":13,"column":2},"end":{"line":13,"column":36}},"5":{"start":{"line":13,"column":18},"end":{"line":13,"column":36}},"6":{"start":{"line":16,"column":2},"end":{"line":19,"column":21}},"7":{"start":{"line":21,"column":14},"end":{"line":24,"column":4}},"8":{"start":{"line":26,"column":20},"end":{"line":26,"column":45}},"9":{"start":{"line":28,"column":2},"end":{"line":34,"column":3}},"10":{"start":{"line":29,"column":4},"end":{"line":29,"column":38}},"11":{"start":{"line":30,"column":9},"end":{"line":34,"column":3}},"12":{"start":{"line":31,"column":4},"end":{"line":31,"column":27}},"13":{"start":{"line":33,"column":4},"end":{"line":33,"column":61}},"14":{"start":{"line":36,"column":2},"end":{"line":36,"column":20}},"15":{"start":{"line":12,"column":13},"end":{"line":12,"column":29}}},"fnMap":{"0":{"name":"(anonymous_1)","decl":{"start":{"line":12,"column":29},"end":{"line":12,"column":34}},"loc":{"start":{"line":12,"column":57},"end":{"line":37,"column":1}}},"1":{"name":"(anonymous_2)","decl":{"start":{"line":19,"column":11},"end":{"line":19,"column":14}},"loc":{"start":{"line":19,"column":16},"end":{"line":19,"column":19}}}},"branchMap":{"0":{"loc":{"start":{"line":13,"column":2},"end":{"line":13,"column":36}},"type":"if","locations":[{"start":{"line":13,"column":2},"end":{"line":13,"column":36}},{"start":{},"end":{}}]},"1":{"loc":{"start":{"line":28,"column":2},"end":{"line":34,"column":3}},"type":"if","locations":[{"start":{"line":28,"column":2},"end":{"line":34,"column":3}},{"start":{"line":30,"column":9},"end":{"line":34,"column":3}}]},"2":{"loc":{"start":{"line":30,"column":9},"end":{"line":34,"column":3}},"type":"if","locations":[{"start":{"line":30,"column":9},"end":{"line":34,"column":3}},{"start":{"line":32,"column":9},"end":{"line":34,"column":3}}]}},"s":{"0":1,"1":1,"2":1,"3":1,"4":1,"5":0,"6":1,"7":1,"8":1,"9":1,"10":1,"11":0,"12":0,"13":0,"14":1,"15":1},"f":{"0":1,"1":0},"b":{"0":[0,1],"1":[1,0],"2":[0,0]}}
,"/Users/mailbitsales/Desktop/Java-Script+React/MyBabyCare/src/server.ts": {"path":"/Users/mailbitsales/Desktop/Java-Script+React/MyBabyCare/src/server.ts","statementMap":{"0":{"start":{"line":1,"column":0},"end":{"line":1,"column":55}},"1":{"start":{"line":2,"column":0},"end":{"line":2,"column":28}},"2":{"start":{"line":3,"column":0},"end":{"line":3,"column":24}},"3":{"start":{"line":4,"column":0},"end":{"line":4,"column":24}},"4":{"start":{"line":5,"column":0},"end":{"line":5,"column":43}},"5":{"start":{"line":6,"column":0},"end":{"line":6,"column":41}},"6":{"start":{"line":7,"column":0},"end":{"line":7,"column":46}},"7":{"start":{"line":8,"column":0},"end":{"line":8,"column":48}},"8":{"start":{"line":9,"column":0},"end":{"line":9,"column":50}},"9":{"start":{"line":10,"column":0},"end":{"line":10,"column":46}},"10":{"start":{"line":11,"column":0},"end":{"line":11,"column":46}},"11":{"start":{"line":12,"column":0},"end":{"line":12,"column":62}},"12":{"start":{"line":13,"column":0},"end":{"line":13,"column":49}},"13":{"start":{"line":14,"column":0},"end":{"line":14,"column":42}},"14":{"start":{"line":15,"column":0},"end":{"line":15,"column":43}},"15":{"start":{"line":16,"column":0},"end":{"line":16,"column":40}},"16":{"start":{"line":18,"column":0},"end":{"line":18,"column":16}},"17":{"start":{"line":19,"column":0},"end":{"line":19,"column":12}},"18":{"start":{"line":21,"column":12},"end":{"line":21,"column":21}},"19":{"start":{"line":23,"column":0},"end":{"line":28,"column":2}},"20":{"start":{"line":29,"column":0},"end":{"line":29,"column":24}},"21":{"start":{"line":30,"column":0},"end":{"line":30,"column":48}},"22":{"start":{"line":31,"column":0},"end":{"line":31,"column":24}},"23":{"start":{"line":32,"column":0},"end":{"line":32,"column":62}},"24":{"start":{"line":34,"column":16},"end":{"line":39,"column":2}},"25":{"start":{"line":41,"column":0},"end":{"line":41,"column":17}},"26":{"start":{"line":44,"column":0},"end":{"line":44,"column":72}},"27":{"start":{"line":46,"column":0},"end":{"line":48,"column":3}},"28":{"start":{"line":47,"column":2},"end":{"line":47,"column":49}},"29":{"start":{"line":50,"column":0},"end":{"line":50,"column":29}},"30":{"start":{"line":51,"column":0},"end":{"line":51,"column":31}},"31":{"start":{"line":52,"column":0},"end":{"line":52,"column":29}},"32":{"start":{"line":53,"column":0},"end":{"line":53,"column":31}},"33":{"start":{"line":54,"column":0},"end":{"line":54,"column":33}},"34":{"start":{"line":55,"column":0},"end":{"line":55,"column":46}},"35":{"start":{"line":57,"column":42},"end":{"line":60,"column":1}},"36":{"start":{"line":58,"column":2},"end":{"line":58,"column":58}},"37":{"start":{"line":59,"column":2},"end":{"line":59,"column":55}},"38":{"start":{"line":62,"column":0},"end":{"line":62,"column":22}},"39":{"start":{"line":64,"column":13},"end":{"line":64,"column":37}},"40":{"start":{"line":66,"column":0},"end":{"line":68,"column":3}},"41":{"start":{"line":67,"column":2},"end":{"line":67,"column":54}},"42":{"start":{"line":70,"column":0},"end":{"line":70,"column":19}}},"fnMap":{"0":{"name":"(anonymous_1)","decl":{"start":{"line":46,"column":26},"end":{"line":46,"column":27}},"loc":{"start":{"line":46,"column":39},"end":{"line":48,"column":1}}},"1":{"name":"(anonymous_2)","decl":{"start":{"line":57,"column":42},"end":{"line":57,"column":43}},"loc":{"start":{"line":57,"column":66},"end":{"line":60,"column":1}}},"2":{"name":"(anonymous_3)","decl":{"start":{"line":66,"column":17},"end":{"line":66,"column":20}},"loc":{"start":{"line":66,"column":22},"end":{"line":68,"column":1}}}},"branchMap":{"0":{"loc":{"start":{"line":64,"column":13},"end":{"line":64,"column":37}},"type":"binary-expr","locations":[{"start":{"line":64,"column":13},"end":{"line":64,"column":29}},{"start":{"line":64,"column":33},"end":{"line":64,"column":37}}]}},"s":{"0":1,"1":1,"2":1,"3":1,"4":1,"5":1,"6":1,"7":1,"8":1,"9":1,"10":1,"11":1,"12":1,"13":1,"14":1,"15":1,"16":1,"17":1,"18":1,"19":1,"20":1,"21":1,"22":1,"23":1,"24":1,"25":1,"26":1,"27":1,"28":0,"29":1,"30":1,"31":1,"32":1,"33":1,"34":1,"35":1,"36":0,"37":0,"38":1,"39":1,"40":1,"41":1,"42":1},"f":{"0":0,"1":0,"2":1},"b":{"0":[1,0]}}
,"/Users/mailbitsales/Desktop/Java-Script+React/MyBabyCare/src/config/dataBase.ts": {"path":"/Users/mailbitsales/Desktop/Java-Script+React/MyBabyCare/src/config/dataBase.ts","statementMap":{"0":{"start":{"line":1,"column":0},"end":{"line":1,"column":32}},"1":{"start":{"line":3,"column":18},"end":{"line":11,"column":1}},"2":{"start":{"line":4,"column":2},"end":{"line":10,"column":3}},"3":{"start":{"line":5,"column":4},"end":{"line":5,"column":51}},"4":{"start":{"line":6,"column":4},"end":{"line":6,"column":39}},"5":{"start":{"line":8,"column":4},"end":{"line":8,"column":57}},"6":{"start":{"line":9,"column":4},"end":{"line":9,"column":20}},"7":{"start":{"line":13,"column":0},"end":{"line":13,"column":25}}},"fnMap":{"0":{"name":"(anonymous_1)","decl":{"start":{"line":3,"column":18},"end":{"line":3,"column":23}},"loc":{"start":{"line":3,"column":29},"end":{"line":11,"column":1}}}},"branchMap":{},"s":{"0":1,"1":1,"2":1,"3":1,"4":1,"5":0,"6":0,"7":1},"f":{"0":1},"b":{}}
,"/Users/mailbitsales/Desktop/Java-Script+React/MyBabyCare/src/controllers/authController.ts": {"path":"/Users/mailbitsales/Desktop/Java-Script+React/MyBabyCare/src/controllers/authController.ts","statementMap":{"0":{"start":{"line":2,"column":0},"end":{"line":2,"column":43}},"1":{"start":{"line":3,"column":0},"end":{"line":3,"column":31}},"2":{"start":{"line":4,"column":0},"end":{"line":4,"column":57}},"3":{"start":{"line":11,"column":0},"end":{"line":11,"column":78}},"4":{"start":{"line":13,"column":21},"end":{"line":51,"column":1}},"5":{"start":{"line":17,"column":2},"end":{"line":50,"column":3}},"6":{"start":{"line":18,"column":32},"end":{"line":18,"column":40}},"7":{"start":{"line":19,"column":17},"end":{"line":19,"column":46}},"8":{"start":{"line":21,"column":4},"end":{"line":24,"column":5}},"9":{"start":{"line":22,"column":6},"end":{"line":22,"column":64}},"10":{"start":{"line":23,"column":6},"end":{"line":23,"column":13}},"11":{"start":{"line":26,"column":20},"end":{"line":26,"column":56}},"12":{"start":{"line":28,"column":4},"end":{"line":31,"column":5}},"13":{"start":{"line":29,"column":6},"end":{"line":29,"column":64}},"14":{"start":{"line":30,"column":6},"end":{"line":30,"column":13}},"15":{"start":{"line":33,"column":29},"end":{"line":33,"column":77}},"16":{"start":{"line":34,"column":42},"end":{"line":34,"column":65}},"17":{"start":{"line":36,"column":4},"end":{"line":36,"column":51}},"18":{"start":{"line":38,"column":4},"end":{"line":46,"column":7}},"19":{"start":{"line":48,"column":4},"end":{"line":48,"column":43}},"20":{"start":{"line":49,"column":4},"end":{"line":49,"column":50}},"21":{"start":{"line":13,"column":13},"end":{"line":13,"column":21}},"22":{"start":{"line":53,"column":24},"end":{"line":89,"column":1}},"23":{"start":{"line":57,"column":2},"end":{"line":88,"column":3}},"24":{"start":{"line":58,"column":42},"end":{"line":58,"column":50}},"25":{"start":{"line":60,"column":25},"end":{"line":60,"column":54}},"26":{"start":{"line":62,"column":4},"end":{"line":66,"column":5}},"27":{"start":{"line":63,"column":6},"end":{"line":63,"column":28}},"28":{"start":{"line":64,"column":6},"end":{"line":64,"column":63}},"29":{"start":{"line":65,"column":6},"end":{"line":65,"column":13}},"30":{"start":{"line":68,"column":20},"end":{"line":72,"column":6}},"31":{"start":{"line":74,"column":4},"end":{"line":74,"column":25}},"32":{"start":{"line":76,"column":4},"end":{"line":84,"column":7}},"33":{"start":{"line":86,"column":4},"end":{"line":86,"column":46}},"34":{"start":{"line":87,"column":4},"end":{"line":87,"column":50}},"35":{"start":{"line":53,"column":13},"end":{"line":53,"column":24}},"36":{"start":{"line":91,"column":38},"end":{"line":95,"column":1}},"37":{"start":{"line":92,"column":2},"end":{"line":92,"column":33}},"38":{"start":{"line":93,"column":2},"end":{"line":93,"column":34}},"39":{"start":{"line":94,"column":2},"end":{"line":94,"column":41}},"40":{"start":{"line":91,"column":13},"end":{"line":91,"column":38}},"41":{"start":{"line":97,"column":50},"end":{"line":121,"column":1}},"42":{"start":{"line":98,"column":23},"end":{"line":98,"column":47}},"43":{"start":{"line":100,"column":2},"end":{"line":103,"column":3}},"44":{"start":{"line":101,"column":4},"end":{"line":101,"column":57}},"45":{"start":{"line":102,"column":4},"end":{"line":102,"column":11}},"46":{"start":{"line":105,"column":2},"end":{"line":120,"column":3}},"47":{"start":{"line":106,"column":20},"end":{"line":108,"column":null}},"48":{"start":{"line":111,"column":29},"end":{"line":111,"column":67}},"49":{"start":{"line":112,"column":28},"end":{"line":112,"column":51}},"50":{"start":{"line":114,"column":4},"end":{"line":114,"column":43}},"51":{"start":{"line":116,"column":4},"end":{"line":116,"column":45}},"52":{"start":{"line":118,"column":4},"end":{"line":118,"column":51}},"53":{"start":{"line":119,"column":4},"end":{"line":119,"column":72}},"54":{"start":{"line":97,"column":13},"end":{"line":97,"column":50}}},"fnMap":{"0":{"name":"(anonymous_1)","decl":{"start":{"line":13,"column":21},"end":{"line":13,"column":26}},"loc":{"start":{"line":16,"column":4},"end":{"line":51,"column":1}}},"1":{"name":"(anonymous_2)","decl":{"start":{"line":53,"column":24},"end":{"line":53,"column":29}},"loc":{"start":{"line":56,"column":4},"end":{"line":89,"column":1}}},"2":{"name":"(anonymous_3)","decl":{"start":{"line":91,"column":38},"end":{"line":91,"column":39}},"loc":{"start":{"line":91,"column":57},"end":{"line":95,"column":1}}},"3":{"name":"(anonymous_4)","decl":{"start":{"line":97,"column":50},"end":{"line":97,"column":51}},"loc":{"start":{"line":97,"column":69},"end":{"line":121,"column":1}}}},"branchMap":{"0":{"loc":{"start":{"line":21,"column":4},"end":{"line":24,"column":5}},"type":"if","locations":[{"start":{"line":21,"column":4},"end":{"line":24,"column":5}},{"start":{},"end":{}}]},"1":{"loc":{"start":{"line":28,"column":4},"end":{"line":31,"column":5}},"type":"if","locations":[{"start":{"line":28,"column":4},"end":{"line":31,"column":5}},{"start":{},"end":{}}]},"2":{"loc":{"start":{"line":62,"column":4},"end":{"line":66,"column":5}},"type":"if","locations":[{"start":{"line":62,"column":4},"end":{"line":66,"column":5}},{"start":{},"end":{}}]},"3":{"loc":{"start":{"line":100,"column":2},"end":{"line":103,"column":3}},"type":"if","locations":[{"start":{"line":100,"column":2},"end":{"line":103,"column":3}},{"start":{},"end":{}}]}},"s":{"0":1,"1":1,"2":1,"3":1,"4":1,"5":1,"6":1,"7":1,"8":1,"9":0,"10":0,"11":1,"12":1,"13":0,"14":0,"15":1,"16":1,"17":1,"18":1,"19":0,"20":0,"21":1,"22":1,"23":1,"24":1,"25":1,"26":1,"27":1,"28":1,"29":1,"30":0,"31":0,"32":0,"33":0,"34":0,"35":1,"36":1,"37":0,"38":0,"39":0,"40":1,"41":1,"42":0,"43":0,"44":0,"45":0,"46":0,"47":0,"48":0,"49":0,"50":0,"51":0,"52":0,"53":0,"54":1},"f":{"0":1,"1":1,"2":0,"3":0},"b":{"0":[0,1],"1":[0,1],"2":[1,0],"3":[0,0]}}
,"/Users/mailbitsales/Desktop/Java-Script+React/MyBabyCare/src/controllers/babyController.ts": {"path":"/Users/mailbitsales/Desktop/Java-Script+React/MyBabyCare/src/controllers/babyController.ts","statementMap":{"0":{"start":{"line":2,"column":0},"end":{"line":2,"column":43}},"1":{"start":{"line":3,"column":0},"end":{"line":3,"column":61}},"2":{"start":{"line":10,"column":73},"end":{"line":35,"column":1}},"3":{"start":{"line":14,"column":2},"end":{"line":34,"column":3}},"4":{"start":{"line":15,"column":47},"end":{"line":15,"column":55}},"5":{"start":{"line":16,"column":18},"end":{"line":16,"column":72}},"6":{"start":{"line":18,"column":17},"end":{"line":25,"column":6}},"7":{"start":{"line":27,"column":4},"end":{"line":30,"column":7}},"8":{"start":{"line":32,"column":4},"end":{"line":32,"column":48}},"9":{"start":{"line":33,"column":4},"end":{"line":33,"column":50}},"10":{"start":{"line":10,"column":13},"end":{"line":10,"column":73}},"11":{"start":{"line":37,"column":41},"end":{"line":48,"column":1}},"12":{"start":{"line":38,"column":2},"end":{"line":47,"column":3}},"13":{"start":{"line":39,"column":19},"end":{"line":42,"column":30}},"14":{"start":{"line":43,"column":4},"end":{"line":43,"column":37}},"15":{"start":{"line":45,"column":4},"end":{"line":45,"column":49}},"16":{"start":{"line":46,"column":4},"end":{"line":46,"column":50}},"17":{"start":{"line":37,"column":13},"end":{"line":37,"column":41}},"18":{"start":{"line":50,"column":45},"end":{"line":52,"column":1}},"19":{"start":{"line":51,"column":2},"end":{"line":51,"column":31}},"20":{"start":{"line":50,"column":13},"end":{"line":50,"column":45}},"21":{"start":{"line":58,"column":4},"end":{"line":83,"column":1}},"22":{"start":{"line":59,"column":2},"end":{"line":82,"column":3}},"23":{"start":{"line":60,"column":23},"end":{"line":60,"column":33}},"24":{"start":{"line":61,"column":47},"end":{"line":61,"column":55}},"25":{"start":{"line":62,"column":25},"end":{"line":62,"column":59}},"26":{"start":{"line":63,"column":19},"end":{"line":63,"column":31}},"27":{"start":{"line":65,"column":4},"end":{"line":65,"column":61}},"28":{"start":{"line":65,"column":54},"end":{"line":65,"column":61}},"29":{"start":{"line":67,"column":38},"end":{"line":70,"column":null}},"30":{"start":{"line":73,"column":4},"end":{"line":76,"column":5}},"31":{"start":{"line":74,"column":6},"end":{"line":74,"column":73}},"32":{"start":{"line":75,"column":6},"end":{"line":75,"column":13}},"33":{"start":{"line":78,"column":4},"end":{"line":78,"column":80}},"34":{"start":{"line":80,"column":4},"end":{"line":80,"column":48}},"35":{"start":{"line":81,"column":4},"end":{"line":81,"column":50}},"36":{"start":{"line":54,"column":13},"end":{"line":54,"column":null}},"37":{"start":{"line":85,"column":26},"end":{"line":93,"column":1}},"38":{"start":{"line":86,"column":21},"end":{"line":86,"column":31}},"39":{"start":{"line":87,"column":2},"end":{"line":92,"column":3}},"40":{"start":{"line":88,"column":4},"end":{"line":88,"column":42}},"41":{"start":{"line":89,"column":4},"end":{"line":89,"column":59}},"42":{"start":{"line":91,"column":4},"end":{"line":91,"column":50}},"43":{"start":{"line":85,"column":13},"end":{"line":85,"column":26}}},"fnMap":{"0":{"name":"(anonymous_0)","decl":{"start":{"line":10,"column":73},"end":{"line":10,"column":78}},"loc":{"start":{"line":13,"column":4},"end":{"line":35,"column":1}}},"1":{"name":"(anonymous_1)","decl":{"start":{"line":37,"column":41},"end":{"line":37,"column":46}},"loc":{"start":{"line":37,"column":60},"end":{"line":48,"column":1}}},"2":{"name":"(anonymous_2)","decl":{"start":{"line":50,"column":45},"end":{"line":50,"column":46}},"loc":{"start":{"line":50,"column":64},"end":{"line":52,"column":1}}},"3":{"name":"(anonymous_3)","decl":{"start":{"line":58,"column":4},"end":{"line":58,"column":9}},"loc":{"start":{"line":58,"column":23},"end":{"line":83,"column":1}}},"4":{"name":"(anonymous_4)","decl":{"start":{"line":85,"column":26},"end":{"line":85,"column":31}},"loc":{"start":{"line":85,"column":64},"end":{"line":93,"column":1}}}},"branchMap":{"0":{"loc":{"start":{"line":16,"column":18},"end":{"line":16,"column":72}},"type":"cond-expr","locations":[{"start":{"line":16,"column":29},"end":{"line":16,"column":60}},{"start":{"line":16,"column":63},"end":{"line":16,"column":72}}]},"1":{"loc":{"start":{"line":65,"column":4},"end":{"line":65,"column":61}},"type":"if","locations":[{"start":{"line":65,"column":4},"end":{"line":65,"column":61}},{"start":{},"end":{}}]},"2":{"loc":{"start":{"line":73,"column":4},"end":{"line":76,"column":5}},"type":"if","locations":[{"start":{"line":73,"column":4},"end":{"line":76,"column":5}},{"start":{},"end":{}}]}},"s":{"0":1,"1":1,"2":1,"3":2,"4":2,"5":2,"6":2,"7":2,"8":0,"9":0,"10":1,"11":1,"12":1,"13":1,"14":1,"15":0,"16":0,"17":1,"18":1,"19":1,"20":1,"21":1,"22":1,"23":1,"24":1,"25":1,"26":1,"27":1,"28":0,"29":1,"30":1,"31":0,"32":0,"33":1,"34":0,"35":0,"36":1,"37":1,"38":1,"39":1,"40":1,"41":1,"42":0,"43":1},"f":{"0":2,"1":1,"2":1,"3":1,"4":1},"b":{"0":[1,1],"1":[0,1],"2":[0,1]}}
,"/Users/mailbitsales/Desktop/Java-Script+React/MyBabyCare/src/controllers/dailySummaryController.ts": {"path":"/Users/mailbitsales/Desktop/Java-Script+React/MyBabyCare/src/controllers/dailySummaryController.ts","statementMap":{"0":{"start":{"line":2,"column":0},"end":{"line":2,"column":32}},"1":{"start":{"line":3,"column":0},"end":{"line":3,"column":49}},"2":{"start":{"line":4,"column":0},"end":{"line":4,"column":47}},"3":{"start":{"line":5,"column":0},"end":{"line":5,"column":48}},"4":{"start":{"line":6,"column":0},"end":{"line":6,"column":53}},"5":{"start":{"line":15,"column":31},"end":{"line":78,"column":1}},"6":{"start":{"line":16,"column":2},"end":{"line":77,"column":3}},"7":{"start":{"line":17,"column":23},"end":{"line":17,"column":33}},"8":{"start":{"line":18,"column":21},"end":{"line":18,"column":30}},"9":{"start":{"line":20,"column":4},"end":{"line":23,"column":5}},"10":{"start":{"line":21,"column":6},"end":{"line":21,"column":65}},"11":{"start":{"line":22,"column":6},"end":{"line":22,"column":13}},"12":{"start":{"line":25,"column":27},"end":{"line":25,"column":55}},"13":{"start":{"line":27,"column":25},"end":{"line":27,"column":60}},"14":{"start":{"line":29,"column":53},"end":{"line":54,"column":6}},"15":{"start":{"line":56,"column":4},"end":{"line":73,"column":7}},"16":{"start":{"line":75,"column":4},"end":{"line":75,"column":52}},"17":{"start":{"line":76,"column":4},"end":{"line":76,"column":50}},"18":{"start":{"line":15,"column":13},"end":{"line":15,"column":31}}},"fnMap":{"0":{"name":"(anonymous_1)","decl":{"start":{"line":15,"column":31},"end":{"line":15,"column":36}},"loc":{"start":{"line":15,"column":69},"end":{"line":78,"column":1}}}},"branchMap":{"0":{"loc":{"start":{"line":20,"column":4},"end":{"line":23,"column":5}},"type":"if","locations":[{"start":{"line":20,"column":4},"end":{"line":23,"column":5}},{"start":{},"end":{}}]},"1":{"loc":{"start":{"line":20,"column":8},"end":{"line":20,"column":24}},"type":"binary-expr","locations":[{"start":{"line":20,"column":8},"end":{"line":20,"column":15}},{"start":{"line":20,"column":19},"end":{"line":20,"column":24}}]}},"s":{"0":1,"1":1,"2":1,"3":1,"4":1,"5":1,"6":0,"7":0,"8":0,"9":0,"10":0,"11":0,"12":0,"13":0,"14":0,"15":0,"16":0,"17":0,"18":1},"f":{"0":0},"b":{"0":[0,0],"1":[0,0]}}
,"/Users/mailbitsales/Desktop/Java-Script+React/MyBabyCare/src/controllers/diaperController.ts": {"path":"/Users/mailbitsales/Desktop/Java-Script+React/MyBabyCare/src/controllers/diaperController.ts","statementMap":{"0":{"start":{"line":2,"column":0},"end":{"line":2,"column":61}},"1":{"start":{"line":9,"column":0},"end":{"line":9,"column":47}},"2":{"start":{"line":10,"column":0},"end":{"line":10,"column":null}},"3":{"start":{"line":23,"column":25},"end":{"line":71,"column":1}},"4":{"start":{"line":27,"column":2},"end":{"line":70,"column":3}},"5":{"start":{"line":28,"column":23},"end":{"line":28,"column":33}},"6":{"start":{"line":30,"column":63},"end":{"line":30,"column":72}},"7":{"start":{"line":32,"column":23},"end":{"line":32,"column":33}},"8":{"start":{"line":34,"column":4},"end":{"line":38,"column":5}},"9":{"start":{"line":35,"column":6},"end":{"line":35,"column":22}},"10":{"start":{"line":36,"column":6},"end":{"line":36,"column":69}},"11":{"start":{"line":36,"column":21},"end":{"line":36,"column":69}},"12":{"start":{"line":37,"column":6},"end":{"line":37,"column":65}},"13":{"start":{"line":37,"column":19},"end":{"line":37,"column":65}},"14":{"start":{"line":40,"column":4},"end":{"line":42,"column":5}},"15":{"start":{"line":41,"column":6},"end":{"line":41,"column":24}},"16":{"start":{"line":44,"column":30},"end":{"line":49,"column":13}},"17":{"start":{"line":51,"column":18},"end":{"line":51,"column":52}},"18":{"start":{"line":53,"column":4},"end":{"line":56,"column":5}},"19":{"start":{"line":54,"column":6},"end":{"line":54,"column":70}},"20":{"start":{"line":55,"column":6},"end":{"line":55,"column":13}},"21":{"start":{"line":58,"column":4},"end":{"line":66,"column":7}},"22":{"start":{"line":68,"column":4},"end":{"line":68,"column":23}},"23":{"start":{"line":69,"column":4},"end":{"line":69,"column":50}},"24":{"start":{"line":23,"column":13},"end":{"line":23,"column":25}},"25":{"start":{"line":73,"column":28},"end":{"line":101,"column":1}},"26":{"start":{"line":77,"column":2},"end":{"line":100,"column":3}},"27":{"start":{"line":78,"column":23},"end":{"line":78,"column":33}},"28":{"start":{"line":80,"column":4},"end":{"line":80,"column":57}},"29":{"start":{"line":80,"column":50},"end":{"line":80,"column":57}},"30":{"start":{"line":82,"column":34},"end":{"line":82,"column":42}},"31":{"start":{"line":84,"column":23},"end":{"line":84,"column":57}},"32":{"start":{"line":86,"column":31},"end":{"line":91,"column":6}},"33":{"start":{"line":93,"column":4},"end":{"line":96,"column":7}},"34":{"start":{"line":98,"column":4},"end":{"line":98,"column":23}},"35":{"start":{"line":99,"column":4},"end":{"line":99,"column":50}},"36":{"start":{"line":73,"column":13},"end":{"line":73,"column":28}},"37":{"start":{"line":103,"column":26},"end":{"line":143,"column":1}},"38":{"start":{"line":107,"column":2},"end":{"line":142,"column":3}},"39":{"start":{"line":108,"column":25},"end":{"line":108,"column":35}},"40":{"start":{"line":110,"column":4},"end":{"line":110,"column":55}},"41":{"start":{"line":110,"column":48},"end":{"line":110,"column":55}},"42":{"start":{"line":111,"column":4},"end":{"line":111,"column":65}},"43":{"start":{"line":111,"column":58},"end":{"line":111,"column":65}},"44":{"start":{"line":113,"column":34},"end":{"line":113,"column":42}},"45":{"start":{"line":119,"column":9},"end":{"line":119,"column":11}},"46":{"start":{"line":121,"column":4},"end":{"line":121,"column":49}},"47":{"start":{"line":121,"column":14},"end":{"line":121,"column":49}},"48":{"start":{"line":122,"column":4},"end":{"line":122,"column":53}},"49":{"start":{"line":122,"column":28},"end":{"line":122,"column":53}},"50":{"start":{"line":123,"column":4},"end":{"line":123,"column":56}},"51":{"start":{"line":123,"column":29},"end":{"line":123,"column":56}},"52":{"start":{"line":125,"column":26},"end":{"line":128,"column":null}},"53":{"start":{"line":131,"column":4},"end":{"line":134,"column":5}},"54":{"start":{"line":132,"column":6},"end":{"line":132,"column":64}},"55":{"start":{"line":133,"column":6},"end":{"line":133,"column":13}},"56":{"start":{"line":136,"column":4},"end":{"line":138,"column":79}},"57":{"start":{"line":140,"column":4},"end":{"line":140,"column":56}},"58":{"start":{"line":141,"column":4},"end":{"line":141,"column":50}},"59":{"start":{"line":103,"column":13},"end":{"line":103,"column":26}},"60":{"start":{"line":145,"column":28},"end":{"line":166,"column":1}},"61":{"start":{"line":149,"column":2},"end":{"line":165,"column":3}},"62":{"start":{"line":150,"column":25},"end":{"line":150,"column":35}},"63":{"start":{"line":152,"column":4},"end":{"line":152,"column":65}},"64":{"start":{"line":152,"column":58},"end":{"line":152,"column":65}},"65":{"start":{"line":154,"column":19},"end":{"line":154,"column":60}},"66":{"start":{"line":156,"column":4},"end":{"line":159,"column":5}},"67":{"start":{"line":157,"column":6},"end":{"line":157,"column":28}},"68":{"start":{"line":158,"column":6},"end":{"line":158,"column":13}},"69":{"start":{"line":161,"column":4},"end":{"line":161,"column":26}},"70":{"start":{"line":163,"column":4},"end":{"line":163,"column":56}},"71":{"start":{"line":164,"column":4},"end":{"line":164,"column":50}},"72":{"start":{"line":145,"column":13},"end":{"line":145,"column":28}}},"fnMap":{"0":{"name":"(anonymous_0)","decl":{"start":{"line":23,"column":25},"end":{"line":23,"column":30}},"loc":{"start":{"line":26,"column":4},"end":{"line":71,"column":1}}},"1":{"name":"(anonymous_1)","decl":{"start":{"line":73,"column":28},"end":{"line":73,"column":33}},"loc":{"start":{"line":76,"column":4},"end":{"line":101,"column":1}}},"2":{"name":"(anonymous_2)","decl":{"start":{"line":103,"column":26},"end":{"line":103,"column":31}},"loc":{"start":{"line":106,"column":4},"end":{"line":143,"column":1}}},"3":{"name":"(anonymous_3)","decl":{"start":{"line":145,"column":28},"end":{"line":145,"column":33}},"loc":{"start":{"line":148,"column":4},"end":{"line":166,"column":1}}}},"branchMap":{"0":{"loc":{"start":{"line":30,"column":12},"end":{"line":30,"column":22}},"type":"default-arg","locations":[{"start":{"line":30,"column":20},"end":{"line":30,"column":22}}]},"1":{"loc":{"start":{"line":30,"column":24},"end":{"line":30,"column":32}},"type":"default-arg","locations":[{"start":{"line":30,"column":31},"end":{"line":30,"column":32}}]},"2":{"loc":{"start":{"line":34,"column":4},"end":{"line":38,"column":5}},"type":"if","locations":[{"start":{"line":34,"column":4},"end":{"line":38,"column":5}},{"start":{},"end":{}}]},"3":{"loc":{"start":{"line":34,"column":8},"end":{"line":34,"column":28}},"type":"binary-expr","locations":[{"start":{"line":34,"column":8},"end":{"line":34,"column":17}},{"start":{"line":34,"column":21},"end":{"line":34,"column":28}}]},"4":{"loc":{"start":{"line":36,"column":6},"end":{"line":36,"column":69}},"type":"if","locations":[{"start":{"line":36,"column":6},"end":{"line":36,"column":69}},{"start":{},"end":{}}]},"5":{"loc":{"start":{"line":37,"column":6},"end":{"line":37,"column":65}},"type":"if","locations":[{"start":{"line":37,"column":6},"end":{"line":37,"column":65}},{"start":{},"end":{}}]},"6":{"loc":{"start":{"line":40,"column":4},"end":{"line":42,"column":5}},"type":"if","locations":[{"start":{"line":40,"column":4},"end":{"line":42,"column":5}},{"start":{},"end":{}}]},"7":{"loc":{"start":{"line":40,"column":8},"end":{"line":40,"column":30}},"type":"binary-expr","locations":[{"start":{"line":40,"column":8},"end":{"line":40,"column":12}},{"start":{"line":40,"column":16},"end":{"line":40,"column":30}}]},"8":{"loc":{"start":{"line":53,"column":4},"end":{"line":56,"column":5}},"type":"if","locations":[{"start":{"line":53,"column":4},"end":{"line":56,"column":5}},{"start":{},"end":{}}]},"9":{"loc":{"start":{"line":53,"column":8},"end":{"line":53,"column":38}},"type":"binary-expr","locations":[{"start":{"line":53,"column":8},"end":{"line":53,"column":15}},{"start":{"line":53,"column":19},"end":{"line":53,"column":38}}]},"10":{"loc":{"start":{"line":80,"column":4},"end":{"line":80,"column":57}},"type":"if","locations":[{"start":{"line":80,"column":4},"end":{"line":80,"column":57}},{"start":{},"end":{}}]},"11":{"loc":{"start":{"line":84,"column":23},"end":{"line":84,"column":57}},"type":"cond-expr","locations":[{"start":{"line":84,"column":30},"end":{"line":84,"column":44}},{"start":{"line":84,"column":47},"end":{"line":84,"column":57}}]},"12":{"loc":{"start":{"line":110,"column":4},"end":{"line":110,"column":55}},"type":"if","locations":[{"start":{"line":110,"column":4},"end":{"line":110,"column":55}},{"start":{},"end":{}}]},"13":{"loc":{"start":{"line":111,"column":4},"end":{"line":111,"column":65}},"type":"if","locations":[{"start":{"line":111,"column":4},"end":{"line":111,"column":65}},{"start":{},"end":{}}]},"14":{"loc":{"start":{"line":121,"column":4},"end":{"line":121,"column":49}},"type":"if","locations":[{"start":{"line":121,"column":4},"end":{"line":121,"column":49}},{"start":{},"end":{}}]},"15":{"loc":{"start":{"line":122,"column":4},"end":{"line":122,"column":53}},"type":"if","locations":[{"start":{"line":122,"column":4},"end":{"line":122,"column":53}},{"start":{},"end":{}}]},"16":{"loc":{"start":{"line":123,"column":4},"end":{"line":123,"column":56}},"type":"if","locations":[{"start":{"line":123,"column":4},"end":{"line":123,"column":56}},{"start":{},"end":{}}]},"17":{"loc":{"start":{"line":131,"column":4},"end":{"line":134,"column":5}},"type":"if","locations":[{"start":{"line":131,"column":4},"end":{"line":134,"column":5}},{"start":{},"end":{}}]},"18":{"loc":{"start":{"line":152,"column":4},"end":{"line":152,"column":65}},"type":"if","locations":[{"start":{"line":152,"column":4},"end":{"line":152,"column":65}},{"start":{},"end":{}}]},"19":{"loc":{"start":{"line":156,"column":4},"end":{"line":159,"column":5}},"type":"if","locations":[{"start":{"line":156,"column":4},"end":{"line":159,"column":5}},{"start":{},"end":{}}]}},"s":{"0":1,"1":1,"2":1,"3":1,"4":0,"5":0,"6":0,"7":0,"8":0,"9":0,"10":0,"11":0,"12":0,"13":0,"14":0,"15":0,"16":0,"17":0,"18":0,"19":0,"20":0,"21":0,"22":0,"23":0,"24":1,"25":1,"26":0,"27":0,"28":0,"29":0,"30":0,"31":0,"32":0,"33":0,"34":0,"35":0,"36":1,"37":1,"38":0,"39":0,"40":0,"41":0,"42":0,"43":0,"44":0,"45":0,"46":0,"47":0,"48":0,"49":0,"50":0,"51":0,"52":0,"53":0,"54":0,"55":0,"56":0,"57":0,"58":0,"59":1,"60":1,"61":0,"62":0,"63":0,"64":0,"65":0,"66":0,"67":0,"68":0,"69":0,"70":0,"71":0,"72":1},"f":{"0":0,"1":0,"2":0,"3":0},"b":{"0":[0],"1":[0],"2":[0,0],"3":[0,0],"4":[0,0],"5":[0,0],"6":[0,0],"7":[0,0],"8":[0,0],"9":[0,0],"10":[0,0],"11":[0,0],"12":[0,0],"13":[0,0],"14":[0,0],"15":[0,0],"16":[0,0],"17":[0,0],"18":[0,0],"19":[0,0]}}
,"/Users/mailbitsales/Desktop/Java-Script+React/MyBabyCare/src/controllers/feedingsController.ts": {"path":"/Users/mailbitsales/Desktop/Java-Script+React/MyBabyCare/src/controllers/feedingsController.ts","statementMap":{"0":{"start":{"line":2,"column":0},"end":{"line":2,"column":61}},"1":{"start":{"line":3,"column":0},"end":{"line":3,"column":49}},"2":{"start":{"line":15,"column":43},"end":{"line":50,"column":1}},"3":{"start":{"line":16,"column":2},"end":{"line":49,"column":3}},"4":{"start":{"line":17,"column":23},"end":{"line":17,"column":33}},"5":{"start":{"line":18,"column":57},"end":{"line":18,"column":66}},"6":{"start":{"line":20,"column":23},"end":{"line":20,"column":33}},"7":{"start":{"line":22,"column":4},"end":{"line":26,"column":5}},"8":{"start":{"line":23,"column":6},"end":{"line":23,"column":22}},"9":{"start":{"line":24,"column":6},"end":{"line":24,"column":69}},"10":{"start":{"line":24,"column":21},"end":{"line":24,"column":69}},"11":{"start":{"line":25,"column":6},"end":{"line":25,"column":65}},"12":{"start":{"line":25,"column":19},"end":{"line":25,"column":65}},"13":{"start":{"line":28,"column":33},"end":{"line":33,"column":13}},"14":{"start":{"line":35,"column":18},"end":{"line":35,"column":53}},"15":{"start":{"line":37,"column":4},"end":{"line":45,"column":7}},"16":{"start":{"line":47,"column":4},"end":{"line":47,"column":23}},"17":{"start":{"line":48,"column":4},"end":{"line":48,"column":50}},"18":{"start":{"line":15,"column":13},"end":{"line":15,"column":43}},"19":{"start":{"line":56,"column":4},"end":{"line":79,"column":1}},"20":{"start":{"line":57,"column":2},"end":{"line":78,"column":3}},"21":{"start":{"line":58,"column":23},"end":{"line":58,"column":33}},"22":{"start":{"line":59,"column":42},"end":{"line":59,"column":50}},"23":{"start":{"line":61,"column":24},"end":{"line":61,"column":58}},"24":{"start":{"line":63,"column":20},"end":{"line":69,"column":6}},"25":{"start":{"line":71,"column":4},"end":{"line":74,"column":7}},"26":{"start":{"line":76,"column":4},"end":{"line":76,"column":23}},"27":{"start":{"line":77,"column":4},"end":{"line":77,"column":50}},"28":{"start":{"line":52,"column":13},"end":{"line":52,"column":null}},"29":{"start":{"line":85,"column":4},"end":{"line":111,"column":1}},"30":{"start":{"line":86,"column":2},"end":{"line":110,"column":3}},"31":{"start":{"line":87,"column":26},"end":{"line":87,"column":36}},"32":{"start":{"line":88,"column":42},"end":{"line":88,"column":50}},"33":{"start":{"line":89,"column":25},"end":{"line":89,"column":54}},"34":{"start":{"line":91,"column":4},"end":{"line":91,"column":64}},"35":{"start":{"line":91,"column":57},"end":{"line":91,"column":64}},"36":{"start":{"line":93,"column":44},"end":{"line":96,"column":null}},"37":{"start":{"line":99,"column":4},"end":{"line":102,"column":5}},"38":{"start":{"line":100,"column":6},"end":{"line":100,"column":75}},"39":{"start":{"line":101,"column":6},"end":{"line":101,"column":13}},"40":{"start":{"line":104,"column":4},"end":{"line":106,"column":73}},"41":{"start":{"line":108,"column":4},"end":{"line":108,"column":48}},"42":{"start":{"line":109,"column":4},"end":{"line":109,"column":50}},"43":{"start":{"line":81,"column":13},"end":{"line":81,"column":null}},"44":{"start":{"line":113,"column":45},"end":{"line":122,"column":1}},"45":{"start":{"line":114,"column":2},"end":{"line":121,"column":3}},"46":{"start":{"line":115,"column":26},"end":{"line":115,"column":36}},"47":{"start":{"line":116,"column":4},"end":{"line":116,"column":47}},"48":{"start":{"line":117,"column":4},"end":{"line":117,"column":48}},"49":{"start":{"line":119,"column":4},"end":{"line":119,"column":48}},"50":{"start":{"line":120,"column":4},"end":{"line":120,"column":50}},"51":{"start":{"line":113,"column":13},"end":{"line":113,"column":45}}},"fnMap":{"0":{"name":"(anonymous_0)","decl":{"start":{"line":15,"column":43},"end":{"line":15,"column":48}},"loc":{"start":{"line":15,"column":62},"end":{"line":50,"column":1}}},"1":{"name":"(anonymous_1)","decl":{"start":{"line":56,"column":4},"end":{"line":56,"column":9}},"loc":{"start":{"line":56,"column":23},"end":{"line":79,"column":1}}},"2":{"name":"(anonymous_2)","decl":{"start":{"line":85,"column":4},"end":{"line":85,"column":9}},"loc":{"start":{"line":85,"column":23},"end":{"line":111,"column":1}}},"3":{"name":"(anonymous_3)","decl":{"start":{"line":113,"column":45},"end":{"line":113,"column":50}},"loc":{"start":{"line":113,"column":64},"end":{"line":122,"column":1}}}},"branchMap":{"0":{"loc":{"start":{"line":18,"column":12},"end":{"line":18,"column":22}},"type":"default-arg","locations":[{"start":{"line":18,"column":20},"end":{"line":18,"column":22}}]},"1":{"loc":{"start":{"line":18,"column":24},"end":{"line":18,"column":32}},"type":"default-arg","locations":[{"start":{"line":18,"column":31},"end":{"line":18,"column":32}}]},"2":{"loc":{"start":{"line":22,"column":4},"end":{"line":26,"column":5}},"type":"if","locations":[{"start":{"line":22,"column":4},"end":{"line":26,"column":5}},{"start":{},"end":{}}]},"3":{"loc":{"start":{"line":22,"column":8},"end":{"line":22,"column":28}},"type":"binary-expr","locations":[{"start":{"line":22,"column":8},"end":{"line":22,"column":17}},{"start":{"line":22,"column":21},"end":{"line":22,"column":28}}]},"4":{"loc":{"start":{"line":24,"column":6},"end":{"line":24,"column":69}},"type":"if","locations":[{"start":{"line":24,"column":6},"end":{"line":24,"column":69}},{"start":{},"end":{}}]},"5":{"loc":{"start":{"line":25,"column":6},"end":{"line":25,"column":65}},"type":"if","locations":[{"start":{"line":25,"column":6},"end":{"line":25,"column":65}},{"start":{},"end":{}}]},"6":{"loc":{"start":{"line":61,"column":24},"end":{"line":61,"column":58}},"type":"cond-expr","locations":[{"start":{"line":61,"column":31},"end":{"line":61,"column":45}},{"start":{"line":61,"column":48},"end":{"line":61,"column":58}}]},"7":{"loc":{"start":{"line":91,"column":4},"end":{"line":91,"column":64}},"type":"if","locations":[{"start":{"line":91,"column":4},"end":{"line":91,"column":64}},{"start":{},"end":{}}]},"8":{"loc":{"start":{"line":99,"column":4},"end":{"line":102,"column":5}},"type":"if","locations":[{"start":{"line":99,"column":4},"end":{"line":102,"column":5}},{"start":{},"end":{}}]}},"s":{"0":1,"1":1,"2":1,"3":0,"4":0,"5":0,"6":0,"7":0,"8":0,"9":0,"10":0,"11":0,"12":0,"13":0,"14":0,"15":0,"16":0,"17":0,"18":1,"19":1,"20":0,"21":0,"22":0,"23":0,"24":0,"25":0,"26":0,"27":0,"28":1,"29":1,"30":0,"31":0,"32":0,"33":0,"34":0,"35":0,"36":0,"37":0,"38":0,"39":0,"40":0,"41":0,"42":0,"43":1,"44":1,"45":0,"46":0,"47":0,"48":0,"49":0,"50":0,"51":1},"f":{"0":0,"1":0,"2":0,"3":0},"b":{"0":[0],"1":[0],"2":[0,0],"3":[0,0],"4":[0,0],"5":[0,0],"6":[0,0],"7":[0,0],"8":[0,0]}}
,"/Users/mailbitsales/Desktop/Java-Script+React/MyBabyCare/src/controllers/sleepController.ts": {"path":"/Users/mailbitsales/Desktop/Java-Script+React/MyBabyCare/src/controllers/sleepController.ts","statementMap":{"0":{"start":{"line":2,"column":0},"end":{"line":2,"column":61}},"1":{"start":{"line":3,"column":0},"end":{"line":3,"column":48}},"2":{"start":{"line":10,"column":0},"end":{"line":10,"column":null}},"3":{"start":{"line":24,"column":58},"end":{"line":64,"column":1}},"4":{"start":{"line":25,"column":2},"end":{"line":63,"column":3}},"5":{"start":{"line":26,"column":23},"end":{"line":26,"column":33}},"6":{"start":{"line":27,"column":57},"end":{"line":27,"column":66}},"7":{"start":{"line":29,"column":23},"end":{"line":29,"column":33}},"8":{"start":{"line":31,"column":4},"end":{"line":35,"column":5}},"9":{"start":{"line":32,"column":6},"end":{"line":32,"column":27}},"10":{"start":{"line":33,"column":6},"end":{"line":33,"column":74}},"11":{"start":{"line":33,"column":21},"end":{"line":33,"column":74}},"12":{"start":{"line":34,"column":6},"end":{"line":34,"column":70}},"13":{"start":{"line":34,"column":19},"end":{"line":34,"column":70}},"14":{"start":{"line":37,"column":31},"end":{"line":42,"column":13}},"15":{"start":{"line":44,"column":18},"end":{"line":44,"column":54}},"16":{"start":{"line":46,"column":4},"end":{"line":49,"column":5}},"17":{"start":{"line":47,"column":6},"end":{"line":47,"column":62}},"18":{"start":{"line":48,"column":6},"end":{"line":48,"column":13}},"19":{"start":{"line":51,"column":4},"end":{"line":59,"column":7}},"20":{"start":{"line":61,"column":4},"end":{"line":61,"column":23}},"21":{"start":{"line":62,"column":4},"end":{"line":62,"column":50}},"22":{"start":{"line":24,"column":13},"end":{"line":24,"column":58}},"23":{"start":{"line":70,"column":4},"end":{"line":109,"column":1}},"24":{"start":{"line":71,"column":2},"end":{"line":108,"column":3}},"25":{"start":{"line":72,"column":23},"end":{"line":72,"column":33}},"26":{"start":{"line":74,"column":4},"end":{"line":74,"column":55}},"27":{"start":{"line":74,"column":48},"end":{"line":74,"column":55}},"28":{"start":{"line":76,"column":33},"end":{"line":76,"column":41}},"29":{"start":{"line":79,"column":30},"end":{"line":82,"column":13}},"30":{"start":{"line":84,"column":4},"end":{"line":89,"column":5}},"31":{"start":{"line":85,"column":6},"end":{"line":87,"column":9}},"32":{"start":{"line":88,"column":6},"end":{"line":88,"column":13}},"33":{"start":{"line":91,"column":28},"end":{"line":91,"column":72}},"34":{"start":{"line":93,"column":29},"end":{"line":97,"column":6}},"35":{"start":{"line":99,"column":4},"end":{"line":99,"column":26}},"36":{"start":{"line":101,"column":4},"end":{"line":104,"column":7}},"37":{"start":{"line":106,"column":4},"end":{"line":106,"column":23}},"38":{"start":{"line":107,"column":4},"end":{"line":107,"column":50}},"39":{"start":{"line":66,"column":13},"end":{"line":66,"column":null}},"40":{"start":{"line":115,"column":4},"end":{"line":153,"column":1}},"41":{"start":{"line":116,"column":2},"end":{"line":152,"column":3}},"42":{"start":{"line":117,"column":23},"end":{"line":117,"column":33}},"43":{"start":{"line":119,"column":4},"end":{"line":119,"column":53}},"44":{"start":{"line":119,"column":46},"end":{"line":119,"column":53}},"45":{"start":{"line":121,"column":24},"end":{"line":121,"column":32}},"46":{"start":{"line":122,"column":26},"end":{"line":122,"column":66}},"47":{"start":{"line":125,"column":37},"end":{"line":128,"column":30}},"48":{"start":{"line":130,"column":4},"end":{"line":133,"column":5}},"49":{"start":{"line":131,"column":6},"end":{"line":131,"column":67}},"50":{"start":{"line":132,"column":6},"end":{"line":132,"column":13}},"51":{"start":{"line":135,"column":4},"end":{"line":140,"column":5}},"52":{"start":{"line":136,"column":6},"end":{"line":138,"column":68}},"53":{"start":{"line":139,"column":6},"end":{"line":139,"column":13}},"54":{"start":{"line":142,"column":4},"end":{"line":142,"column":38}},"55":{"start":{"line":143,"column":4},"end":{"line":143,"column":27}},"56":{"start":{"line":145,"column":4},"end":{"line":148,"column":7}},"57":{"start":{"line":150,"column":4},"end":{"line":150,"column":23}},"58":{"start":{"line":151,"column":4},"end":{"line":151,"column":50}},"59":{"start":{"line":111,"column":13},"end":{"line":111,"column":null}},"60":{"start":{"line":155,"column":28},"end":{"line":190,"column":1}},"61":{"start":{"line":159,"column":2},"end":{"line":189,"column":3}},"62":{"start":{"line":160,"column":27},"end":{"line":160,"column":37}},"63":{"start":{"line":162,"column":4},"end":{"line":162,"column":64}},"64":{"start":{"line":162,"column":57},"end":{"line":162,"column":64}},"65":{"start":{"line":163,"column":4},"end":{"line":163,"column":54}},"66":{"start":{"line":163,"column":47},"end":{"line":163,"column":54}},"67":{"start":{"line":165,"column":42},"end":{"line":165,"column":50}},"68":{"start":{"line":171,"column":9},"end":{"line":171,"column":11}},"69":{"start":{"line":173,"column":4},"end":{"line":173,"column":64}},"70":{"start":{"line":173,"column":19},"end":{"line":173,"column":64}},"71":{"start":{"line":174,"column":4},"end":{"line":174,"column":58}},"72":{"start":{"line":174,"column":17},"end":{"line":174,"column":58}},"73":{"start":{"line":175,"column":4},"end":{"line":175,"column":56}},"74":{"start":{"line":175,"column":29},"end":{"line":175,"column":56}},"75":{"start":{"line":177,"column":28},"end":{"line":180,"column":null}},"76":{"start":{"line":183,"column":4},"end":{"line":185,"column":74}},"77":{"start":{"line":187,"column":4},"end":{"line":187,"column":47}},"78":{"start":{"line":188,"column":4},"end":{"line":188,"column":50}},"79":{"start":{"line":155,"column":13},"end":{"line":155,"column":28}},"80":{"start":{"line":192,"column":30},"end":{"line":213,"column":1}},"81":{"start":{"line":196,"column":2},"end":{"line":212,"column":3}},"82":{"start":{"line":197,"column":27},"end":{"line":197,"column":37}},"83":{"start":{"line":199,"column":4},"end":{"line":199,"column":64}},"84":{"start":{"line":199,"column":57},"end":{"line":199,"column":64}},"85":{"start":{"line":201,"column":28},"end":{"line":201,"column":72}},"86":{"start":{"line":203,"column":4},"end":{"line":206,"column":5}},"87":{"start":{"line":204,"column":6},"end":{"line":204,"column":55}},"88":{"start":{"line":205,"column":6},"end":{"line":205,"column":13}},"89":{"start":{"line":208,"column":4},"end":{"line":208,"column":48}},"90":{"start":{"line":210,"column":4},"end":{"line":210,"column":48}},"91":{"start":{"line":211,"column":4},"end":{"line":211,"column":50}},"92":{"start":{"line":192,"column":13},"end":{"line":192,"column":30}}},"fnMap":{"0":{"name":"(anonymous_0)","decl":{"start":{"line":24,"column":58},"end":{"line":24,"column":63}},"loc":{"start":{"line":24,"column":77},"end":{"line":64,"column":1}}},"1":{"name":"(anonymous_1)","decl":{"start":{"line":70,"column":4},"end":{"line":70,"column":9}},"loc":{"start":{"line":70,"column":23},"end":{"line":109,"column":1}}},"2":{"name":"(anonymous_2)","decl":{"start":{"line":115,"column":4},"end":{"line":115,"column":9}},"loc":{"start":{"line":115,"column":23},"end":{"line":153,"column":1}}},"3":{"name":"(anonymous_3)","decl":{"start":{"line":155,"column":28},"end":{"line":155,"column":33}},"loc":{"start":{"line":158,"column":4},"end":{"line":190,"column":1}}},"4":{"name":"(anonymous_4)","decl":{"start":{"line":192,"column":30},"end":{"line":192,"column":35}},"loc":{"start":{"line":195,"column":4},"end":{"line":213,"column":1}}}},"branchMap":{"0":{"loc":{"start":{"line":27,"column":12},"end":{"line":27,"column":22}},"type":"default-arg","locations":[{"start":{"line":27,"column":20},"end":{"line":27,"column":22}}]},"1":{"loc":{"start":{"line":27,"column":24},"end":{"line":27,"column":32}},"type":"default-arg","locations":[{"start":{"line":27,"column":31},"end":{"line":27,"column":32}}]},"2":{"loc":{"start":{"line":31,"column":4},"end":{"line":35,"column":5}},"type":"if","locations":[{"start":{"line":31,"column":4},"end":{"line":35,"column":5}},{"start":{},"end":{}}]},"3":{"loc":{"start":{"line":31,"column":8},"end":{"line":31,"column":28}},"type":"binary-expr","locations":[{"start":{"line":31,"column":8},"end":{"line":31,"column":17}},{"start":{"line":31,"column":21},"end":{"line":31,"column":28}}]},"4":{"loc":{"start":{"line":33,"column":6},"end":{"line":33,"column":74}},"type":"if","locations":[{"start":{"line":33,"column":6},"end":{"line":33,"column":74}},{"start":{},"end":{}}]},"5":{"loc":{"start":{"line":34,"column":6},"end":{"line":34,"column":70}},"type":"if","locations":[{"start":{"line":34,"column":6},"end":{"line":34,"column":70}},{"start":{},"end":{}}]},"6":{"loc":{"start":{"line":46,"column":4},"end":{"line":49,"column":5}},"type":"if","locations":[{"start":{"line":46,"column":4},"end":{"line":49,"column":5}},{"start":{},"end":{}}]},"7":{"loc":{"start":{"line":46,"column":8},"end":{"line":46,"column":42}},"type":"binary-expr","locations":[{"start":{"line":46,"column":8},"end":{"line":46,"column":17}},{"start":{"line":46,"column":21},"end":{"line":46,"column":42}}]},"8":{"loc":{"start":{"line":74,"column":4},"end":{"line":74,"column":55}},"type":"if","locations":[{"start":{"line":74,"column":4},"end":{"line":74,"column":55}},{"start":{},"end":{}}]},"9":{"loc":{"start":{"line":84,"column":4},"end":{"line":89,"column":5}},"type":"if","locations":[{"start":{"line":84,"column":4},"end":{"line":89,"column":5}},{"start":{},"end":{}}]},"10":{"loc":{"start":{"line":91,"column":28},"end":{"line":91,"column":72}},"type":"cond-expr","locations":[{"start":{"line":91,"column":40},"end":{"line":91,"column":59}},{"start":{"line":91,"column":62},"end":{"line":91,"column":72}}]},"11":{"loc":{"start":{"line":119,"column":4},"end":{"line":119,"column":53}},"type":"if","locations":[{"start":{"line":119,"column":4},"end":{"line":119,"column":53}},{"start":{},"end":{}}]},"12":{"loc":{"start":{"line":122,"column":26},"end":{"line":122,"column":66}},"type":"cond-expr","locations":[{"start":{"line":122,"column":36},"end":{"line":122,"column":53}},{"start":{"line":122,"column":56},"end":{"line":122,"column":66}}]},"13":{"loc":{"start":{"line":130,"column":4},"end":{"line":133,"column":5}},"type":"if","locations":[{"start":{"line":130,"column":4},"end":{"line":133,"column":5}},{"start":{},"end":{}}]},"14":{"loc":{"start":{"line":135,"column":4},"end":{"line":140,"column":5}},"type":"if","locations":[{"start":{"line":135,"column":4},"end":{"line":140,"column":5}},{"start":{},"end":{}}]},"15":{"loc":{"start":{"line":162,"column":4},"end":{"line":162,"column":64}},"type":"if","locations":[{"start":{"line":162,"column":4},"end":{"line":162,"column":64}},{"start":{},"end":{}}]},"16":{"loc":{"start":{"line":163,"column":4},"end":{"line":163,"column":54}},"type":"if","locations":[{"start":{"line":163,"column":4},"end":{"line":163,"column":54}},{"start":{},"end":{}}]},"17":{"loc":{"start":{"line":173,"column":4},"end":{"line":173,"column":64}},"type":"if","locations":[{"start":{"line":173,"column":4},"end":{"line":173,"column":64}},{"start":{},"end":{}}]},"18":{"loc":{"start":{"line":174,"column":4},"end":{"line":174,"column":58}},"type":"if","locations":[{"start":{"line":174,"column":4},"end":{"line":174,"column":58}},{"start":{},"end":{}}]},"19":{"loc":{"start":{"line":175,"column":4},"end":{"line":175,"column":56}},"type":"if","locations":[{"start":{"line":175,"column":4},"end":{"line":175,"column":56}},{"start":{},"end":{}}]},"20":{"loc":{"start":{"line":199,"column":4},"end":{"line":199,"column":64}},"type":"if","locations":[{"start":{"line":199,"column":4},"end":{"line":199,"column":64}},{"start":{},"end":{}}]},"21":{"loc":{"start":{"line":203,"column":4},"end":{"line":206,"column":5}},"type":"if","locations":[{"start":{"line":203,"column":4},"end":{"line":206,"column":5}},{"start":{},"end":{}}]}},"s":{"0":1,"1":1,"2":1,"3":1,"4":0,"5":0,"6":0,"7":0,"8":0,"9":0,"10":0,"11":0,"12":0,"13":0,"14":0,"15":0,"16":0,"17":0,"18":0,"19":0,"20":0,"21":0,"22":1,"23":1,"24":0,"25":0,"26":0,"27":0,"28":0,"29":0,"30":0,"31":0,"32":0,"33":0,"34":0,"35":0,"36":0,"37":0,"38":0,"39":1,"40":1,"41":0,"42":0,"43":0,"44":0,"45":0,"46":0,"47":0,"48":0,"49":0,"50":0,"51":0,"52":0,"53":0,"54":0,"55":0,"56":0,"57":0,"58":0,"59":1,"60":1,"61":0,"62":0,"63":0,"64":0,"65":0,"66":0,"67":0,"68":0,"69":0,"70":0,"71":0,"72":0,"73":0,"74":0,"75":0,"76":0,"77":0,"78":0,"79":1,"80":1,"81":0,"82":0,"83":0,"84":0,"85":0,"86":0,"87":0,"88":0,"89":0,"90":0,"91":0,"92":1},"f":{"0":0,"1":0,"2":0,"3":0,"4":0},"b":{"0":[0],"1":[0],"2":[0,0],"3":[0,0],"4":[0,0],"5":[0,0],"6":[0,0],"7":[0,0],"8":[0,0],"9":[0,0],"10":[0,0],"11":[0,0],"12":[0,0],"13":[0,0],"14":[0,0],"15":[0,0],"16":[0,0],"17":[0,0],"18":[0,0],"19":[0,0],"20":[0,0],"21":[0,0]}}
,"/Users/mailbitsales/Desktop/Java-Script+React/MyBabyCare/src/middlewares/auth.ts": {"path":"/Users/mailbitsales/Desktop/Java-Script+React/MyBabyCare/src/middlewares/auth.ts","statementMap":{"0":{"start":{"line":2,"column":0},"end":{"line":2,"column":31}},"1":{"start":{"line":11,"column":27},"end":{"line":33,"column":1}},"2":{"start":{"line":16,"column":16},"end":{"line":16,"column":39}},"3":{"start":{"line":18,"column":2},"end":{"line":21,"column":3}},"4":{"start":{"line":19,"column":4},"end":{"line":19,"column":43}},"5":{"start":{"line":20,"column":4},"end":{"line":20,"column":11}},"6":{"start":{"line":23,"column":2},"end":{"line":32,"column":3}},"7":{"start":{"line":24,"column":19},"end":{"line":24,"column":51}},"8":{"start":{"line":25,"column":17},"end":{"line":25,"column":53}},"9":{"start":{"line":26,"column":4},"end":{"line":26,"column":20}},"10":{"start":{"line":27,"column":4},"end":{"line":27,"column":11}},"11":{"start":{"line":29,"column":4},"end":{"line":29,"column":51}},"12":{"start":{"line":30,"column":4},"end":{"line":30,"column":24}},"13":{"start":{"line":31,"column":4},"end":{"line":31,"column":11}},"14":{"start":{"line":11,"column":13},"end":{"line":11,"column":27}}},"fnMap":{"0":{"name":"(anonymous_1)","decl":{"start":{"line":11,"column":27},"end":{"line":11,"column":null}},"loc":{"start":{"line":15,"column":10},"end":{"line":33,"column":1}}}},"branchMap":{"0":{"loc":{"start":{"line":18,"column":2},"end":{"line":21,"column":3}},"type":"if","locations":[{"start":{"line":18,"column":2},"end":{"line":21,"column":3}},{"start":{},"end":{}}]}},"s":{"0":1,"1":1,"2":7,"3":7,"4":0,"5":0,"6":7,"7":7,"8":7,"9":7,"10":7,"11":0,"12":0,"13":0,"14":1},"f":{"0":7},"b":{"0":[0,7]}}
,"/Users/mailbitsales/Desktop/Java-Script+React/MyBabyCare/src/middlewares/uploadImageMiddleware.ts": {"path":"/Users/mailbitsales/Desktop/Java-Script+React/MyBabyCare/src/middlewares/uploadImageMiddleware.ts","statementMap":{"0":{"start":{"line":1,"column":0},"end":{"line":1,"column":28}},"1":{"start":{"line":2,"column":0},"end":{"line":2,"column":24}},"2":{"start":{"line":5,"column":16},"end":{"line":14,"column":2}},"3":{"start":{"line":7,"column":4},"end":{"line":7,"column":68}},"4":{"start":{"line":10,"column":25},"end":{"line":10,"column":75}},"5":{"start":{"line":11,"column":16},"end":{"line":11,"column":47}},"6":{"start":{"line":12,"column":4},"end":{"line":12,"column":43}},"7":{"start":{"line":16,"column":15},"end":{"line":16,"column":34}},"8":{"start":{"line":18,"column":0},"end":{"line":18,"column":22}}},"fnMap":{"0":{"name":"(anonymous_1)","decl":{"start":{"line":6,"column":15},"end":{"line":6,"column":25}},"loc":{"start":{"line":6,"column":38},"end":{"line":8,"column":3}}},"1":{"name":"(anonymous_2)","decl":{"start":{"line":9,"column":12},"end":{"line":9,"column":22}},"loc":{"start":{"line":9,"column":35},"end":{"line":13,"column":3}}}},"branchMap":{},"s":{"0":1,"1":1,"2":1,"3":1,"4":1,"5":1,"6":1,"7":1,"8":1},"f":{"0":1,"1":1},"b":{}}
,"/Users/mailbitsales/Desktop/Java-Script+React/MyBabyCare/src/middlewares/verifyBabyOwnership.ts": {"path":"/Users/mailbitsales/Desktop/Java-Script+React/MyBabyCare/src/middlewares/verifyBabyOwnership.ts","statementMap":{"0":{"start":{"line":13,"column":0},"end":{"line":13,"column":7}},"1":{"start":{"line":2,"column":0},"end":{"line":2,"column":32}},"2":{"start":{"line":3,"column":0},"end":{"line":3,"column":43}},"3":{"start":{"line":18,"column":17},"end":{"line":18,"column":29}},"4":{"start":{"line":19,"column":21},"end":{"line":19,"column":31}},"5":{"start":{"line":21,"column":2},"end":{"line":24,"column":3}},"6":{"start":{"line":22,"column":4},"end":{"line":22,"column":54}},"7":{"start":{"line":23,"column":4},"end":{"line":23,"column":11}},"8":{"start":{"line":26,"column":2},"end":{"line":29,"column":3}},"9":{"start":{"line":27,"column":4},"end":{"line":27,"column":58}},"10":{"start":{"line":28,"column":4},"end":{"line":28,"column":11}},"11":{"start":{"line":31,"column":2},"end":{"line":43,"column":3}},"12":{"start":{"line":32,"column":17},"end":{"line":32,"column":60}},"13":{"start":{"line":33,"column":4},"end":{"line":36,"column":5}},"14":{"start":{"line":34,"column":6},"end":{"line":34,"column":73}},"15":{"start":{"line":35,"column":6},"end":{"line":35,"column":13}},"16":{"start":{"line":38,"column":4},"end":{"line":38,"column":20}},"17":{"start":{"line":39,"column":4},"end":{"line":39,"column":11}},"18":{"start":{"line":41,"column":4},"end":{"line":41,"column":50}},"19":{"start":{"line":42,"column":4},"end":{"line":42,"column":11}}},"fnMap":{"0":{"name":"verifyBabyOwnership","decl":{"start":{"line":13,"column":22},"end":{"line":13,"column":41}},"loc":{"start":{"line":16,"column":20},"end":{"line":44,"column":1}}}},"branchMap":{"0":{"loc":{"start":{"line":21,"column":2},"end":{"line":24,"column":3}},"type":"if","locations":[{"start":{"line":21,"column":2},"end":{"line":24,"column":3}},{"start":{},"end":{}}]},"1":{"loc":{"start":{"line":26,"column":2},"end":{"line":29,"column":3}},"type":"if","locations":[{"start":{"line":26,"column":2},"end":{"line":29,"column":3}},{"start":{},"end":{}}]},"2":{"loc":{"start":{"line":26,"column":6},"end":{"line":26,"column":57}},"type":"binary-expr","locations":[{"start":{"line":26,"column":6},"end":{"line":26,"column":13}},{"start":{"line":26,"column":17},"end":{"line":26,"column":57}}]},"3":{"loc":{"start":{"line":33,"column":4},"end":{"line":36,"column":5}},"type":"if","locations":[{"start":{"line":33,"column":4},"end":{"line":36,"column":5}},{"start":{},"end":{}}]}},"s":{"0":1,"1":1,"2":1,"3":3,"4":3,"5":3,"6":0,"7":0,"8":3,"9":0,"10":0,"11":3,"12":3,"13":3,"14":0,"15":0,"16":3,"17":3,"18":0,"19":0},"f":{"0":3},"b":{"0":[0,3],"1":[0,3],"2":[3,3],"3":[0,3]}}
,"/Users/mailbitsales/Desktop/Java-Script+React/MyBabyCare/src/middlewares/verifyDiaperOwnership.ts": {"path":"/Users/mailbitsales/Desktop/Java-Script+React/MyBabyCare/src/middlewares/verifyDiaperOwnership.ts","statementMap":{"0":{"start":{"line":2,"column":0},"end":{"line":2,"column":61}},"1":{"start":{"line":4,"column":0},"end":{"line":4,"column":47}},"2":{"start":{"line":13,"column":53},"end":{"line":38,"column":1}},"3":{"start":{"line":14,"column":23},"end":{"line":14,"column":33}},"4":{"start":{"line":16,"column":2},"end":{"line":16,"column":60}},"5":{"start":{"line":16,"column":53},"end":{"line":16,"column":60}},"6":{"start":{"line":18,"column":2},"end":{"line":37,"column":3}},"7":{"start":{"line":19,"column":19},"end":{"line":23,"column":13}},"8":{"start":{"line":25,"column":4},"end":{"line":30,"column":5}},"9":{"start":{"line":26,"column":6},"end":{"line":28,"column":9}},"10":{"start":{"line":29,"column":6},"end":{"line":29,"column":13}},"11":{"start":{"line":32,"column":4},"end":{"line":32,"column":31}},"12":{"start":{"line":33,"column":4},"end":{"line":33,"column":11}},"13":{"start":{"line":35,"column":4},"end":{"line":35,"column":56}},"14":{"start":{"line":36,"column":4},"end":{"line":36,"column":50}},"15":{"start":{"line":13,"column":13},"end":{"line":13,"column":53}}},"fnMap":{"0":{"name":"(anonymous_0)","decl":{"start":{"line":13,"column":53},"end":{"line":13,"column":58}},"loc":{"start":{"line":13,"column":78},"end":{"line":38,"column":1}}}},"branchMap":{"0":{"loc":{"start":{"line":16,"column":2},"end":{"line":16,"column":60}},"type":"if","locations":[{"start":{"line":16,"column":2},"end":{"line":16,"column":60}},{"start":{},"end":{}}]},"1":{"loc":{"start":{"line":25,"column":4},"end":{"line":30,"column":5}},"type":"if","locations":[{"start":{"line":25,"column":4},"end":{"line":30,"column":5}},{"start":{},"end":{}}]},"2":{"loc":{"start":{"line":25,"column":8},"end":{"line":25,"column":67}},"type":"binary-expr","locations":[{"start":{"line":25,"column":8},"end":{"line":25,"column":15}},{"start":{"line":25,"column":19},"end":{"line":25,"column":67}}]}},"s":{"0":1,"1":1,"2":1,"3":0,"4":0,"5":0,"6":0,"7":0,"8":0,"9":0,"10":0,"11":0,"12":0,"13":0,"14":0,"15":1},"f":{"0":0},"b":{"0":[0,0],"1":[0,0],"2":[0,0]}}
,"/Users/mailbitsales/Desktop/Java-Script+React/MyBabyCare/src/middlewares/verifyFeedingOwnership.ts": {"path":"/Users/mailbitsales/Desktop/Java-Script+React/MyBabyCare/src/middlewares/verifyFeedingOwnership.ts","statementMap":{"0":{"start":{"line":2,"column":0},"end":{"line":2,"column":49}},"1":{"start":{"line":6,"column":0},"end":{"line":6,"column":61}},"2":{"start":{"line":16,"column":38},"end":{"line":50,"column":1}},"3":{"start":{"line":21,"column":24},"end":{"line":21,"column":34}},"4":{"start":{"line":24,"column":2},"end":{"line":24,"column":61}},"5":{"start":{"line":24,"column":54},"end":{"line":24,"column":61}},"6":{"start":{"line":26,"column":2},"end":{"line":49,"column":3}},"7":{"start":{"line":28,"column":20},"end":{"line":32,"column":13}},"8":{"start":{"line":34,"column":4},"end":{"line":41,"column":5}},"9":{"start":{"line":39,"column":6},"end":{"line":39,"column":75}},"10":{"start":{"line":40,"column":6},"end":{"line":40,"column":13}},"11":{"start":{"line":44,"column":4},"end":{"line":44,"column":33}},"12":{"start":{"line":45,"column":4},"end":{"line":45,"column":11}},"13":{"start":{"line":47,"column":4},"end":{"line":47,"column":54}},"14":{"start":{"line":48,"column":4},"end":{"line":48,"column":50}},"15":{"start":{"line":16,"column":13},"end":{"line":16,"column":38}}},"fnMap":{"0":{"name":"(anonymous_0)","decl":{"start":{"line":16,"column":38},"end":{"line":16,"column":43}},"loc":{"start":{"line":20,"column":4},"end":{"line":50,"column":1}}}},"branchMap":{"0":{"loc":{"start":{"line":24,"column":2},"end":{"line":24,"column":61}},"type":"if","locations":[{"start":{"line":24,"column":2},"end":{"line":24,"column":61}},{"start":{},"end":{}}]},"1":{"loc":{"start":{"line":34,"column":4},"end":{"line":41,"column":5}},"type":"if","locations":[{"start":{"line":34,"column":4},"end":{"line":41,"column":5}},{"start":{},"end":{}}]},"2":{"loc":{"start":{"line":35,"column":6},"end":{"line":37,"column":55}},"type":"binary-expr","locations":[{"start":{"line":35,"column":6},"end":{"line":35,"column":14}},{"start":{"line":36,"column":6},"end":{"line":36,"column":21}},{"start":{"line":37,"column":6},"end":{"line":37,"column":55}}]}},"s":{"0":1,"1":1,"2":1,"3":0,"4":0,"5":0,"6":0,"7":0,"8":0,"9":0,"10":0,"11":0,"12":0,"13":0,"14":0,"15":1},"f":{"0":0},"b":{"0":[0,0],"1":[0,0],"2":[0,0,0]}}
,"/Users/mailbitsales/Desktop/Java-Script+React/MyBabyCare/src/middlewares/verifySleepingOwnership.ts": {"path":"/Users/mailbitsales/Desktop/Java-Script+React/MyBabyCare/src/middlewares/verifySleepingOwnership.ts","statementMap":{"0":{"start":{"line":2,"column":0},"end":{"line":2,"column":48}},"1":{"start":{"line":3,"column":0},"end":{"line":3,"column":61}},"2":{"start":{"line":13,"column":55},"end":{"line":37,"column":1}},"3":{"start":{"line":18,"column":25},"end":{"line":18,"column":35}},"4":{"start":{"line":20,"column":2},"end":{"line":20,"column":62}},"5":{"start":{"line":20,"column":55},"end":{"line":20,"column":62}},"6":{"start":{"line":22,"column":2},"end":{"line":36,"column":20}},"7":{"start":{"line":23,"column":21},"end":{"line":27,"column":13}},"8":{"start":{"line":29,"column":4},"end":{"line":32,"column":5}},"9":{"start":{"line":30,"column":6},"end":{"line":30,"column":75}},"10":{"start":{"line":31,"column":6},"end":{"line":31,"column":13}},"11":{"start":{"line":34,"column":4},"end":{"line":34,"column":35}},"12":{"start":{"line":35,"column":4},"end":{"line":35,"column":11}},"13":{"start":{"line":13,"column":13},"end":{"line":13,"column":55}}},"fnMap":{"0":{"name":"(anonymous_0)","decl":{"start":{"line":13,"column":55},"end":{"line":13,"column":60}},"loc":{"start":{"line":17,"column":4},"end":{"line":37,"column":1}}}},"branchMap":{"0":{"loc":{"start":{"line":20,"column":2},"end":{"line":20,"column":62}},"type":"if","locations":[{"start":{"line":20,"column":2},"end":{"line":20,"column":62}},{"start":{},"end":{}}]},"1":{"loc":{"start":{"line":29,"column":4},"end":{"line":32,"column":5}},"type":"if","locations":[{"start":{"line":29,"column":4},"end":{"line":32,"column":5}},{"start":{},"end":{}}]},"2":{"loc":{"start":{"line":29,"column":8},"end":{"line":29,"column":71}},"type":"binary-expr","locations":[{"start":{"line":29,"column":8},"end":{"line":29,"column":17}},{"start":{"line":29,"column":21},"end":{"line":29,"column":71}}]}},"s":{"0":1,"1":1,"2":1,"3":0,"4":0,"5":0,"6":0,"7":0,"8":0,"9":0,"10":0,"11":0,"12":0,"13":1},"f":{"0":0},"b":{"0":[0,0],"1":[0,0],"2":[0,0]}}
,"/Users/mailbitsales/Desktop/Java-Script+React/MyBabyCare/src/models/DiaperModel.ts": {"path":"/Users/mailbitsales/Desktop/Java-Script+React/MyBabyCare/src/models/DiaperModel.ts","statementMap":{"0":{"start":{"line":1,"column":0},"end":{"line":1,"column":32}},"1":{"start":{"line":4,"column":21},"end":{"line":23,"column":null}},"2":{"start":{"line":26,"column":0},"end":{"line":26,"column":44}},"3":{"start":{"line":28,"column":13},"end":{"line":28,"column":70}}},"fnMap":{},"branchMap":{},"s":{"0":1,"1":1,"2":1,"3":1},"f":{},"b":{}}
,"/Users/mailbitsales/Desktop/Java-Script+React/MyBabyCare/src/models/babyModel.ts": {"path":"/Users/mailbitsales/Desktop/Java-Script+React/MyBabyCare/src/models/babyModel.ts","statementMap":{"0":{"start":{"line":1,"column":0},"end":{"line":1,"column":32}},"1":{"start":{"line":4,"column":19},"end":{"line":46,"column":null}},"2":{"start":{"line":31,"column":10},"end":{"line":31,"column":37}},"3":{"start":{"line":49,"column":13},"end":{"line":49,"column":62}}},"fnMap":{"0":{"name":"(anonymous_1)","decl":{"start":{"line":30,"column":19},"end":{"line":30,"column":29}},"loc":{"start":{"line":30,"column":40},"end":{"line":32,"column":9}}}},"branchMap":{},"s":{"0":1,"1":1,"2":3,"3":1},"f":{"0":3},"b":{}}
,"/Users/mailbitsales/Desktop/Java-Script+React/MyBabyCare/src/models/feedingModel.ts": {"path":"/Users/mailbitsales/Desktop/Java-Script+React/MyBabyCare/src/models/feedingModel.ts","statementMap":{"0":{"start":{"line":1,"column":0},"end":{"line":1,"column":32}},"1":{"start":{"line":4,"column":19},"end":{"line":31,"column":null}},"2":{"start":{"line":34,"column":0},"end":{"line":34,"column":42}},"3":{"start":{"line":36,"column":13},"end":{"line":36,"column":71}}},"fnMap":{},"branchMap":{},"s":{"0":1,"1":1,"2":1,"3":1},"f":{},"b":{}}
,"/Users/mailbitsales/Desktop/Java-Script+React/MyBabyCare/src/models/sleepModel.ts": {"path":"/Users/mailbitsales/Desktop/Java-Script+React/MyBabyCare/src/models/sleepModel.ts","statementMap":{"0":{"start":{"line":1,"column":0},"end":{"line":1,"column":32}},"1":{"start":{"line":4,"column":20},"end":{"line":18,"column":null}},"2":{"start":{"line":21,"column":0},"end":{"line":21,"column":48}},"3":{"start":{"line":23,"column":13},"end":{"line":23,"column":72}}},"fnMap":{},"branchMap":{},"s":{"0":1,"1":1,"2":1,"3":1},"f":{},"b":{}}
,"/Users/mailbitsales/Desktop/Java-Script+React/MyBabyCare/src/models/userModel.ts": {"path":"/Users/mailbitsales/Desktop/Java-Script+React/MyBabyCare/src/models/userModel.ts","statementMap":{"0":{"start":{"line":1,"column":0},"end":{"line":1,"column":32}},"1":{"start":{"line":2,"column":0},"end":{"line":2,"column":30}},"2":{"start":{"line":5,"column":19},"end":{"line":27,"column":null}},"3":{"start":{"line":30,"column":0},"end":{"line":40,"column":3}},"4":{"start":{"line":31,"column":2},"end":{"line":31,"column":50}},"5":{"start":{"line":31,"column":36},"end":{"line":31,"column":50}},"6":{"start":{"line":33,"column":2},"end":{"line":39,"column":3}},"7":{"start":{"line":34,"column":23},"end":{"line":34,"column":25}},"8":{"start":{"line":35,"column":4},"end":{"line":35,"column":65}},"9":{"start":{"line":36,"column":4},"end":{"line":36,"column":11}},"10":{"start":{"line":38,"column":4},"end":{"line":38,"column":23}},"11":{"start":{"line":42,"column":0},"end":{"line":46,"column":2}},"12":{"start":{"line":45,"column":2},"end":{"line":45,"column":53}},"13":{"start":{"line":47,"column":13},"end":{"line":47,"column":62}}},"fnMap":{"0":{"name":"(anonymous_1)","decl":{"start":{"line":30,"column":23},"end":{"line":30,"column":28}},"loc":{"start":{"line":30,"column":43},"end":{"line":40,"column":1}}},"1":{"name":"(anonymous_2)","decl":{"start":{"line":42,"column":37},"end":{"line":42,"column":42}},"loc":{"start":{"line":43,"column":22},"end":{"line":46,"column":1}}}},"branchMap":{"0":{"loc":{"start":{"line":31,"column":2},"end":{"line":31,"column":50}},"type":"if","locations":[{"start":{"line":31,"column":2},"end":{"line":31,"column":50}},{"start":{},"end":{}}]}},"s":{"0":1,"1":1,"2":1,"3":1,"4":0,"5":0,"6":0,"7":0,"8":0,"9":0,"10":0,"11":1,"12":1,"13":1},"f":{"0":0,"1":1},"b":{"0":[0,0]}}
,"/Users/mailbitsales/Desktop/Java-Script+React/MyBabyCare/src/routers/authRoutes.ts": {"path":"/Users/mailbitsales/Desktop/Java-Script+React/MyBabyCare/src/routers/authRoutes.ts","statementMap":{"0":{"start":{"line":1,"column":0},"end":{"line":1,"column":30}},"1":{"start":{"line":2,"column":0},"end":{"line":2,"column":null}},"2":{"start":{"line":8,"column":0},"end":{"line":8,"column":null}},"3":{"start":{"line":13,"column":15},"end":{"line":13,"column":31}},"4":{"start":{"line":15,"column":0},"end":{"line":15,"column":50}},"5":{"start":{"line":16,"column":0},"end":{"line":16,"column":53}},"6":{"start":{"line":17,"column":0},"end":{"line":17,"column":31}},"7":{"start":{"line":18,"column":0},"end":{"line":18,"column":50}},"8":{"start":{"line":20,"column":0},"end":{"line":20,"column":22}}},"fnMap":{},"branchMap":{},"s":{"0":1,"1":1,"2":1,"3":1,"4":1,"5":1,"6":1,"7":1,"8":1},"f":{},"b":{}}
,"/Users/mailbitsales/Desktop/Java-Script+React/MyBabyCare/src/routers/babyRoutes.ts": {"path":"/Users/mailbitsales/Desktop/Java-Script+React/MyBabyCare/src/routers/babyRoutes.ts","statementMap":{"0":{"start":{"line":1,"column":0},"end":{"line":1,"column":30}},"1":{"start":{"line":2,"column":0},"end":{"line":2,"column":null}},"2":{"start":{"line":9,"column":0},"end":{"line":9,"column":50}},"3":{"start":{"line":10,"column":0},"end":{"line":10,"column":73}},"4":{"start":{"line":11,"column":0},"end":{"line":11,"column":66}},"5":{"start":{"line":12,"column":0},"end":{"line":12,"column":58}},"6":{"start":{"line":14,"column":15},"end":{"line":14,"column":31}},"7":{"start":{"line":16,"column":0},"end":{"line":16,"column":40}},"8":{"start":{"line":17,"column":0},"end":{"line":23,"column":2}},"9":{"start":{"line":25,"column":0},"end":{"line":25,"column":72}},"10":{"start":{"line":26,"column":0},"end":{"line":32,"column":2}},"11":{"start":{"line":33,"column":0},"end":{"line":33,"column":72}},"12":{"start":{"line":35,"column":0},"end":{"line":35,"column":22}}},"fnMap":{},"branchMap":{},"s":{"0":1,"1":1,"2":1,"3":1,"4":1,"5":1,"6":1,"7":1,"8":1,"9":1,"10":1,"11":1,"12":1},"f":{},"b":{}}
,"/Users/mailbitsales/Desktop/Java-Script+React/MyBabyCare/src/routers/dailySummaryRoutes.ts": {"path":"/Users/mailbitsales/Desktop/Java-Script+React/MyBabyCare/src/routers/dailySummaryRoutes.ts","statementMap":{"0":{"start":{"line":1,"column":0},"end":{"line":1,"column":30}},"1":{"start":{"line":2,"column":15},"end":{"line":2,"column":31}},"2":{"start":{"line":3,"column":0},"end":{"line":3,"column":72}},"3":{"start":{"line":4,"column":0},"end":{"line":4,"column":50}},"4":{"start":{"line":5,"column":0},"end":{"line":5,"column":73}},"5":{"start":{"line":7,"column":0},"end":{"line":7,"column":74}},"6":{"start":{"line":9,"column":0},"end":{"line":9,"column":22}}},"fnMap":{},"branchMap":{},"s":{"0":1,"1":1,"2":1,"3":1,"4":1,"5":1,"6":1},"f":{},"b":{}}
,"/Users/mailbitsales/Desktop/Java-Script+React/MyBabyCare/src/routers/diaperRoutes.ts": {"path":"/Users/mailbitsales/Desktop/Java-Script+React/MyBabyCare/src/routers/diaperRoutes.ts","statementMap":{"0":{"start":{"line":1,"column":0},"end":{"line":1,"column":30}},"1":{"start":{"line":2,"column":0},"end":{"line":2,"column":50}},"2":{"start":{"line":3,"column":0},"end":{"line":3,"column":null}},"3":{"start":{"line":9,"column":0},"end":{"line":9,"column":73}},"4":{"start":{"line":10,"column":0},"end":{"line":10,"column":77}},"5":{"start":{"line":12,"column":15},"end":{"line":12,"column":31}},"6":{"start":{"line":14,"column":0},"end":{"line":14,"column":68}},"7":{"start":{"line":15,"column":0},"end":{"line":15,"column":72}},"8":{"start":{"line":17,"column":0},"end":{"line":17,"column":73}},"9":{"start":{"line":18,"column":0},"end":{"line":18,"column":78}},"10":{"start":{"line":20,"column":0},"end":{"line":20,"column":22}}},"fnMap":{},"branchMap":{},"s":{"0":1,"1":1,"2":1,"3":1,"4":1,"5":1,"6":1,"7":1,"8":1,"9":1,"10":1},"f":{},"b":{}}
,"/Users/mailbitsales/Desktop/Java-Script+React/MyBabyCare/src/routers/feedRoutes.ts": {"path":"/Users/mailbitsales/Desktop/Java-Script+React/MyBabyCare/src/routers/feedRoutes.ts","statementMap":{"0":{"start":{"line":1,"column":0},"end":{"line":1,"column":30}},"1":{"start":{"line":2,"column":0},"end":{"line":2,"column":50}},"2":{"start":{"line":3,"column":0},"end":{"line":3,"column":null}},"3":{"start":{"line":9,"column":0},"end":{"line":9,"column":73}},"4":{"start":{"line":10,"column":0},"end":{"line":10,"column":null}},"5":{"start":{"line":14,"column":0},"end":{"line":14,"column":79}},"6":{"start":{"line":16,"column":15},"end":{"line":16,"column":31}},"7":{"start":{"line":18,"column":0},"end":{"line":18,"column":70}},"8":{"start":{"line":19,"column":0},"end":{"line":25,"column":2}},"9":{"start":{"line":26,"column":0},"end":{"line":32,"column":2}},"10":{"start":{"line":33,"column":0},"end":{"line":38,"column":2}},"11":{"start":{"line":40,"column":0},"end":{"line":40,"column":22}}},"fnMap":{},"branchMap":{},"s":{"0":1,"1":1,"2":1,"3":1,"4":1,"5":1,"6":1,"7":1,"8":1,"9":1,"10":1,"11":1},"f":{},"b":{}}
,"/Users/mailbitsales/Desktop/Java-Script+React/MyBabyCare/src/routers/sleepRoutes.ts": {"path":"/Users/mailbitsales/Desktop/Java-Script+React/MyBabyCare/src/routers/sleepRoutes.ts","statementMap":{"0":{"start":{"line":1,"column":0},"end":{"line":1,"column":30}},"1":{"start":{"line":2,"column":0},"end":{"line":2,"column":null}},"2":{"start":{"line":9,"column":0},"end":{"line":9,"column":50}},"3":{"start":{"line":10,"column":0},"end":{"line":10,"column":73}},"4":{"start":{"line":11,"column":0},"end":{"line":11,"column":81}},"5":{"start":{"line":14,"column":15},"end":{"line":14,"column":31}},"6":{"start":{"line":16,"column":0},"end":{"line":16,"column":71}},"7":{"start":{"line":17,"column":0},"end":{"line":22,"column":2}},"8":{"start":{"line":23,"column":0},"end":{"line":23,"column":78}},"9":{"start":{"line":24,"column":0},"end":{"line":24,"column":79}},"10":{"start":{"line":25,"column":0},"end":{"line":30,"column":2}},"11":{"start":{"line":32,"column":0},"end":{"line":32,"column":22}}},"fnMap":{},"branchMap":{},"s":{"0":1,"1":1,"2":1,"3":1,"4":1,"5":1,"6":1,"7":1,"8":1,"9":1,"10":1,"11":1},"f":{},"b":{}}
,"/Users/mailbitsales/Desktop/Java-Script+React/MyBabyCare/src/swagger/auth.docs.ts": {"path":"/Users/mailbitsales/Desktop/Java-Script+React/MyBabyCare/src/swagger/auth.docs.ts","statementMap":{"0":{"start":{"line":1,"column":17},"end":{"line":71,"column":2}},"1":{"start":{"line":73,"column":0},"end":{"line":73,"column":24}}},"fnMap":{},"branchMap":{},"s":{"0":1,"1":1},"f":{},"b":{}}
,"/Users/mailbitsales/Desktop/Java-Script+React/MyBabyCare/src/swagger/baby.docs.ts": {"path":"/Users/mailbitsales/Desktop/Java-Script+React/MyBabyCare/src/swagger/baby.docs.ts","statementMap":{"0":{"start":{"line":1,"column":17},"end":{"line":148,"column":2}},"1":{"start":{"line":150,"column":0},"end":{"line":150,"column":24}}},"fnMap":{},"branchMap":{},"s":{"0":1,"1":1},"f":{},"b":{}}
,"/Users/mailbitsales/Desktop/Java-Script+React/MyBabyCare/src/swagger/dailySummary.ts": {"path":"/Users/mailbitsales/Desktop/Java-Script+React/MyBabyCare/src/swagger/dailySummary.ts","statementMap":{"0":{"start":{"line":1,"column":25},"end":{"line":174,"column":2}},"1":{"start":{"line":176,"column":0},"end":{"line":176,"column":32}}},"fnMap":{},"branchMap":{},"s":{"0":1,"1":1},"f":{},"b":{}}
,"/Users/mailbitsales/Desktop/Java-Script+React/MyBabyCare/src/swagger/diaper.docs.ts": {"path":"/Users/mailbitsales/Desktop/Java-Script+React/MyBabyCare/src/swagger/diaper.docs.ts","statementMap":{"0":{"start":{"line":1,"column":19},"end":{"line":220,"column":2}},"1":{"start":{"line":222,"column":0},"end":{"line":222,"column":26}}},"fnMap":{},"branchMap":{},"s":{"0":1,"1":1},"f":{},"b":{}}
,"/Users/mailbitsales/Desktop/Java-Script+React/MyBabyCare/src/swagger/feeding.docs.ts": {"path":"/Users/mailbitsales/Desktop/Java-Script+React/MyBabyCare/src/swagger/feeding.docs.ts","statementMap":{"0":{"start":{"line":1,"column":20},"end":{"line":251,"column":2}},"1":{"start":{"line":253,"column":0},"end":{"line":253,"column":27}}},"fnMap":{},"branchMap":{},"s":{"0":1,"1":1},"f":{},"b":{}}
,"/Users/mailbitsales/Desktop/Java-Script+React/MyBabyCare/src/swagger/index.ts": {"path":"/Users/mailbitsales/Desktop/Java-Script+React/MyBabyCare/src/swagger/index.ts","statementMap":{"0":{"start":{"line":1,"column":0},"end":{"line":1,"column":35}},"1":{"start":{"line":2,"column":0},"end":{"line":2,"column":35}},"2":{"start":{"line":3,"column":0},"end":{"line":3,"column":46}},"3":{"start":{"line":4,"column":0},"end":{"line":4,"column":39}},"4":{"start":{"line":5,"column":0},"end":{"line":5,"column":41}},"5":{"start":{"line":6,"column":0},"end":{"line":6,"column":40}},"6":{"start":{"line":8,"column":0},"end":{"line":29,"column":2}}},"fnMap":{},"branchMap":{},"s":{"0":1,"1":1,"2":1,"3":1,"4":1,"5":1,"6":1},"f":{},"b":{}}
,"/Users/mailbitsales/Desktop/Java-Script+React/MyBabyCare/src/swagger/sleeping.docs.ts": {"path":"/Users/mailbitsales/Desktop/Java-Script+React/MyBabyCare/src/swagger/sleeping.docs.ts","statementMap":{"0":{"start":{"line":1,"column":18},"end":{"line":195,"column":2}},"1":{"start":{"line":197,"column":0},"end":{"line":197,"column":25}}},"fnMap":{},"branchMap":{},"s":{"0":1,"1":1},"f":{},"b":{}}
,"/Users/mailbitsales/Desktop/Java-Script+React/MyBabyCare/src/utils/cookieOptions.ts": {"path":"/Users/mailbitsales/Desktop/Java-Script+React/MyBabyCare/src/utils/cookieOptions.ts","statementMap":{"0":{"start":{"line":2,"column":22},"end":{"line":15,"column":2}},"1":{"start":{"line":17,"column":30},"end":{"line":24,"column":1}},"2":{"start":{"line":22,"column":2},"end":{"line":22,"column":68}},"3":{"start":{"line":23,"column":2},"end":{"line":23,"column":71}},"4":{"start":{"line":17,"column":13},"end":{"line":17,"column":30}},"5":{"start":{"line":26,"column":36},"end":{"line":28,"column":1}},"6":{"start":{"line":27,"column":2},"end":{"line":27,"column":68}},"7":{"start":{"line":26,"column":13},"end":{"line":26,"column":36}}},"fnMap":{"0":{"name":"(anonymous_0)","decl":{"start":{"line":17,"column":30},"end":{"line":17,"column":null}},"loc":{"start":{"line":21,"column":4},"end":{"line":24,"column":1}}},"1":{"name":"(anonymous_1)","decl":{"start":{"line":26,"column":36},"end":{"line":26,"column":37}},"loc":{"start":{"line":26,"column":75},"end":{"line":28,"column":1}}}},"branchMap":{},"s":{"0":1,"1":1,"2":1,"3":1,"4":1,"5":1,"6":0,"7":1},"f":{"0":1,"1":0},"b":{}}
,"/Users/mailbitsales/Desktop/Java-Script+React/MyBabyCare/src/utils/generateTokens.ts": {"path":"/Users/mailbitsales/Desktop/Java-Script+React/MyBabyCare/src/utils/generateTokens.ts","statementMap":{"0":{"start":{"line":1,"column":0},"end":{"line":1,"column":31}},"1":{"start":{"line":4,"column":30},"end":{"line":14,"column":1}},"2":{"start":{"line":5,"column":22},"end":{"line":7,"column":4}},"3":{"start":{"line":9,"column":23},"end":{"line":11,"column":4}},"4":{"start":{"line":13,"column":2},"end":{"line":13,"column":39}},"5":{"start":{"line":4,"column":13},"end":{"line":4,"column":30}}},"fnMap":{"0":{"name":"(anonymous_1)","decl":{"start":{"line":4,"column":30},"end":{"line":4,"column":31}},"loc":{"start":{"line":4,"column":51},"end":{"line":14,"column":1}}}},"branchMap":{},"s":{"0":1,"1":1,"2":1,"3":1,"4":1,"5":1},"f":{"0":1},"b":{}}
,"/Users/mailbitsales/Desktop/Java-Script+React/MyBabyCare/src/utils/getDateRange.ts": {"path":"/Users/mailbitsales/Desktop/Java-Script+React/MyBabyCare/src/utils/getDateRange.ts","statementMap":{"0":{"start":{"line":1,"column":0},"end":{"line":1,"column":16}},"1":{"start":{"line":2,"column":16},"end":{"line":2,"column":36}},"2":{"start":{"line":3,"column":14},"end":{"line":3,"column":29}},"3":{"start":{"line":4,"column":2},"end":{"line":4,"column":35}},"4":{"start":{"line":5,"column":2},"end":{"line":5,"column":24}}},"fnMap":{"0":{"name":"getDateRange","decl":{"start":{"line":1,"column":16},"end":{"line":1,"column":28}},"loc":{"start":{"line":1,"column":47},"end":{"line":6,"column":1}}}},"branchMap":{},"s":{"0":1,"1":0,"2":0,"3":0,"4":0},"f":{"0":0},"b":{}}
[...]
{"line":20,"column":6},"end":{"line":20,"column":37}},"type":"binary-expr","locations":[{"start":{"line":20,"column":6},"end":{"line":20,"column":10}},{"start":{"line":20,"column":14},"end":{"line":20,"column":37}}]},"4":{"loc":{"start":{"line":25,"column":2},"end":{"line":28,"column":3}},"type":"if","locations":[{"start":{"line":25,"column":2},"end":{"line":28,"column":3}},{"start":{},"end":{}}]},"5":{"loc":{"start":{"line":25,"column":6},"end":{"line":25,"column":54}},"type":"binary-expr","locations":[{"start":{"line":25,"column":6},"end":{"line":25,"column":25}},{"start":{"line":25,"column":29},"end":{"line":25,"column":54}}]},"6":{"loc":{"start":{"line":36,"column":2},"end":{"line":39,"column":3}},"type":"if","locations":[{"start":{"line":36,"column":2},"end":{"line":39,"column":3}},{"start":{},"end":{}}]},"7":{"loc":{"start":{"line":36,"column":6},"end":{"line":36,"column":54}},"type":"binary-expr","locations":[{"start":{"line":36,"column":6},"end":{"line":36,"column":24}},{"start":{"line":36,"column":28},"end":{"line":36,"column":54}}]},"8":{"loc":{"start":{"line":41,"column":2},"end":{"line":44,"column":3}},"type":"if","locations":[{"start":{"line":41,"column":2},"end":{"line":44,"column":3}},{"start":{},"end":{}}]},"9":{"loc":{"start":{"line":41,"column":6},"end":{"line":41,"column":37}},"type":"binary-expr","locations":[{"start":{"line":41,"column":6},"end":{"line":41,"column":10}},{"start":{"line":41,"column":14},"end":{"line":41,"column":37}}]},"10":{"loc":{"start":{"line":46,"column":2},"end":{"line":49,"column":3}},"type":"if","locations":[{"start":{"line":46,"column":2},"end":{"line":49,"column":3}},{"start":{},"end":{}}]},"11":{"loc":{"start":{"line":46,"column":6},"end":{"line":46,"column":54}},"type":"binary-expr","locations":[{"start":{"line":46,"column":6},"end":{"line":46,"column":25}},{"start":{"line":46,"column":29},"end":{"line":46,"column":54}}]}},"s":{"0":1,"1":1,"2":1,"3":0,"4":0,"5":0,"6":0,"7":0,"8":0,"9":0,"10":0,"11":0,"12":0,"13":0,"14":0,"15":0,"16":0,"17":0,"18":0,"19":0,"20":0,"21":0,"22":0,"23":0,"24":0,"25":0,"26":0,"27":0},"f":{"0":0,"1":0},"b":{"0":[0,0],"1":[0,0],"2":[0,0],"3":[0,0],"4":[0,0],"5":[0,0],"6":[0,0],"7":[0,0],"8":[0,0],"9":[0,0],"10":[0,0],"11":[0,0]}}
,"/Users/mailbitsales/Desktop/Java-Script+React/MyBabyCare/src/validators/feedingValidators.ts": {"path":"/Users/mailbitsales/Desktop/Java-Script+React/MyBabyCare/src/validators/feedingValidators.ts","statementMap":{"0":{"start":{"line":3,"column":31},"end":{"line":26,"column":1}},"1":{"start":{"line":8,"column":33},"end":{"line":8,"column":41}},"2":{"start":{"line":10,"column":2},"end":{"line":13,"column":3}},"3":{"start":{"line":11,"column":4},"end":{"line":11,"column":55}},"4":{"start":{"line":12,"column":4},"end":{"line":12,"column":11}},"5":{"start":{"line":15,"column":2},"end":{"line":18,"column":3}},"6":{"start":{"line":16,"column":4},"end":{"line":16,"column":57}},"7":{"start":{"line":17,"column":4},"end":{"line":17,"column":11}},"8":{"start":{"line":20,"column":2},"end":{"line":23,"column":3}},"9":{"start":{"line":21,"column":4},"end":{"line":21,"column":53}},"10":{"start":{"line":22,"column":4},"end":{"line":22,"column":11}},"11":{"start":{"line":25,"column":2},"end":{"line":25,"column":9}},"12":{"start":{"line":3,"column":13},"end":{"line":3,"column":31}},"13":{"start":{"line":28,"column":37},"end":{"line":60,"column":1}},"14":{"start":{"line":33,"column":38},"end":{"line":33,"column":46}},"15":{"start":{"line":35,"column":2},"end":{"line":38,"column":3}},"16":{"start":{"line":36,"column":4},"end":{"line":36,"column":58}},"17":{"start":{"line":37,"column":4},"end":{"line":37,"column":11}},"18":{"start":{"line":40,"column":2},"end":{"line":43,"column":3}},"19":{"start":{"line":41,"column":4},"end":{"line":41,"column":60}},"20":{"start":{"line":42,"column":4},"end":{"line":42,"column":11}},"21":{"start":{"line":45,"column":2},"end":{"line":48,"column":3}},"22":{"start":{"line":46,"column":4},"end":{"line":46,"column":60}},"23":{"start":{"line":47,"column":4},"end":{"line":47,"column":11}},"24":{"start":{"line":50,"column":2},"end":{"line":53,"column":3}},"25":{"start":{"line":51,"column":4},"end":{"line":51,"column":63}},"26":{"start":{"line":52,"column":4},"end":{"line":52,"column":11}},"27":{"start":{"line":55,"column":2},"end":{"line":57,"column":3}},"28":{"start":{"line":56,"column":4},"end":{"line":56,"column":45}},"29":{"start":{"line":59,"column":2},"end":{"line":59,"column":9}},"30":{"start":{"line":28,"column":13},"end":{"line":28,"column":37}}},"fnMap":{"0":{"name":"(anonymous_0)","decl":{"start":{"line":3,"column":31},"end":{"line":3,"column":null}},"loc":{"start":{"line":7,"column":4},"end":{"line":26,"column":1}}},"1":{"name":"(anonymous_1)","decl":{"start":{"line":28,"column":37},"end":{"line":28,"column":null}},"loc":{"start":{"line":32,"column":4},"end":{"line":60,"column":1}}}},"branchMap":{"0":{"loc":{"start":{"line":10,"column":2},"end":{"line":13,"column":3}},"type":"if","locations":[{"start":{"line":10,"column":2},"end":{"line":13,"column":3}},{"start":{},"end":{}}]},"1":{"loc":{"start":{"line":10,"column":6},"end":{"line":10,"column":61}},"type":"binary-expr","locations":[{"start":{"line":10,"column":6},"end":{"line":10,"column":11}},{"start":{"line":10,"column":15},"end":{"line":10,"column":39}},{"start":{"line":10,"column":43},"end":{"line":10,"column":61}}]},"2":{"loc":{"start":{"line":15,"column":2},"end":{"line":18,"column":3}},"type":"if","locations":[{"start":{"line":15,"column":2},"end":{"line":18,"column":3}},{"start":{},"end":{}}]},"3":{"loc":{"start":{"line":15,"column":6},"end":{"line":15,"column":56}},"type":"binary-expr","locations":[{"start":{"line":15,"column":6},"end":{"line":15,"column":26}},{"start":{"line":15,"column":30},"end":{"line":15,"column":56}}]},"4":{"loc":{"start":{"line":20,"column":2},"end":{"line":23,"column":3}},"type":"if","locations":[{"start":{"line":20,"column":2},"end":{"line":23,"column":3}},{"start":{},"end":{}}]},"5":{"loc":{"start":{"line":20,"column":6},"end":{"line":20,"column":37}},"type":"binary-expr","locations":[{"start":{"line":20,"column":6},"end":{"line":20,"column":10}},{"start":{"line":20,"column":14},"end":{"line":20,"column":37}}]},"6":{"loc":{"start":{"line":35,"column":2},"end":{"line":38,"column":3}},"type":"if","locations":[{"start":{"line":35,"column":2},"end":{"line":38,"column":3}},{"start":{},"end":{}}]},"7":{"loc":{"start":{"line":35,"column":6},"end":{"line":35,"column":76}},"type":"binary-expr","locations":[{"start":{"line":35,"column":6},"end":{"line":35,"column":24}},{"start":{"line":35,"column":29},"end":{"line":35,"column":53}},{"start":{"line":35,"column":57},"end":{"line":35,"column":75}}]},"8":{"loc":{"start":{"line":40,"column":2},"end":{"line":43,"column":3}},"type":"if","locations":[{"start":{"line":40,"column":2},"end":{"line":43,"column":3}},{"start":{},"end":{}}]},"9":{"loc":{"start":{"line":40,"column":6},"end":{"line":40,"column":56}},"type":"binary-expr","locations":[{"start":{"line":40,"column":6},"end":{"line":40,"column":26}},{"start":{"line":40,"column":30},"end":{"line":40,"column":56}}]},"10":{"loc":{"start":{"line":45,"column":2},"end":{"line":48,"column":3}},"type":"if","locations":[{"start":{"line":45,"column":2},"end":{"line":48,"column":3}},{"start":{},"end":{}}]},"11":{"loc":{"start":{"line":45,"column":6},"end":{"line":45,"column":66}},"type":"binary-expr","locations":[{"start":{"line":45,"column":6},"end":{"line":45,"column":24}},{"start":{"line":45,"column":28},"end":{"line":45,"column":39}},{"start":{"line":45,"column":43},"end":{"line":45,"column":66}}]},"12":{"loc":{"start":{"line":50,"column":2},"end":{"line":53,"column":3}},"type":"if","locations":[{"start":{"line":50,"column":2},"end":{"line":53,"column":3}},{"start":{},"end":{}}]},"13":{"loc":{"start":{"line":50,"column":6},"end":{"line":50,"column":54}},"type":"binary-expr","locations":[{"start":{"line":50,"column":6},"end":{"line":50,"column":25}},{"start":{"line":50,"column":29},"end":{"line":50,"column":54}}]},"14":{"loc":{"start":{"line":55,"column":2},"end":{"line":57,"column":3}},"type":"if","locations":[{"start":{"line":55,"column":2},"end":{"line":57,"column":3}},{"start":{},"end":{}}]},"15":{"loc":{"start":{"line":55,"column":6},"end":{"line":55,"column":39}},"type":"binary-expr","locations":[{"start":{"line":55,"column":6},"end":{"line":55,"column":24}},{"start":{"line":55,"column":28},"end":{"line":55,"column":39}}]}},"s":{"0":1,"1":0,"2":0,"3":0,"4":0,"5":0,"6":0,"7":0,"8":0,"9":0,"10":0,"11":0,"12":1,"13":1,"14":0,"15":0,"16":0,"17":0,"18":0,"19":0,"20":0,"21":0,"22":0,"23":0,"24":0,"25":0,"26":0,"27":0,"28":0,"29":0,"30":1},"f":{"0":0,"1":0},"b":{"0":[0,0],"1":[0,0,0],"2":[0,0],"3":[0,0],"4":[0,0],"5":[0,0],"6":[0,0],"7":[0,0,0],"8":[0,0],"9":[0,0],"10":[0,0],"11":[0,0,0],"12":[0,0],"13":[0,0],"14":[0,0],"15":[0,0]}}
,"/Users/mailbitsales/Desktop/Java-Script+React/MyBabyCare/src/validators/sleepValidators.ts": {"path":"/Users/mailbitsales/Desktop/Java-Script+React/MyBabyCare/src/validators/sleepValidators.ts","statementMap":{"0":{"start":{"line":2,"column":0},"end":{"line":2,"column":16}},"1":{"start":{"line":14,"column":0},"end":{"line":14,"column":16}},"2":{"start":{"line":22,"column":0},"end":{"line":22,"column":16}},"3":{"start":{"line":3,"column":2},"end":{"line":6,"column":3}},"4":{"start":{"line":4,"column":4},"end":{"line":4,"column":60}},"5":{"start":{"line":5,"column":4},"end":{"line":5,"column":17}},"6":{"start":{"line":7,"column":2},"end":{"line":10,"column":3}},"7":{"start":{"line":8,"column":4},"end":{"line":8,"column":63}},"8":{"start":{"line":9,"column":4},"end":{"line":9,"column":17}},"9":{"start":{"line":11,"column":2},"end":{"line":11,"column":14}},"10":{"start":{"line":15,"column":2},"end":{"line":18,"column":3}},"11":{"start":{"line":16,"column":4},"end":{"line":16,"column":59}},"12":{"start":{"line":17,"column":4},"end":{"line":17,"column":17}},"13":{"start":{"line":19,"column":2},"end":{"line":19,"column":14}},"14":{"start":{"line":23,"column":2},"end":{"line":26,"column":3}},"15":{"start":{"line":24,"column":4},"end":{"line":24,"column":60}},"16":{"start":{"line":25,"column":4},"end":{"line":25,"column":17}},"17":{"start":{"line":27,"column":2},"end":{"line":30,"column":3}},"18":{"start":{"line":28,"column":4},"end":{"line":28,"column":59}},"19":{"start":{"line":29,"column":4},"end":{"line":29,"column":17}},"20":{"start":{"line":33,"column":2},"end":{"line":40,"column":3}},"21":{"start":{"line":34,"column":18},"end":{"line":34,"column":42}},"22":{"start":{"line":35,"column":16},"end":{"line":35,"column":38}},"23":{"start":{"line":36,"column":4},"end":{"line":39,"column":5}},"24":{"start":{"line":37,"column":6},"end":{"line":37,"column":80}},"25":{"start":{"line":38,"column":6},"end":{"line":38,"column":19}},"26":{"start":{"line":41,"column":2},"end":{"line":44,"column":3}},"27":{"start":{"line":42,"column":4},"end":{"line":42,"column":65}},"28":{"start":{"line":43,"column":4},"end":{"line":43,"column":17}},"29":{"start":{"line":45,"column":2},"end":{"line":45,"column":14}}},"fnMap":{"0":{"name":"validateStartSleepBody","decl":{"start":{"line":2,"column":16},"end":{"line":2,"column":38}},"loc":{"start":{"line":2,"column":63},"end":{"line":12,"column":1}}},"1":{"name":"validateEndSleepBody","decl":{"start":{"line":14,"column":16},"end":{"line":14,"column":36}},"loc":{"start":{"line":14,"column":61},"end":{"line":20,"column":1}}},"2":{"name":"validateEditSleepBody","decl":{"start":{"line":22,"column":16},"end":{"line":22,"column":37}},"loc":{"start":{"line":22,"column":62},"end":{"line":46,"column":1}}}},"branchMap":{"0":{"loc":{"start":{"line":3,"column":2},"end":{"line":6,"column":3}},"type":"if","locations":[{"start":{"line":3,"column":2},"end":{"line":6,"column":3}},{"start":{},"end":{}}]},"1":{"loc":{"start":{"line":3,"column":6},"end":{"line":3,"column":57}},"type":"binary-expr","locations":[{"start":{"line":3,"column":6},"end":{"line":3,"column":20}},{"start":{"line":3,"column":24},"end":{"line":3,"column":57}}]},"2":{"loc":{"start":{"line":7,"column":2},"end":{"line":10,"column":3}},"type":"if","locations":[{"start":{"line":7,"column":2},"end":{"line":10,"column":3}},{"start":{},"end":{}}]},"3":{"loc":{"start":{"line":7,"column":6},"end":{"line":7,"column":50}},"type":"binary-expr","locations":[{"start":{"line":7,"column":6},"end":{"line":7,"column":16}},{"start":{"line":7,"column":20},"end":{"line":7,"column":50}}]},"4":{"loc":{"start":{"line":15,"column":2},"end":{"line":18,"column":3}},"type":"if","locations":[{"start":{"line":15,"column":2},"end":{"line":18,"column":3}},{"start":{},"end":{}}]},"5":{"loc":{"start":{"line":15,"column":6},"end":{"line":15,"column":53}},"type":"binary-expr","locations":[{"start":{"line":15,"column":6},"end":{"line":15,"column":18}},{"start":{"line":15,"column":22},"end":{"line":15,"column":53}}]},"6":{"loc":{"start":{"line":23,"column":2},"end":{"line":26,"column":3}},"type":"if","locations":[{"start":{"line":23,"column":2},"end":{"line":26,"column":3}},{"start":{},"end":{}}]},"7":{"loc":{"start":{"line":23,"column":6},"end":{"line":23,"column":57}},"type":"binary-expr","locations":[{"start":{"line":23,"column":6},"end":{"line":23,"column":20}},{"start":{"line":23,"column":24},"end":{"line":23,"column":57}}]},"8":{"loc":{"start":{"line":27,"column":2},"end":{"line":30,"column":3}},"type":"if","locations":[{"start":{"line":27,"column":2},"end":{"line":30,"column":3}},{"start":{},"end":{}}]},"9":{"loc":{"start":{"line":27,"column":6},"end":{"line":27,"column":53}},"type":"binary-expr","locations":[{"start":{"line":27,"column":6},"end":{"line":27,"column":18}},{"start":{"line":27,"column":22},"end":{"line":27,"column":53}}]},"10":{"loc":{"start":{"line":33,"column":2},"end":{"line":40,"column":3}},"type":"if","locations":[{"start":{"line":33,"column":2},"end":{"line":40,"column":3}},{"start":{},"end":{}}]},"11":{"loc":{"start":{"line":33,"column":6},"end":{"line":33,"column":36}},"type":"binary-expr","locations":[{"start":{"line":33,"column":6},"end":{"line":33,"column":20}},{"start":{"line":33,"column":24},"end":{"line":33,"column":36}}]},"12":{"loc":{"start":{"line":36,"column":4},"end":{"line":39,"column":5}},"type":"if","locations":[{"start":{"line":36,"column":4},"end":{"line":39,"column":5}},{"start":{},"end":{}}]},"13":{"loc":{"start":{"line":41,"column":2},"end":{"line":44,"column":3}},"type":"if","locations":[{"start":{"line":41,"column":2},"end":{"line":44,"column":3}},{"start":{},"end":{}}]},"14":{"loc":{"start":{"line":41,"column":6},"end":{"line":41,"column":64}},"type":"binary-expr","locations":[{"start":{"line":41,"column":6},"end":{"line":41,"column":30}},{"start":{"line":41,"column":34},"end":{"line":41,"column":64}}]}},"s":{"0":1,"1":1,"2":1,"3":0,"4":0,"5":0,"6":0,"7":0,"8":0,"9":0,"10":0,"11":0,"12":0,"13":0,"14":0,"15":0,"16":0,"17":0,"18":0,"19":0,"20":0,"21":0,"22":0,"23":0,"24":0,"25":0,"26":0,"27":0,"28":0,"29":0},"f":{"0":0,"1":0,"2":0},"b":{"0":[0,0],"1":[0,0],"2":[0,0],"3":[0,0],"4":[0,0],"5":[0,0],"6":[0,0],"7":[0,0],"8":[0,0],"9":[0,0],"10":[0,0],"11":[0,0],"12":[0,0],"13":[0,0],"14":[0,0]}}
,"/Users/mailbitsales/Desktop/Java-Script+React/MyBabyCare/src/validators/userValidators.ts": {"path":"/Users/mailbitsales/Desktop/Java-Script+React/MyBabyCare/src/validators/userValidators.ts","statementMap":{"0":{"start":{"line":3,"column":34},"end":{"line":35,"column":1}},"1":{"start":{"line":8,"column":40},"end":{"line":8,"column":48}},"2":{"start":{"line":10,"column":2},"end":{"line":18,"column":3}},"3":{"start":{"line":16,"column":4},"end":{"line":16,"column":74}},"4":{"start":{"line":17,"column":4},"end":{"line":17,"column":11}},"5":{"start":{"line":20,"column":2},"end":{"line":27,"column":3}},"6":{"start":{"line":25,"column":4},"end":{"line":25,"column":65}},"7":{"start":{"line":26,"column":4},"end":{"line":26,"column":11}},"8":{"start":{"line":29,"column":2},"end":{"line":32,"column":3}},"9":{"start":{"line":30,"column":4},"end":{"line":30,"column":72}},"10":{"start":{"line":31,"column":4},"end":{"line":31,"column":11}},"11":{"start":{"line":34,"column":2},"end":{"line":34,"column":9}},"12":{"start":{"line":3,"column":13},"end":{"line":3,"column":34}},"13":{"start":{"line":37,"column":35},"end":{"line":59,"column":1}},"14":{"start":{"line":42,"column":30},"end":{"line":42,"column":38}},"15":{"start":{"line":44,"column":2},"end":{"line":51,"column":3}},"16":{"start":{"line":49,"column":4},"end":{"line":49,"column":65}},"17":{"start":{"line":50,"column":4},"end":{"line":50,"column":11}},"18":{"start":{"line":53,"column":2},"end":{"line":56,"column":3}},"19":{"start":{"line":54,"column":4},"end":{"line":54,"column":54}},"20":{"start":{"line":55,"column":4},"end":{"line":55,"column":11}},"21":{"start":{"line":58,"column":2},"end":{"line":58,"column":9}},"22":{"start":{"line":37,"column":13},"end":{"line":37,"column":35}}},"fnMap":{"0":{"name":"(anonymous_0)","decl":{"start":{"line":3,"column":34},"end":{"line":3,"column":null}},"loc":{"start":{"line":7,"column":4},"end":{"line":35,"column":1}}},"1":{"name":"(anonymous_1)","decl":{"start":{"line":37,"column":35},"end":{"line":37,"column":null}},"loc":{"start":{"line":41,"column":4},"end":{"line":59,"column":1}}}},"branchMap":{"0":{"loc":{"start":{"line":10,"column":2},"end":{"line":18,"column":3}},"type":"if","locations":[{"start":{"line":10,"column":2},"end":{"line":18,"column":3}},{"start":{},"end":{}}]},"1":{"loc":{"start":{"line":11,"column":4},"end":{"line":14,"column":48}},"type":"binary-expr","locations":[{"start":{"line":11,"column":4},"end":{"line":11,"column":13}},{"start":{"line":12,"column":4},"end":{"line":12,"column":32}},{"start":{"line":13,"column":4},"end":{"line":13,"column":30}},{"start":{"line":14,"column":4},"end":{"line":14,"column":48}}]},"2":{"loc":{"start":{"line":20,"column":2},"end":{"line":27,"column":3}},"type":"if","locations":[{"start":{"line":20,"column":2},"end":{"line":27,"column":3}},{"start":{},"end":{}}]},"3":{"loc":{"start":{"line":21,"column":4},"end":{"line":23,"column":45}},"type":"binary-expr","locations":[{"start":{"line":21,"column":4},"end":{"line":21,"column":10}},{"start":{"line":22,"column":4},"end":{"line":22,"column":29}},{"start":{"line":23,"column":4},"end":{"line":23,"column":45}}]},"4":{"loc":{"start":{"line":29,"column":2},"end":{"line":32,"column":3}},"type":"if","locations":[{"start":{"line":29,"column":2},"end":{"line":32,"column":3}},{"start":{},"end":{}}]},"5":{"loc":{"start":{"line":29,"column":6},"end":{"line":29,"column":70}},"type":"binary-expr","locations":[{"start":{"line":29,"column":6},"end":{"line":29,"column":15}},{"start":{"line":29,"column":19},"end":{"line":29,"column":47}},{"start":{"line":29,"column":51},"end":{"line":29,"column":70}}]},"6":{"loc":{"start":{"line":44,"column":2},"end":{"line":51,"column":3}},"type":"if","locations":[{"start":{"line":44,"column":2},"end":{"line":51,"column":3}},{"start":{},"end":{}}]},"7":{"loc":{"start":{"line":45,"column":4},"end":{"line":47,"column":45}},"type":"binary-expr","locations":[{"start":{"line":45,"column":4},"end":{"line":45,"column":10}},{"start":{"line":46,"column":4},"end":{"line":46,"column":29}},{"start":{"line":47,"column":4},"end":{"line":47,"column":45}}]},"8":{"loc":{"start":{"line":53,"column":2},"end":{"line":56,"column":3}},"type":"if","locations":[{"start":{"line":53,"column":2},"end":{"line":56,"column":3}},{"start":{},"end":{}}]},"9":{"loc":{"start":{"line":53,"column":6},"end":{"line":53,"column":47}},"type":"binary-expr","locations":[{"start":{"line":53,"column":6},"end":{"line":53,"column":15}},{"start":{"line":53,"column":19},"end":{"line":53,"column":47}}]}},"s":{"0":1,"1":1,"2":1,"3":0,"4":0,"5":1,"6":0,"7":0,"8":1,"9":0,"10":0,"11":1,"12":1,"13":1,"14":1,"15":1,"16":0,"17":0,"18":1,"19":0,"20":0,"21":1,"22":1},"f":{"0":1,"1":1},"b":{"0":[0,1],"1":[1,1,1,1],"2":[0,1],"3":[1,1,1],"4":[0,1],"5":[1,1,1],"6":[0,1],"7":[1,1,1],"8":[0,1],"9":[1,1]}}
}
