{"/Users/mailbitsales/Desktop/Java-Script+React/MyBabyCare/server/__tests__/testUtilts.ts": {"path":"/Users/mailbitsales/Desktop/Java-Script+React/MyBabyCare/server/__tests__/testUtilts.ts","statementMap":{"0":{"start":{"line":1,"column":0},"end":{"line":1,"column":32}},"1":{"start":{"line":2,"column":0},"end":{"line":2,"column":32}},"2":{"start":{"line":4,"column":13},"end":{"line":8,"column":2}},"3":{"start":{"line":12,"column":29},"end":{"line":37,"column":1}},"4":{"start":{"line":13,"column":2},"end":{"line":13,"column":36}},"5":{"start":{"line":13,"column":18},"end":{"line":13,"column":36}},"6":{"start":{"line":16,"column":2},"end":{"line":19,"column":21}},"7":{"start":{"line":21,"column":14},"end":{"line":24,"column":4}},"8":{"start":{"line":26,"column":20},"end":{"line":26,"column":45}},"9":{"start":{"line":28,"column":2},"end":{"line":34,"column":3}},"10":{"start":{"line":29,"column":4},"end":{"line":29,"column":38}},"11":{"start":{"line":30,"column":9},"end":{"line":34,"column":3}},"12":{"start":{"line":31,"column":4},"end":{"line":31,"column":27}},"13":{"start":{"line":33,"column":4},"end":{"line":33,"column":61}},"14":{"start":{"line":36,"column":2},"end":{"line":36,"column":20}},"15":{"start":{"line":12,"column":13},"end":{"line":12,"column":29}}},"fnMap":{"0":{"name":"(anonymous_1)","decl":{"start":{"line":12,"column":29},"end":{"line":12,"column":34}},"loc":{"start":{"line":12,"column":57},"end":{"line":37,"column":1}}},"1":{"name":"(anonymous_2)","decl":{"start":{"line":19,"column":11},"end":{"line":19,"column":14}},"loc":{"start":{"line":19,"column":16},"end":{"line":19,"column":19}}}},"branchMap":{"0":{"loc":{"start":{"line":13,"column":2},"end":{"line":13,"column":36}},"type":"if","locations":[{"start":{"line":13,"column":2},"end":{"line":13,"column":36}},{"start":{},"end":{}}]},"1":{"loc":{"start":{"line":28,"column":2},"end":{"line":34,"column":3}},"type":"if","locations":[{"start":{"line":28,"column":2},"end":{"line":34,"column":3}},{"start":{"line":30,"column":9},"end":{"line":34,"column":3}}]},"2":{"loc":{"start":{"line":30,"column":9},"end":{"line":34,"column":3}},"type":"if","locations":[{"start":{"line":30,"column":9},"end":{"line":34,"column":3}},{"start":{"line":32,"column":9},"end":{"line":34,"column":3}}]}},"s":{"0":3,"1":3,"2":3,"3":3,"4":3,"5":0,"6":3,"7":3,"8":3,"9":3,"10":3,"11":0,"12":0,"13":0,"14":3,"15":3},"f":{"0":3,"1":0},"b":{"0":[0,3],"1":[3,0],"2":[0,0]}}
,"/Users/mailbitsales/Desktop/Java-Script+React/MyBabyCare/server/src/server.ts": {"path":"/Users/mailbitsales/Desktop/Java-Script+React/MyBabyCare/server/src/server.ts","statementMap":{"0":{"start":{"line":1,"column":0},"end":{"line":1,"column":55}},"1":{"start":{"line":2,"column":0},"end":{"line":2,"column":28}},"2":{"start":{"line":3,"column":0},"end":{"line":3,"column":24}},"3":{"start":{"line":4,"column":0},"end":{"line":4,"column":24}},"4":{"start":{"line":6,"column":0},"end":{"line":6,"column":41}},"5":{"start":{"line":7,"column":0},"end":{"line":7,"column":46}},"6":{"start":{"line":8,"column":0},"end":{"line":8,"column":48}},"7":{"start":{"line":9,"column":0},"end":{"line":9,"column":50}},"8":{"start":{"line":10,"column":0},"end":{"line":10,"column":46}},"9":{"start":{"line":11,"column":0},"end":{"line":11,"column":46}},"10":{"start":{"line":12,"column":0},"end":{"line":12,"column":50}},"11":{"start":{"line":13,"column":0},"end":{"line":13,"column":62}},"12":{"start":{"line":14,"column":0},"end":{"line":14,"column":42}},"13":{"start":{"line":15,"column":0},"end":{"line":15,"column":43}},"14":{"start":{"line":16,"column":0},"end":{"line":16,"column":40}},"15":{"start":{"line":18,"column":0},"end":{"line":18,"column":16}},"16":{"start":{"line":19,"column":0},"end":{"line":19,"column":12}},"17":{"start":{"line":21,"column":12},"end":{"line":21,"column":21}},"18":{"start":{"line":23,"column":0},"end":{"line":28,"column":2}},"19":{"start":{"line":29,"column":0},"end":{"line":29,"column":24}},"20":{"start":{"line":30,"column":0},"end":{"line":30,"column":48}},"21":{"start":{"line":31,"column":0},"end":{"line":31,"column":24}},"22":{"start":{"line":32,"column":0},"end":{"line":32,"column":62}},"23":{"start":{"line":44,"column":0},"end":{"line":44,"column":72}},"24":{"start":{"line":46,"column":0},"end":{"line":46,"column":29}},"25":{"start":{"line":47,"column":0},"end":{"line":47,"column":31}},"26":{"start":{"line":48,"column":0},"end":{"line":48,"column":29}},"27":{"start":{"line":49,"column":0},"end":{"line":49,"column":31}},"28":{"start":{"line":50,"column":0},"end":{"line":50,"column":33}},"29":{"start":{"line":51,"column":0},"end":{"line":51,"column":33}},"30":{"start":{"line":52,"column":0},"end":{"line":52,"column":46}},"31":{"start":{"line":54,"column":42},"end":{"line":57,"column":1}},"32":{"start":{"line":55,"column":2},"end":{"line":55,"column":58}},"33":{"start":{"line":56,"column":2},"end":{"line":56,"column":55}},"34":{"start":{"line":59,"column":0},"end":{"line":59,"column":22}},"35":{"start":{"line":61,"column":13},"end":{"line":61,"column":37}},"36":{"start":{"line":63,"column":0},"end":{"line":65,"column":3}},"37":{"start":{"line":64,"column":2},"end":{"line":64,"column":54}},"38":{"start":{"line":67,"column":0},"end":{"line":67,"column":19}}},"fnMap":{"0":{"name":"(anonymous_1)","decl":{"start":{"line":54,"column":42},"end":{"line":54,"column":43}},"loc":{"start":{"line":54,"column":66},"end":{"line":57,"column":1}}},"1":{"name":"(anonymous_2)","decl":{"start":{"line":63,"column":17},"end":{"line":63,"column":20}},"loc":{"start":{"line":63,"column":22},"end":{"line":65,"column":1}}}},"branchMap":{"0":{"loc":{"start":{"line":61,"column":13},"end":{"line":61,"column":37}},"type":"binary-expr","locations":[{"start":{"line":61,"column":13},"end":{"line":61,"column":29}},{"start":{"line":61,"column":33},"end":{"line":61,"column":37}}]}},"s":{"0":4,"1":4,"2":4,"3":4,"4":4,"5":4,"6":4,"7":4,"8":4,"9":4,"10":4,"11":4,"12":4,"13":4,"14":4,"15":4,"16":4,"17":4,"18":4,"19":4,"20":4,"21":4,"22":4,"23":4,"24":4,"25":4,"26":4,"27":4,"28":4,"29":4,"30":4,"31":4,"32":0,"33":0,"34":4,"35":4,"36":4,"37":4,"38":4},"f":{"0":0,"1":4},"b":{"0":[4,0]}}
,"/Users/mailbitsales/Desktop/Java-Script+React/MyBabyCare/server/src/config/dataBase.ts": {"path":"/Users/mailbitsales/Desktop/Java-Script+React/MyBabyCare/server/src/config/dataBase.ts","statementMap":{"0":{"start":{"line":1,"column":0},"end":{"line":1,"column":32}},"1":{"start":{"line":3,"column":18},"end":{"line":11,"column":1}},"2":{"start":{"line":4,"column":2},"end":{"line":10,"column":3}},"3":{"start":{"line":5,"column":4},"end":{"line":5,"column":51}},"4":{"start":{"line":6,"column":4},"end":{"line":6,"column":39}},"5":{"start":{"line":8,"column":4},"end":{"line":8,"column":57}},"6":{"start":{"line":9,"column":4},"end":{"line":9,"column":20}},"7":{"start":{"line":13,"column":0},"end":{"line":13,"column":25}}},"fnMap":{"0":{"name":"(anonymous_1)","decl":{"start":{"line":3,"column":18},"end":{"line":3,"column":23}},"loc":{"start":{"line":3,"column":29},"end":{"line":11,"column":1}}}},"branchMap":{},"s":{"0":4,"1":4,"2":4,"3":4,"4":4,"5":0,"6":0,"7":4},"f":{"0":4},"b":{}}
,"/Users/mailbitsales/Desktop/Java-Script+React/MyBabyCare/server/src/controllers/authController.ts": {"path":"/Users/mailbitsales/Desktop/Java-Script+React/MyBabyCare/server/src/controllers/authController.ts","statementMap":{"0":{"start":{"line":2,"column":0},"end":{"line":2,"column":43}},"1":{"start":{"line":3,"column":0},"end":{"line":3,"column":31}},"2":{"start":{"line":4,"column":0},"end":{"line":4,"column":57}},"3":{"start":{"line":6,"column":0},"end":{"line":6,"column":78}},"4":{"start":{"line":8,"column":37},"end":{"line":43,"column":1}},"5":{"start":{"line":9,"column":2},"end":{"line":42,"column":3}},"6":{"start":{"line":10,"column":32},"end":{"line":10,"column":40}},"7":{"start":{"line":11,"column":17},"end":{"line":11,"column":46}},"8":{"start":{"line":13,"column":4},"end":{"line":16,"column":5}},"9":{"start":{"line":14,"column":6},"end":{"line":14,"column":64}},"10":{"start":{"line":15,"column":6},"end":{"line":15,"column":13}},"11":{"start":{"line":18,"column":20},"end":{"line":18,"column":56}},"12":{"start":{"line":20,"column":4},"end":{"line":23,"column":5}},"13":{"start":{"line":21,"column":6},"end":{"line":21,"column":64}},"14":{"start":{"line":22,"column":6},"end":{"line":22,"column":13}},"15":{"start":{"line":25,"column":29},"end":{"line":25,"column":77}},"16":{"start":{"line":26,"column":42},"end":{"line":26,"column":65}},"17":{"start":{"line":28,"column":4},"end":{"line":28,"column":51}},"18":{"start":{"line":30,"column":4},"end":{"line":38,"column":7}},"19":{"start":{"line":40,"column":4},"end":{"line":40,"column":43}},"20":{"start":{"line":41,"column":4},"end":{"line":41,"column":50}},"21":{"start":{"line":8,"column":13},"end":{"line":8,"column":37}},"22":{"start":{"line":45,"column":40},"end":{"line":83,"column":1}},"23":{"start":{"line":46,"column":2},"end":{"line":82,"column":3}},"24":{"start":{"line":47,"column":42},"end":{"line":47,"column":50}},"25":{"start":{"line":49,"column":25},"end":{"line":49,"column":54}},"26":{"start":{"line":51,"column":4},"end":{"line":54,"column":5}},"27":{"start":{"line":52,"column":6},"end":{"line":52,"column":63}},"28":{"start":{"line":53,"column":6},"end":{"line":53,"column":13}},"29":{"start":{"line":56,"column":20},"end":{"line":60,"column":6}},"30":{"start":{"line":62,"column":4},"end":{"line":62,"column":25}},"31":{"start":{"line":64,"column":20},"end":{"line":64,"column":74}},"32":{"start":{"line":65,"column":42},"end":{"line":65,"column":65}},"33":{"start":{"line":67,"column":4},"end":{"line":67,"column":51}},"34":{"start":{"line":69,"column":4},"end":{"line":78,"column":7}},"35":{"start":{"line":80,"column":4},"end":{"line":80,"column":46}},"36":{"start":{"line":81,"column":4},"end":{"line":81,"column":50}},"37":{"start":{"line":45,"column":13},"end":{"line":45,"column":40}},"38":{"start":{"line":85,"column":38},"end":{"line":89,"column":1}},"39":{"start":{"line":86,"column":2},"end":{"line":86,"column":33}},"40":{"start":{"line":87,"column":2},"end":{"line":87,"column":34}},"41":{"start":{"line":88,"column":2},"end":{"line":88,"column":41}},"42":{"start":{"line":85,"column":13},"end":{"line":85,"column":38}},"43":{"start":{"line":91,"column":50},"end":{"line":115,"column":1}},"44":{"start":{"line":92,"column":23},"end":{"line":92,"column":47}},"45":{"start":{"line":94,"column":2},"end":{"line":97,"column":3}},"46":{"start":{"line":95,"column":4},"end":{"line":95,"column":57}},"47":{"start":{"line":96,"column":4},"end":{"line":96,"column":11}},"48":{"start":{"line":99,"column":2},"end":{"line":114,"column":3}},"49":{"start":{"line":100,"column":20},"end":{"line":102,"column":null}},"50":{"start":{"line":105,"column":29},"end":{"line":105,"column":67}},"51":{"start":{"line":106,"column":28},"end":{"line":106,"column":51}},"52":{"start":{"line":108,"column":4},"end":{"line":108,"column":43}},"53":{"start":{"line":110,"column":4},"end":{"line":110,"column":45}},"54":{"start":{"line":112,"column":4},"end":{"line":112,"column":51}},"55":{"start":{"line":113,"column":4},"end":{"line":113,"column":72}},"56":{"start":{"line":91,"column":13},"end":{"line":91,"column":50}},"57":{"start":{"line":117,"column":46},"end":{"line":136,"column":1}},"58":{"start":{"line":118,"column":2},"end":{"line":135,"column":3}},"59":{"start":{"line":119,"column":24},"end":{"line":119,"column":47}},"60":{"start":{"line":121,"column":4},"end":{"line":124,"column":5}},"61":{"start":{"line":122,"column":6},"end":{"line":122,"column":74}},"62":{"start":{"line":123,"column":6},"end":{"line":123,"column":13}},"63":{"start":{"line":126,"column":20},"end":{"line":126,"column":77}},"64":{"start":{"line":128,"column":4},"end":{"line":131,"column":7}},"65":{"start":{"line":133,"column":4},"end":{"line":133,"column":52}},"66":{"start":{"line":134,"column":4},"end":{"line":134,"column":65}},"67":{"start":{"line":117,"column":13},"end":{"line":117,"column":46}}},"fnMap":{"0":{"name":"(anonymous_1)","decl":{"start":{"line":8,"column":37},"end":{"line":8,"column":42}},"loc":{"start":{"line":8,"column":56},"end":{"line":43,"column":1}}},"1":{"name":"(anonymous_2)","decl":{"start":{"line":45,"column":40},"end":{"line":45,"column":45}},"loc":{"start":{"line":45,"column":59},"end":{"line":83,"column":1}}},"2":{"name":"(anonymous_3)","decl":{"start":{"line":85,"column":38},"end":{"line":85,"column":39}},"loc":{"start":{"line":85,"column":57},"end":{"line":89,"column":1}}},"3":{"name":"(anonymous_4)","decl":{"start":{"line":91,"column":50},"end":{"line":91,"column":51}},"loc":{"start":{"line":91,"column":69},"end":{"line":115,"column":1}}},"4":{"name":"(anonymous_5)","decl":{"start":{"line":117,"column":46},"end":{"line":117,"column":51}},"loc":{"start":{"line":117,"column":65},"end":{"line":136,"column":1}}}},"branchMap":{"0":{"loc":{"start":{"line":13,"column":4},"end":{"line":16,"column":5}},"type":"if","locations":[{"start":{"line":13,"column":4},"end":{"line":16,"column":5}},{"start":{},"end":{}}]},"1":{"loc":{"start":{"line":20,"column":4},"end":{"line":23,"column":5}},"type":"if","locations":[{"start":{"line":20,"column":4},"end":{"line":23,"column":5}},{"start":{},"end":{}}]},"2":{"loc":{"start":{"line":51,"column":4},"end":{"line":54,"column":5}},"type":"if","locations":[{"start":{"line":51,"column":4},"end":{"line":54,"column":5}},{"start":{},"end":{}}]},"3":{"loc":{"start":{"line":94,"column":2},"end":{"line":97,"column":3}},"type":"if","locations":[{"start":{"line":94,"column":2},"end":{"line":97,"column":3}},{"start":{},"end":{}}]},"4":{"loc":{"start":{"line":121,"column":4},"end":{"line":124,"column":5}},"type":"if","locations":[{"start":{"line":121,"column":4},"end":{"line":124,"column":5}},{"start":{},"end":{}}]}},"s":{"0":4,"1":4,"2":4,"3":4,"4":4,"5":4,"6":4,"7":4,"8":4,"9":0,"10":0,"11":4,"12":4,"13":0,"14":0,"15":4,"16":4,"17":4,"18":4,"19":0,"20":0,"21":4,"22":4,"23":5,"24":5,"25":5,"26":5,"27":5,"28":5,"29":0,"30":0,"31":0,"32":0,"33":0,"34":0,"35":0,"36":0,"37":4,"38":4,"39":0,"40":0,"41":0,"42":4,"43":4,"44":0,"45":0,"46":0,"47":0,"48":0,"49":0,"50":0,"51":0,"52":0,"53":0,"54":0,"55":0,"56":4,"57":4,"58":0,"59":0,"60":0,"61":0,"62":0,"63":0,"64":0,"65":0,"66":0,"67":4},"f":{"0":4,"1":5,"2":0,"3":0,"4":0},"b":{"0":[0,4],"1":[0,4],"2":[5,0],"3":[0,0],"4":[0,0]}}
,"/Users/mailbitsales/Desktop/Java-Script+React/MyBabyCare/server/src/controllers/babyController.ts": {"path":"/Users/mailbitsales/Desktop/Java-Script+React/MyBabyCare/server/src/controllers/babyController.ts","statementMap":{"0":{"start":{"line":2,"column":0},"end":{"line":2,"column":43}},"1":{"start":{"line":3,"column":0},"end":{"line":3,"column":61}},"2":{"start":{"line":5,"column":0},"end":{"line":5,"column":32}},"3":{"start":{"line":7,"column":42},"end":{"line":37,"column":1}},"4":{"start":{"line":8,"column":2},"end":{"line":36,"column":3}},"5":{"start":{"line":9,"column":63},"end":{"line":9,"column":71}},"6":{"start":{"line":10,"column":18},"end":{"line":10,"column":72}},"7":{"start":{"line":12,"column":17},"end":{"line":21,"column":6}},"8":{"start":{"line":23,"column":4},"end":{"line":26,"column":7}},"9":{"start":{"line":29,"column":4},"end":{"line":33,"column":5}},"10":{"start":{"line":30,"column":25},"end":{"line":30,"column":63}},"11":{"start":{"line":31,"column":6},"end":{"line":31,"column":50}},"12":{"start":{"line":32,"column":6},"end":{"line":32,"column":13}},"13":{"start":{"line":34,"column":4},"end":{"line":34,"column":48}},"14":{"start":{"line":35,"column":4},"end":{"line":35,"column":50}},"15":{"start":{"line":7,"column":13},"end":{"line":7,"column":42}},"16":{"start":{"line":39,"column":41},"end":{"line":50,"column":1}},"17":{"start":{"line":40,"column":2},"end":{"line":49,"column":3}},"18":{"start":{"line":41,"column":19},"end":{"line":44,"column":30}},"19":{"start":{"line":45,"column":4},"end":{"line":45,"column":33}},"20":{"start":{"line":47,"column":4},"end":{"line":47,"column":49}},"21":{"start":{"line":48,"column":4},"end":{"line":48,"column":50}},"22":{"start":{"line":39,"column":13},"end":{"line":39,"column":41}},"23":{"start":{"line":52,"column":45},"end":{"line":54,"column":1}},"24":{"start":{"line":53,"column":2},"end":{"line":53,"column":31}},"25":{"start":{"line":52,"column":13},"end":{"line":52,"column":45}},"26":{"start":{"line":60,"column":4},"end":{"line":92,"column":1}},"27":{"start":{"line":61,"column":2},"end":{"line":91,"column":3}},"28":{"start":{"line":62,"column":23},"end":{"line":62,"column":33}},"29":{"start":{"line":63,"column":63},"end":{"line":63,"column":71}},"30":{"start":{"line":64,"column":25},"end":{"line":64,"column":75}},"31":{"start":{"line":65,"column":19},"end":{"line":65,"column":31}},"32":{"start":{"line":67,"column":4},"end":{"line":67,"column":61}},"33":{"start":{"line":67,"column":54},"end":{"line":67,"column":61}},"34":{"start":{"line":69,"column":38},"end":{"line":72,"column":null}},"35":{"start":{"line":75,"column":4},"end":{"line":78,"column":5}},"36":{"start":{"line":76,"column":6},"end":{"line":76,"column":73}},"37":{"start":{"line":77,"column":6},"end":{"line":77,"column":13}},"38":{"start":{"line":80,"column":4},"end":{"line":80,"column":80}},"39":{"start":{"line":88,"column":4},"end":{"line":88,"column":48}},"40":{"start":{"line":89,"column":4},"end":{"line":89,"column":50}},"41":{"start":{"line":90,"column":4},"end":{"line":90,"column":11}},"42":{"start":{"line":56,"column":13},"end":{"line":56,"column":null}},"43":{"start":{"line":94,"column":26},"end":{"line":102,"column":1}},"44":{"start":{"line":95,"column":21},"end":{"line":95,"column":31}},"45":{"start":{"line":96,"column":2},"end":{"line":101,"column":3}},"46":{"start":{"line":97,"column":4},"end":{"line":97,"column":42}},"47":{"start":{"line":98,"column":4},"end":{"line":98,"column":59}},"48":{"start":{"line":100,"column":4},"end":{"line":100,"column":50}},"49":{"start":{"line":94,"column":13},"end":{"line":94,"column":26}}},"fnMap":{"0":{"name":"(anonymous_1)","decl":{"start":{"line":7,"column":42},"end":{"line":7,"column":47}},"loc":{"start":{"line":7,"column":61},"end":{"line":37,"column":1}}},"1":{"name":"(anonymous_2)","decl":{"start":{"line":39,"column":41},"end":{"line":39,"column":46}},"loc":{"start":{"line":39,"column":60},"end":{"line":50,"column":1}}},"2":{"name":"(anonymous_3)","decl":{"start":{"line":52,"column":45},"end":{"line":52,"column":46}},"loc":{"start":{"line":52,"column":64},"end":{"line":54,"column":1}}},"3":{"name":"(anonymous_4)","decl":{"start":{"line":60,"column":4},"end":{"line":60,"column":9}},"loc":{"start":{"line":60,"column":23},"end":{"line":92,"column":1}}},"4":{"name":"(anonymous_5)","decl":{"start":{"line":94,"column":26},"end":{"line":94,"column":31}},"loc":{"start":{"line":94,"column":64},"end":{"line":102,"column":1}}}},"branchMap":{"0":{"loc":{"start":{"line":10,"column":18},"end":{"line":10,"column":72}},"type":"cond-expr","locations":[{"start":{"line":10,"column":29},"end":{"line":10,"column":60}},{"start":{"line":10,"column":63},"end":{"line":10,"column":72}}]},"1":{"loc":{"start":{"line":29,"column":4},"end":{"line":33,"column":5}},"type":"if","locations":[{"start":{"line":29,"column":4},"end":{"line":33,"column":5}},{"start":{},"end":{}}]},"2":{"loc":{"start":{"line":67,"column":4},"end":{"line":67,"column":61}},"type":"if","locations":[{"start":{"line":67,"column":4},"end":{"line":67,"column":61}},{"start":{},"end":{}}]},"3":{"loc":{"start":{"line":75,"column":4},"end":{"line":78,"column":5}},"type":"if","locations":[{"start":{"line":75,"column":4},"end":{"line":78,"column":5}},{"start":{},"end":{}}]}},"s":{"0":4,"1":4,"2":4,"3":4,"4":3,"5":3,"6":3,"7":3,"8":3,"9":0,"10":0,"11":0,"12":0,"13":0,"14":0,"15":4,"16":4,"17":1,"18":1,"19":1,"20":0,"21":0,"22":4,"23":4,"24":0,"25":4,"26":4,"27":0,"28":0,"29":0,"30":0,"31":0,"32":0,"33":0,"34":0,"35":0,"36":0,"37":0,"38":0,"39":0,"40":0,"41":0,"42":4,"43":4,"44":0,"45":0,"46":0,"47":0,"48":0,"49":4},"f":{"0":3,"1":1,"2":0,"3":0,"4":0},"b":{"0":[0,3],"1":[0,0],"2":[0,0],"3":[0,0]}}
,"/Users/mailbitsales/Desktop/Java-Script+React/MyBabyCare/server/src/controllers/dailySummaryController.ts": {"path":"/Users/mailbitsales/Desktop/Java-Script+React/MyBabyCare/server/src/controllers/dailySummaryController.ts","statementMap":{"0":{"start":{"line":2,"column":0},"end":{"line":2,"column":32}},"1":{"start":{"line":3,"column":0},"end":{"line":3,"column":49}},"2":{"start":{"line":4,"column":0},"end":{"line":4,"column":47}},"3":{"start":{"line":5,"column":0},"end":{"line":5,"column":48}},"4":{"start":{"line":6,"column":0},"end":{"line":6,"column":53}},"5":{"start":{"line":15,"column":31},"end":{"line":78,"column":1}},"6":{"start":{"line":16,"column":2},"end":{"line":77,"column":3}},"7":{"start":{"line":17,"column":23},"end":{"line":17,"column":33}},"8":{"start":{"line":18,"column":21},"end":{"line":18,"column":30}},"9":{"start":{"line":20,"column":4},"end":{"line":23,"column":5}},"10":{"start":{"line":21,"column":6},"end":{"line":21,"column":65}},"11":{"start":{"line":22,"column":6},"end":{"line":22,"column":13}},"12":{"start":{"line":25,"column":27},"end":{"line":25,"column":55}},"13":{"start":{"line":27,"column":25},"end":{"line":27,"column":60}},"14":{"start":{"line":29,"column":53},"end":{"line":54,"column":6}},"15":{"start":{"line":56,"column":4},"end":{"line":73,"column":7}},"16":{"start":{"line":75,"column":4},"end":{"line":75,"column":52}},"17":{"start":{"line":76,"column":4},"end":{"line":76,"column":50}},"18":{"start":{"line":15,"column":13},"end":{"line":15,"column":31}}},"fnMap":{"0":{"name":"(anonymous_1)","decl":{"start":{"line":15,"column":31},"end":{"line":15,"column":36}},"loc":{"start":{"line":15,"column":69},"end":{"line":78,"column":1}}}},"branchMap":{"0":{"loc":{"start":{"line":20,"column":4},"end":{"line":23,"column":5}},"type":"if","locations":[{"start":{"line":20,"column":4},"end":{"line":23,"column":5}},{"start":{},"end":{}}]},"1":{"loc":{"start":{"line":20,"column":8},"end":{"line":20,"column":24}},"type":"binary-expr","locations":[{"start":{"line":20,"column":8},"end":{"line":20,"column":15}},{"start":{"line":20,"column":19},"end":{"line":20,"column":24}}]}},"s":{"0":4,"1":4,"2":4,"3":4,"4":4,"5":4,"6":0,"7":0,"8":0,"9":0,"10":0,"11":0,"12":0,"13":0,"14":0,"15":0,"16":0,"17":0,"18":4},"f":{"0":0},"b":{"0":[0,0],"1":[0,0]}}
,"/Users/mailbitsales/Desktop/Java-Script+React/MyBabyCare/server/src/controllers/diaperController.ts": {"path":"/Users/mailbitsales/Desktop/Java-Script+React/MyBabyCare/server/src/controllers/diaperController.ts","statementMap":{"0":{"start":{"line":2,"column":0},"end":{"line":2,"column":61}},"1":{"start":{"line":9,"column":0},"end":{"line":9,"column":47}},"2":{"start":{"line":10,"column":0},"end":{"line":10,"column":null}},"3":{"start":{"line":23,"column":25},"end":{"line":71,"column":1}},"4":{"start":{"line":27,"column":2},"end":{"line":70,"column":3}},"5":{"start":{"line":28,"column":23},"end":{"line":28,"column":33}},"6":{"start":{"line":30,"column":63},"end":{"line":30,"column":72}},"7":{"start":{"line":32,"column":23},"end":{"line":32,"column":33}},"8":{"start":{"line":34,"column":4},"end":{"line":38,"column":5}},"9":{"start":{"line":35,"column":6},"end":{"line":35,"column":22}},"10":{"start":{"line":36,"column":6},"end":{"line":36,"column":69}},"11":{"start":{"line":36,"column":21},"end":{"line":36,"column":69}},"12":{"start":{"line":37,"column":6},"end":{"line":37,"column":65}},"13":{"start":{"line":37,"column":19},"end":{"line":37,"column":65}},"14":{"start":{"line":40,"column":4},"end":{"line":42,"column":5}},"15":{"start":{"line":41,"column":6},"end":{"line":41,"column":24}},"16":{"start":{"line":44,"column":30},"end":{"line":49,"column":13}},"17":{"start":{"line":51,"column":18},"end":{"line":51,"column":52}},"18":{"start":{"line":53,"column":4},"end":{"line":56,"column":5}},"19":{"start":{"line":54,"column":6},"end":{"line":54,"column":70}},"20":{"start":{"line":55,"column":6},"end":{"line":55,"column":13}},"21":{"start":{"line":58,"column":4},"end":{"line":66,"column":7}},"22":{"start":{"line":68,"column":4},"end":{"line":68,"column":23}},"23":{"start":{"line":69,"column":4},"end":{"line":69,"column":50}},"24":{"start":{"line":23,"column":13},"end":{"line":23,"column":25}},"25":{"start":{"line":73,"column":28},"end":{"line":101,"column":1}},"26":{"start":{"line":77,"column":2},"end":{"line":100,"column":3}},"27":{"start":{"line":78,"column":23},"end":{"line":78,"column":33}},"28":{"start":{"line":80,"column":4},"end":{"line":80,"column":57}},"29":{"start":{"line":80,"column":50},"end":{"line":80,"column":57}},"30":{"start":{"line":82,"column":34},"end":{"line":82,"column":42}},"31":{"start":{"line":84,"column":23},"end":{"line":84,"column":57}},"32":{"start":{"line":86,"column":31},"end":{"line":91,"column":6}},"33":{"start":{"line":93,"column":4},"end":{"line":96,"column":7}},"34":{"start":{"line":98,"column":4},"end":{"line":98,"column":23}},"35":{"start":{"line":99,"column":4},"end":{"line":99,"column":50}},"36":{"start":{"line":73,"column":13},"end":{"line":73,"column":28}},"37":{"start":{"line":103,"column":26},"end":{"line":143,"column":1}},"38":{"start":{"line":107,"column":2},"end":{"line":142,"column":3}},"39":{"start":{"line":108,"column":25},"end":{"line":108,"column":35}},"40":{"start":{"line":110,"column":4},"end":{"line":110,"column":55}},"41":{"start":{"line":110,"column":48},"end":{"line":110,"column":55}},"42":{"start":{"line":111,"column":4},"end":{"line":111,"column":65}},"43":{"start":{"line":111,"column":58},"end":{"line":111,"column":65}},"44":{"start":{"line":113,"column":34},"end":{"line":113,"column":42}},"45":{"start":{"line":119,"column":9},"end":{"line":119,"column":11}},"46":{"start":{"line":121,"column":4},"end":{"line":121,"column":49}},"47":{"start":{"line":121,"column":14},"end":{"line":121,"column":49}},"48":{"start":{"line":122,"column":4},"end":{"line":122,"column":53}},"49":{"start":{"line":122,"column":28},"end":{"line":122,"column":53}},"50":{"start":{"line":123,"column":4},"end":{"line":123,"column":56}},"51":{"start":{"line":123,"column":29},"end":{"line":123,"column":56}},"52":{"start":{"line":125,"column":26},"end":{"line":128,"column":null}},"53":{"start":{"line":131,"column":4},"end":{"line":134,"column":5}},"54":{"start":{"line":132,"column":6},"end":{"line":132,"column":64}},"55":{"start":{"line":133,"column":6},"end":{"line":133,"column":13}},"56":{"start":{"line":136,"column":4},"end":{"line":138,"column":79}},"57":{"start":{"line":140,"column":4},"end":{"line":140,"column":56}},"58":{"start":{"line":141,"column":4},"end":{"line":141,"column":50}},"59":{"start":{"line":103,"column":13},"end":{"line":103,"column":26}},"60":{"start":{"line":145,"column":28},"end":{"line":166,"column":1}},"61":{"start":{"line":149,"column":2},"end":{"line":165,"column":3}},"62":{"start":{"line":150,"column":25},"end":{"line":150,"column":35}},"63":{"start":{"line":152,"column":4},"end":{"line":152,"column":65}},"64":{"start":{"line":152,"column":58},"end":{"line":152,"column":65}},"65":{"start":{"line":154,"column":19},"end":{"line":154,"column":60}},"66":{"start":{"line":156,"column":4},"end":{"line":159,"column":5}},"67":{"start":{"line":157,"column":6},"end":{"line":157,"column":28}},"68":{"start":{"line":158,"column":6},"end":{"line":158,"column":13}},"69":{"start":{"line":161,"column":4},"end":{"line":161,"column":26}},"70":{"start":{"line":163,"column":4},"end":{"line":163,"column":56}},"71":{"start":{"line":164,"column":4},"end":{"line":164,"column":50}},"72":{"start":{"line":145,"column":13},"end":{"line":145,"column":28}}},"fnMap":{"0":{"name":"(anonymous_0)","decl":{"start":{"line":23,"column":25},"end":{"line":23,"column":30}},"loc":{"start":{"line":26,"column":4},"end":{"line":71,"column":1}}},"1":{"name":"(anonymous_1)","decl":{"start":{"line":73,"column":28},"end":{"line":73,"column":33}},"loc":{"start":{"line":76,"column":4},"end":{"line":101,"column":1}}},"2":{"name":"(anonymous_2)","decl":{"start":{"line":103,"column":26},"end":{"line":103,"column":31}},"loc":{"start":{"line":106,"column":4},"end":{"line":143,"column":1}}},"3":{"name":"(anonymous_3)","decl":{"start":{"line":145,"column":28},"end":{"line":145,"column":33}},"loc":{"start":{"line":148,"column":4},"end":{"line":166,"column":1}}}},"branchMap":{"0":{"loc":{"start":{"line":30,"column":12},"end":{"line":30,"column":22}},"type":"default-arg","locations":[{"start":{"line":30,"column":20},"end":{"line":30,"column":22}}]},"1":{"loc":{"start":{"line":30,"column":24},"end":{"line":30,"column":32}},"type":"default-arg","locations":[{"start":{"line":30,"column":31},"end":{"line":30,"column":32}}]},"2":{"loc":{"start":{"line":34,"column":4},"end":{"line":38,"column":5}},"type":"if","locations":[{"start":{"line":34,"column":4},"end":{"line":38,"column":5}},{"start":{},"end":{}}]},"3":{"loc":{"start":{"line":34,"column":8},"end":{"line":34,"column":28}},"type":"binary-expr","locations":[{"start":{"line":34,"column":8},"end":{"line":34,"column":17}},{"start":{"line":34,"column":21},"end":{"line":34,"column":28}}]},"4":{"loc":{"start":{"line":36,"column":6},"end":{"line":36,"column":69}},"type":"if","locations":[{"start":{"line":36,"column":6},"end":{"line":36,"column":69}},{"start":{},"end":{}}]},"5":{"loc":{"start":{"line":37,"column":6},"end":{"line":37,"column":65}},"type":"if","locations":[{"start":{"line":37,"column":6},"end":{"line":37,"column":65}},{"start":{},"end":{}}]},"6":{"loc":{"start":{"line":40,"column":4},"end":{"line":42,"column":5}},"type":"if","locations":[{"start":{"line":40,"column":4},"end":{"line":42,"column":5}},{"start":{},"end":{}}]},"7":{"loc":{"start":{"line":40,"column":8},"end":{"line":40,"column":30}},"type":"binary-expr","locations":[{"start":{"line":40,"column":8},"end":{"line":40,"column":12}},{"start":{"line":40,"column":16},"end":{"line":40,"column":30}}]},"8":{"loc":{"start":{"line":53,"column":4},"end":{"line":56,"column":5}},"type":"if","locations":[{"start":{"line":53,"column":4},"end":{"line":56,"column":5}},{"start":{},"end":{}}]},"9":{"loc":{"start":{"line":53,"column":8},"end":{"line":53,"column":38}},"type":"binary-expr","locations":[{"start":{"line":53,"column":8},"end":{"line":53,"column":15}},{"start":{"line":53,"column":19},"end":{"line":53,"column":38}}]},"10":{"loc":{"start":{"line":80,"column":4},"end":{"line":80,"column":57}},"type":"if","locations":[{"start":{"line":80,"column":4},"end":{"line":80,"column":57}},{"start":{},"end":{}}]},"11":{"loc":{"start":{"line":84,"column":23},"end":{"line":84,"column":57}},"type":"cond-expr","locations":[{"start":{"line":84,"column":30},"end":{"line":84,"column":44}},{"start":{"line":84,"column":47},"end":{"line":84,"column":57}}]},"12":{"loc":{"start":{"line":110,"column":4},"end":{"line":110,"column":55}},"type":"if","locations":[{"start":{"line":110,"column":4},"end":{"line":110,"column":55}},{"start":{},"end":{}}]},"13":{"loc":{"start":{"line":111,"column":4},"end":{"line":111,"column":65}},"type":"if","locations":[{"start":{"line":111,"column":4},"end":{"line":111,"column":65}},{"start":{},"end":{}}]},"14":{"loc":{"start":{"line":121,"column":4},"end":{"line":121,"column":49}},"type":"if","locations":[{"start":{"line":121,"column":4},"end":{"line":121,"column":49}},{"start":{},"end":{}}]},"15":{"loc":{"start":{"line":122,"column":4},"end":{"line":122,"column":53}},"type":"if","locations":[{"start":{"line":122,"column":4},"end":{"line":122,"column":53}},{"start":{},"end":{}}]},"16":{"loc":{"start":{"line":123,"column":4},"end":{"line":123,"column":56}},"type":"if","locations":[{"start":{"line":123,"column":4},"end":{"line":123,"column":56}},{"start":{},"end":{}}]},"17":{"loc":{"start":{"line":131,"column":4},"end":{"line":134,"column":5}},"type":"if","locations":[{"start":{"line":131,"column":4},"end":{"line":134,"column":5}},{"start":{},"end":{}}]},"18":{"loc":{"start":{"line":152,"column":4},"end":{"line":152,"column":65}},"type":"if","locations":[{"start":{"line":152,"column":4},"end":{"line":152,"column":65}},{"start":{},"end":{}}]},"19":{"loc":{"start":{"line":156,"column":4},"end":{"line":159,"column":5}},"type":"if","locations":[{"start":{"line":156,"column":4},"end":{"line":159,"column":5}},{"start":{},"end":{}}]}},"s":{"0":4,"1":4,"2":4,"3":4,"4":0,"5":0,"6":0,"7":0,"8":0,"9":0,"10":0,"11":0,"12":0,"13":0,"14":0,"15":0,"16":0,"17":0,"18":0,"19":0,"20":0,"21":0,"22":0,"23":0,"24":4,"25":4,"26":0,"27":0,"28":0,"29":0,"30":0,"31":0,"32":0,"33":0,"34":0,"35":0,"36":4,"37":4,"38":0,"39":0,"40":0,"41":0,"42":0,"43":0,"44":0,"45":0,"46":0,"47":0,"48":0,"49":0,"50":0,"51":0,"52":0,"53":0,"54":0,"55":0,"56":0,"57":0,"58":0,"59":4,"60":4,"61":0,"62":0,"63":0,"64":0,"65":0,"66":0,"67":0,"68":0,"69":0,"70":0,"71":0,"72":4},"f":{"0":0,"1":0,"2":0,"3":0},"b":{"0":[0],"1":[0],"2":[0,0],"3":[0,0],"4":[0,0],"5":[0,0],"6":[0,0],"7":[0,0],"8":[0,0],"9":[0,0],"10":[0,0],"11":[0,0],"12":[0,0],"13":[0,0],"14":[0,0],"15":[0,0],"16":[0,0],"17":[0,0],"18":[0,0],"19":[0,0]}}
,"/Users/mailbitsales/Desktop/Java-Script+React/MyBabyCare/server/src/controllers/feedingsController.ts": {"path":"/Users/mailbitsales/Desktop/Java-Script+React/MyBabyCare/server/src/controllers/feedingsController.ts","statementMap":{"0":{"start":{"line":2,"column":0},"end":{"line":2,"column":61}},"1":{"start":{"line":3,"column":0},"end":{"line":3,"column":49}},"2":{"start":{"line":15,"column":43},"end":{"line":50,"column":1}},"3":{"start":{"line":16,"column":2},"end":{"line":49,"column":3}},"4":{"start":{"line":17,"column":23},"end":{"line":17,"column":33}},"5":{"start":{"line":18,"column":57},"end":{"line":18,"column":66}},"6":{"start":{"line":20,"column":23},"end":{"line":20,"column":33}},"7":{"start":{"line":22,"column":4},"end":{"line":26,"column":5}},"8":{"start":{"line":23,"column":6},"end":{"line":23,"column":22}},"9":{"start":{"line":24,"column":6},"end":{"line":24,"column":69}},"10":{"start":{"line":24,"column":21},"end":{"line":24,"column":69}},"11":{"start":{"line":25,"column":6},"end":{"line":25,"column":65}},"12":{"start":{"line":25,"column":19},"end":{"line":25,"column":65}},"13":{"start":{"line":28,"column":33},"end":{"line":33,"column":13}},"14":{"start":{"line":35,"column":18},"end":{"line":35,"column":53}},"15":{"start":{"line":37,"column":4},"end":{"line":45,"column":7}},"16":{"start":{"line":47,"column":4},"end":{"line":47,"column":23}},"17":{"start":{"line":48,"column":4},"end":{"line":48,"column":50}},"18":{"start":{"line":15,"column":13},"end":{"line":15,"column":43}},"19":{"start":{"line":56,"column":4},"end":{"line":79,"column":1}},"20":{"start":{"line":57,"column":2},"end":{"line":78,"column":3}},"21":{"start":{"line":58,"column":23},"end":{"line":58,"column":33}},"22":{"start":{"line":59,"column":42},"end":{"line":59,"column":50}},"23":{"start":{"line":61,"column":24},"end":{"line":61,"column":58}},"24":{"start":{"line":63,"column":20},"end":{"line":69,"column":6}},"25":{"start":{"line":71,"column":4},"end":{"line":74,"column":7}},"26":{"start":{"line":76,"column":4},"end":{"line":76,"column":23}},"27":{"start":{"line":77,"column":4},"end":{"line":77,"column":50}},"28":{"start":{"line":52,"column":13},"end":{"line":52,"column":null}},"29":{"start":{"line":85,"column":4},"end":{"line":111,"column":1}},"30":{"start":{"line":86,"column":2},"end":{"line":110,"column":3}},"31":{"start":{"line":87,"column":26},"end":{"line":87,"column":36}},"32":{"start":{"line":88,"column":42},"end":{"line":88,"column":50}},"33":{"start":{"line":89,"column":25},"end":{"line":89,"column":54}},"34":{"start":{"line":91,"column":4},"end":{"line":91,"column":64}},"35":{"start":{"line":91,"column":57},"end":{"line":91,"column":64}},"36":{"start":{"line":93,"column":44},"end":{"line":96,"column":null}},"37":{"start":{"line":99,"column":4},"end":{"line":102,"column":5}},"38":{"start":{"line":100,"column":6},"end":{"line":100,"column":75}},"39":{"start":{"line":101,"column":6},"end":{"line":101,"column":13}},"40":{"start":{"line":104,"column":4},"end":{"line":106,"column":73}},"41":{"start":{"line":108,"column":4},"end":{"line":108,"column":48}},"42":{"start":{"line":109,"column":4},"end":{"line":109,"column":50}},"43":{"start":{"line":81,"column":13},"end":{"line":81,"column":null}},"44":{"start":{"line":113,"column":45},"end":{"line":122,"column":1}},"45":{"start":{"line":114,"column":2},"end":{"line":121,"column":3}},"46":{"start":{"line":115,"column":26},"end":{"line":115,"column":36}},"47":{"start":{"line":116,"column":4},"end":{"line":116,"column":47}},"48":{"start":{"line":117,"column":4},"end":{"line":117,"column":48}},"49":{"start":{"line":119,"column":4},"end":{"line":119,"column":48}},"50":{"start":{"line":120,"column":4},"end":{"line":120,"column":50}},"51":{"start":{"line":113,"column":13},"end":{"line":113,"column":45}}},"fnMap":{"0":{"name":"(anonymous_0)","decl":{"start":{"line":15,"column":43},"end":{"line":15,"column":48}},"loc":{"start":{"line":15,"column":62},"end":{"line":50,"column":1}}},"1":{"name":"(anonymous_1)","decl":{"start":{"line":56,"column":4},"end":{"line":56,"column":9}},"loc":{"start":{"line":56,"column":23},"end":{"line":79,"column":1}}},"2":{"name":"(anonymous_2)","decl":{"start":{"line":85,"column":4},"end":{"line":85,"column":9}},"loc":{"start":{"line":85,"column":23},"end":{"line":111,"column":1}}},"3":{"name":"(anonymous_3)","decl":{"start":{"line":113,"column":45},"end":{"line":113,"column":50}},"loc":{"start":{"line":113,"column":64},"end":{"line":122,"column":1}}}},"branchMap":{"0":{"loc":{"start":{"line":18,"column":12},"end":{"line":18,"column":22}},"type":"default-arg","locations":[{"start":{"line":18,"column":20},"end":{"line":18,"column":22}}]},"1":{"loc":{"start":{"line":18,"column":24},"end":{"line":18,"column":32}},"type":"default-arg","locations":[{"start":{"line":18,"column":31},"end":{"line":18,"column":32}}]},"2":{"loc":{"start":{"line":22,"column":4},"end":{"line":26,"column":5}},"type":"if","locations":[{"start":{"line":22,"column":4},"end":{"line":26,"column":5}},{"start":{},"end":{}}]},"3":{"loc":{"start":{"line":22,"column":8},"end":{"line":22,"column":28}},"type":"binary-expr","locations":[{"start":{"line":22,"column":8},"end":{"line":22,"column":17}},{"start":{"line":22,"column":21},"end":{"line":22,"column":28}}]},"4":{"loc":{"start":{"line":24,"column":6},"end":{"line":24,"column":69}},"type":"if","locations":[{"start":{"line":24,"column":6},"end":{"line":24,"column":69}},{"start":{},"end":{}}]},"5":{"loc":{"start":{"line":25,"column":6},"end":{"line":25,"column":65}},"type":"if","locations":[{"start":{"line":25,"column":6},"end":{"line":25,"column":65}},{"start":{},"end":{}}]},"6":{"loc":{"start":{"line":61,"column":24},"end":{"line":61,"column":58}},"type":"cond-expr","locations":[{"start":{"line":61,"column":31},"end":{"line":61,"column":45}},{"start":{"line":61,"column":48},"end":{"line":61,"column":58}}]},"7":{"loc":{"start":{"line":91,"column":4},"end":{"line":91,"column":64}},"type":"if","locations":[{"start":{"line":91,"column":4},"end":{"line":91,"column":64}},{"start":{},"end":{}}]},"8":{"loc":{"start":{"line":99,"column":4},"end":{"line":102,"column":5}},"type":"if","locations":[{"start":{"line":99,"column":4},"end":{"line":102,"column":5}},{"start":{},"end":{}}]}},"s":{"0":4,"1":4,"2":4,"3":1,"4":1,"5":1,"6":1,"7":1,"8":0,"9":0,"10":0,"11":0,"12":0,"13":1,"14":1,"15":1,"16":0,"17":0,"18":4,"19":4,"20":1,"21":1,"22":1,"23":1,"24":1,"25":1,"26":0,"27":0,"28":4,"29":4,"30":1,"31":1,"32":1,"33":1,"34":1,"35":0,"36":1,"37":1,"38":0,"39":0,"40":1,"41":0,"42":0,"43":4,"44":4,"45":1,"46":1,"47":1,"48":1,"49":0,"50":0,"51":4},"f":{"0":1,"1":1,"2":1,"3":1},"b":{"0":[0],"1":[0],"2":[0,1],"3":[1,1],"4":[0,0],"5":[0,0],"6":[1,0],"7":[0,1],"8":[0,1]}}
,"/Users/mailbitsales/Desktop/Java-Script+React/MyBabyCare/server/src/controllers/healthController.ts": {"path":"/Users/mailbitsales/Desktop/Java-Script+React/MyBabyCare/server/src/controllers/healthController.ts","statementMap":{"0":{"start":{"line":2,"column":0},"end":{"line":2,"column":47}},"1":{"start":{"line":4,"column":44},"end":{"line":27,"column":1}},"2":{"start":{"line":5,"column":2},"end":{"line":26,"column":3}},"3":{"start":{"line":6,"column":49},"end":{"line":6,"column":57}},"4":{"start":{"line":8,"column":25},"end":{"line":14,"column":6}},"5":{"start":{"line":16,"column":4},"end":{"line":16,"column":30}},"6":{"start":{"line":18,"column":4},"end":{"line":21,"column":7}},"7":{"start":{"line":23,"column":4},"end":{"line":25,"column":7}},"8":{"start":{"line":4,"column":13},"end":{"line":4,"column":44}}},"fnMap":{"0":{"name":"(anonymous_0)","decl":{"start":{"line":4,"column":44},"end":{"line":4,"column":49}},"loc":{"start":{"line":4,"column":63},"end":{"line":27,"column":1}}}},"branchMap":{"0":{"loc":{"start":{"line":13,"column":12},"end":{"line":13,"column":46}},"type":"cond-expr","locations":[{"start":{"line":13,"column":19},"end":{"line":13,"column":33}},{"start":{"line":13,"column":36},"end":{"line":13,"column":46}}]},"1":{"loc":{"start":{"line":24,"column":15},"end":{"line":24,"column":57}},"type":"binary-expr","locations":[{"start":{"line":24,"column":15},"end":{"line":24,"column":26}},{"start":{"line":24,"column":30},"end":{"line":24,"column":57}}]}},"s":{"0":4,"1":4,"2":0,"3":0,"4":0,"5":0,"6":0,"7":0,"8":4},"f":{"0":0},"b":{"0":[0,0],"1":[0,0]}}
,"/Users/mailbitsales/Desktop/Java-Script+React/MyBabyCare/server/src/controllers/sleepController.ts": {"path":"/Users/mailbitsales/Desktop/Java-Script+React/MyBabyCare/server/src/controllers/sleepController.ts","statementMap":{"0":{"start":{"line":2,"column":0},"end":{"line":2,"column":61}},"1":{"start":{"line":3,"column":0},"end":{"line":3,"column":48}},"2":{"start":{"line":10,"column":0},"end":{"line":10,"column":null}},"3":{"start":{"line":24,"column":58},"end":{"line":64,"column":1}},"4":{"start":{"line":25,"column":2},"end":{"line":63,"column":3}},"5":{"start":{"line":26,"column":23},"end":{"line":26,"column":33}},"6":{"start":{"line":27,"column":57},"end":{"line":27,"column":66}},"7":{"start":{"line":29,"column":23},"end":{"line":29,"column":33}},"8":{"start":{"line":31,"column":4},"end":{"line":35,"column":5}},"9":{"start":{"line":32,"column":6},"end":{"line":32,"column":27}},"10":{"start":{"line":33,"column":6},"end":{"line":33,"column":74}},"11":{"start":{"line":33,"column":21},"end":{"line":33,"column":74}},"12":{"start":{"line":34,"column":6},"end":{"line":34,"column":70}},"13":{"start":{"line":34,"column":19},"end":{"line":34,"column":70}},"14":{"start":{"line":37,"column":31},"end":{"line":42,"column":13}},"15":{"start":{"line":44,"column":18},"end":{"line":44,"column":54}},"16":{"start":{"line":46,"column":4},"end":{"line":49,"column":5}},"17":{"start":{"line":47,"column":6},"end":{"line":47,"column":62}},"18":{"start":{"line":48,"column":6},"end":{"line":48,"column":13}},"19":{"start":{"line":51,"column":4},"end":{"line":59,"column":7}},"20":{"start":{"line":61,"column":4},"end":{"line":61,"column":23}},"21":{"start":{"line":62,"column":4},"end":{"line":62,"column":50}},"22":{"start":{"line":24,"column":13},"end":{"line":24,"column":58}},"23":{"start":{"line":70,"column":4},"end":{"line":109,"column":1}},"24":{"start":{"line":71,"column":2},"end":{"line":108,"column":3}},"25":{"start":{"line":72,"column":23},"end":{"line":72,"column":33}},"26":{"start":{"line":74,"column":4},"end":{"line":74,"column":55}},"27":{"start":{"line":74,"column":48},"end":{"line":74,"column":55}},"28":{"start":{"line":76,"column":33},"end":{"line":76,"column":41}},"29":{"start":{"line":79,"column":30},"end":{"line":82,"column":13}},"30":{"start":{"line":84,"column":4},"end":{"line":89,"column":5}},"31":{"start":{"line":85,"column":6},"end":{"line":87,"column":9}},"32":{"start":{"line":88,"column":6},"end":{"line":88,"column":13}},"33":{"start":{"line":91,"column":28},"end":{"line":91,"column":72}},"34":{"start":{"line":93,"column":29},"end":{"line":97,"column":6}},"35":{"start":{"line":99,"column":4},"end":{"line":99,"column":26}},"36":{"start":{"line":101,"column":4},"end":{"line":104,"column":7}},"37":{"start":{"line":106,"column":4},"end":{"line":106,"column":23}},"38":{"start":{"line":107,"column":4},"end":{"line":107,"column":50}},"39":{"start":{"line":66,"column":13},"end":{"line":66,"column":null}},"40":{"start":{"line":115,"column":4},"end":{"line":153,"column":1}},"41":{"start":{"line":116,"column":2},"end":{"line":152,"column":3}},"42":{"start":{"line":117,"column":23},"end":{"line":117,"column":33}},"43":{"start":{"line":119,"column":4},"end":{"line":119,"column":53}},"44":{"start":{"line":119,"column":46},"end":{"line":119,"column":53}},"45":{"start":{"line":121,"column":24},"end":{"line":121,"column":32}},"46":{"start":{"line":122,"column":26},"end":{"line":122,"column":66}},"47":{"start":{"line":125,"column":37},"end":{"line":128,"column":30}},"48":{"start":{"line":130,"column":4},"end":{"line":133,"column":5}},"49":{"start":{"line":131,"column":6},"end":{"line":131,"column":67}},"50":{"start":{"line":132,"column":6},"end":{"line":132,"column":13}},"51":{"start":{"line":135,"column":4},"end":{"line":140,"column":5}},"52":{"start":{"line":136,"column":6},"end":{"line":138,"column":68}},"53":{"start":{"line":139,"column":6},"end":{"line":139,"column":13}},"54":{"start":{"line":142,"column":4},"end":{"line":142,"column":38}},"55":{"start":{"line":143,"column":4},"end":{"line":143,"column":27}},"56":{"start":{"line":145,"column":4},"end":{"line":148,"column":7}},"57":{"start":{"line":150,"column":4},"end":{"line":150,"column":23}},"58":{"start":{"line":151,"column":4},"end":{"line":151,"column":50}},"59":{"start":{"line":111,"column":13},"end":{"line":111,"column":null}},"60":{"start":{"line":155,"column":28},"end":{"line":190,"column":1}},"61":{"start":{"line":159,"column":2},"end":{"line":189,"column":3}},"62":{"start":{"line":160,"column":27},"end":{"line":160,"column":37}},"63":{"start":{"line":162,"column":4},"end":{"line":162,"column":64}},"64":{"start":{"line":162,"column":57},"end":{"line":162,"column":64}},"65":{"start":{"line":163,"column":4},"end":{"line":163,"column":54}},"66":{"start":{"line":163,"column":47},"end":{"line":163,"column":54}},"67":{"start":{"line":165,"column":42},"end":{"line":165,"column":50}},"68":{"start":{"line":171,"column":9},"end":{"line":171,"column":11}},"69":{"start":{"line":173,"column":4},"end":{"line":173,"column":64}},"70":{"start":{"line":173,"column":19},"end":{"line":173,"column":64}},"71":{"start":{"line":174,"column":4},"end":{"line":174,"column":58}},"72":{"start":{"line":174,"column":17},"end":{"line":174,"column":58}},"73":{"start":{"line":175,"column":4},"end":{"line":175,"column":56}},"74":{"start":{"line":175,"column":29},"end":{"line":175,"column":56}},"75":{"start":{"line":177,"column":28},"end":{"line":180,"column":null}},"76":{"start":{"line":183,"column":4},"end":{"line":185,"column":74}},"77":{"start":{"line":187,"column":4},"end":{"line":187,"column":47}},"78":{"start":{"line":188,"column":4},"end":{"line":188,"column":50}},"79":{"start":{"line":155,"column":13},"end":{"line":155,"column":28}},"80":{"start":{"line":192,"column":30},"end":{"line":213,"column":1}},"81":{"start":{"line":196,"column":2},"end":{"line":212,"column":3}},"82":{"start":{"line":197,"column":27},"end":{"line":197,"column":37}},"83":{"start":{"line":199,"column":4},"end":{"line":199,"column":64}},"84":{"start":{"line":199,"column":57},"end":{"line":199,"column":64}},"85":{"start":{"line":201,"column":28},"end":{"line":201,"column":72}},"86":{"start":{"line":203,"column":4},"end":{"line":206,"column":5}},"87":{"start":{"line":204,"column":6},"end":{"line":204,"column":55}},"88":{"start":{"line":205,"column":6},"end":{"line":205,"column":13}},"89":{"start":{"line":208,"column":4},"end":{"line":208,"column":48}},"90":{"start":{"line":210,"column":4},"end":{"line":210,"column":48}},"91":{"start":{"line":211,"column":4},"end":{"line":211,"column":50}},"92":{"start":{"line":192,"column":13},"end":{"line":192,"column":30}}},"fnMap":{"0":{"name":"(anonymous_0)","decl":{"start":{"line":24,"column":58},"end":{"line":24,"column":63}},"loc":{"start":{"line":24,"column":77},"end":{"line":64,"column":1}}},"1":{"name":"(anonymous_1)","decl":{"start":{"line":70,"column":4},"end":{"line":70,"column":9}},"loc":{"start":{"line":70,"column":23},"end":{"line":109,"column":1}}},"2":{"name":"(anonymous_2)","decl":{"start":{"line":115,"column":4},"end":{"line":115,"column":9}},"loc":{"start":{"line":115,"column":23},"end":{"line":153,"column":1}}},"3":{"name":"(anonymous_3)","decl":{"start":{"line":155,"column":28},"end":{"line":155,"column":33}},"loc":{"start":{"line":158,"column":4},"end":{"line":190,"column":1}}},"4":{"name":"(anonymous_4)","decl":{"start":{"line":192,"column":30},"end":{"line":192,"column":35}},"loc":{"start":{"line":195,"column":4},"end":{"line":213,"column":1}}}},"branchMap":{"0":{"loc":{"start":{"line":27,"column":12},"end":{"line":27,"column":22}},"type":"default-arg","locations":[{"start":{"line":27,"column":20},"end":{"line":27,"column":22}}]},"1":{"loc":{"start":{"line":27,"column":24},"end":{"line":27,"column":32}},"type":"default-arg","locations":[{"start":{"line":27,"column":31},"end":{"line":27,"column":32}}]},"2":{"loc":{"start":{"line":31,"column":4},"end":{"line":35,"column":5}},"type":"if","locations":[{"start":{"line":31,"column":4},"end":{"line":35,"column":5}},{"start":{},"end":{}}]},"3":{"loc":{"start":{"line":31,"column":8},"end":{"line":31,"column":28}},"type":"binary-expr","locations":[{"start":{"line":31,"column":8},"end":{"line":31,"column":17}},{"start":{"line":31,"column":21},"end":{"line":31,"column":28}}]},"4":{"loc":{"start":{"line":33,"column":6},"end":{"line":33,"column":74}},"type":"if","locations":[{"start":{"line":33,"column":6},"end":{"line":33,"column":74}},{"start":{},"end":{}}]},"5":{"loc":{"start":{"line":34,"column":6},"end":{"line":34,"column":70}},"type":"if","locations":[{"start":{"line":34,"column":6},"end":{"line":34,"column":70}},{"start":{},"end":{}}]},"6":{"loc":{"start":{"line":46,"column":4},"end":{"line":49,"column":5}},"type":"if","locations":[{"start":{"line":46,"column":4},"end":{"line":49,"column":5}},{"start":{},"end":{}}]},"7":{"loc":{"start":{"line":46,"column":8},"end":{"line":46,"column":42}},"type":"binary-expr","locations":[{"start":{"line":46,"column":8},"end":{"line":46,"column":17}},{"start":{"line":46,"column":21},"end":{"line":46,"column":42}}]},"8":{"loc":{"start":{"line":74,"column":4},"end":{"line":74,"column":55}},"type":"if","locations":[{"start":{"line":74,"column":4},"end":{"line":74,"column":55}},{"start":{},"end":{}}]},"9":{"loc":{"start":{"line":84,"column":4},"end":{"line":89,"column":5}},"type":"if","locations":[{"start":{"line":84,"column":4},"end":{"line":89,"column":5}},{"start":{},"end":{}}]},"10":{"loc":{"start":{"line":91,"column":28},"end":{"line":91,"column":72}},"type":"cond-expr","locations":[{"start":{"line":91,"column":40},"end":{"line":91,"column":59}},{"start":{"line":91,"column":62},"end":{"line":91,"column":72}}]},"11":{"loc":{"start":{"line":119,"column":4},"end":{"line":119,"column":53}},"type":"if","locations":[{"start":{"line":119,"column":4},"end":{"line":119,"column":53}},{"start":{},"end":{}}]},"12":{"loc":{"start":{"line":122,"column":26},"end":{"line":122,"column":66}},"type":"cond-expr","locations":[{"start":{"line":122,"column":36},"end":{"line":122,"column":53}},{"start":{"line":122,"column":56},"end":{"line":122,"column":66}}]},"13":{"loc":{"start":{"line":130,"column":4},"end":{"line":133,"column":5}},"type":"if","locations":[{"start":{"line":130,"column":4},"end":{"line":133,"column":5}},{"start":{},"end":{}}]},"14":{"loc":{"start":{"line":135,"column":4},"end":{"line":140,"column":5}},"type":"if","locations":[{"start":{"line":135,"column":4},"end":{"line":140,"column":5}},{"start":{},"end":{}}]},"15":{"loc":{"start":{"line":162,"column":4},"end":{"line":162,"column":64}},"type":"if","locations":[{"start":{"line":162,"column":4},"end":{"line":162,"column":64}},{"start":{},"end":{}}]},"16":{"loc":{"start":{"line":163,"column":4},"end":{"line":163,"column":54}},"type":"if","locations":[{"start":{"line":163,"column":4},"end":{"line":163,"column":54}},{"start":{},"end":{}}]},"17":{"loc":{"start":{"line":173,"column":4},"end":{"line":173,"column":64}},"type":"if","locations":[{"start":{"line":173,"column":4},"end":{"line":173,"column":64}},{"start":{},"end":{}}]},"18":{"loc":{"start":{"line":174,"column":4},"end":{"line":174,"column":58}},"type":"if","locations":[{"start":{"line":174,"column":4},"end":{"line":174,"column":58}},{"start":{},"end":{}}]},"19":{"loc":{"start":{"line":175,"column":4},"end":{"line":175,"column":56}},"type":"if","locations":[{"start":{"line":175,"column":4},"end":{"line":175,"column":56}},{"start":{},"end":{}}]},"20":{"loc":{"start":{"line":199,"column":4},"end":{"line":199,"column":64}},"type":"if","locations":[{"start":{"line":199,"column":4},"end":{"line":199,"column":64}},{"start":{},"end":{}}]},"21":{"loc":{"start":{"line":203,"column":4},"end":{"line":206,"column":5}},"type":"if","locations":[{"start":{"line":203,"column":4},"end":{"line":206,"column":5}},{"start":{},"end":{}}]}},"s":{"0":4,"1":4,"2":4,"3":4,"4":1,"5":1,"6":1,"7":1,"8":1,"9":0,"10":0,"11":0,"12":0,"13":0,"14":1,"15":1,"16":1,"17":0,"18":0,"19":1,"20":0,"21":0,"22":4,"23":4,"24":2,"25":2,"26":2,"27":0,"28":2,"29":2,"30":2,"31":1,"32":1,"33":1,"34":1,"35":1,"36":1,"37":0,"38":0,"39":4,"40":4,"41":2,"42":2,"43":2,"44":0,"45":2,"46":2,"47":2,"48":2,"49":1,"50":1,"51":1,"52":0,"53":0,"54":1,"55":1,"56":1,"57":0,"58":0,"59":4,"60":4,"61":2,"62":2,"63":2,"64":0,"65":2,"66":1,"67":1,"68":1,"69":1,"70":0,"71":1,"72":0,"73":1,"74":1,"75":1,"76":1,"77":0,"78":0,"79":4,"80":4,"81":1,"82":1,"83":1,"84":0,"85":1,"86":1,"87":0,"88":0,"89":1,"90":0,"91":0,"92":4},"f":{"0":1,"1":2,"2":2,"3":2,"4":1},"b":{"0":[0],"1":[0],"2":[0,1],"3":[1,1],"4":[0,0],"5":[0,0],"6":[0,1],"7":[1,1],"8":[0,2],"9":[1,1],"10":[1,0],"11":[0,2],"12":[1,1],"13":[1,1],"14":[0,1],"15":[0,2],"16":[1,1],"17":[0,1],"18":[0,1],"19":[1,0],"20":[0,1],"21":[0,1]}}
,"/Users/mailbitsales/Desktop/Java-Script+React/MyBabyCare/server/src/middlewares/auth.ts": {"path":"/Users/mailbitsales/Desktop/Java-Script+React/MyBabyCare/server/src/middlewares/auth.ts","statementMap":{"0":{"start":{"line":2,"column":0},"end":{"line":2,"column":31}},"1":{"start":{"line":11,"column":27},"end":{"line":33,"column":1}},"2":{"start":{"line":16,"column":16},"end":{"line":16,"column":39}},"3":{"start":{"line":18,"column":2},"end":{"line":21,"column":3}},"4":{"start":{"line":19,"column":4},"end":{"line":19,"column":43}},"5":{"start":{"line":20,"column":4},"end":{"line":20,"column":11}},"6":{"start":{"line":23,"column":2},"end":{"line":32,"column":3}},"7":{"start":{"line":24,"column":19},"end":{"line":24,"column":51}},"8":{"start":{"line":25,"column":17},"end":{"line":25,"column":53}},"9":{"start":{"line":26,"column":4},"end":{"line":26,"column":20}},"10":{"start":{"line":27,"column":4},"end":{"line":27,"column":11}},"11":{"start":{"line":29,"column":4},"end":{"line":29,"column":51}},"12":{"start":{"line":30,"column":4},"end":{"line":30,"column":24}},"13":{"start":{"line":31,"column":4},"end":{"line":31,"column":11}},"14":{"start":{"line":11,"column":13},"end":{"line":11,"column":27}}},"fnMap":{"0":{"name":"(anonymous_1)","decl":{"start":{"line":11,"column":27},"end":{"line":11,"column":null}},"loc":{"start":{"line":15,"column":10},"end":{"line":33,"column":1}}}},"branchMap":{"0":{"loc":{"start":{"line":18,"column":2},"end":{"line":21,"column":3}},"type":"if","locations":[{"start":{"line":18,"column":2},"end":{"line":21,"column":3}},{"start":{},"end":{}}]}},"s":{"0":4,"1":4,"2":22,"3":22,"4":0,"5":0,"6":22,"7":22,"8":22,"9":22,"10":22,"11":0,"12":0,"13":0,"14":4},"f":{"0":22},"b":{"0":[0,22]}}
,"/Users/mailbitsales/Desktop/Java-Script+React/MyBabyCare/server/src/middlewares/uploadImageMiddleware.ts": {"path":"/Users/mailbitsales/Desktop/Java-Script+React/MyBabyCare/server/src/middlewares/uploadImageMiddleware.ts","statementMap":{"0":{"start":{"line":1,"column":0},"end":{"line":1,"column":28}},"1":{"start":{"line":2,"column":0},"end":{"line":2,"column":24}},"2":{"start":{"line":5,"column":16},"end":{"line":14,"column":2}},"3":{"start":{"line":7,"column":4},"end":{"line":7,"column":68}},"4":{"start":{"line":10,"column":25},"end":{"line":10,"column":75}},"5":{"start":{"line":11,"column":16},"end":{"line":11,"column":47}},"6":{"start":{"line":12,"column":4},"end":{"line":12,"column":43}},"7":{"start":{"line":16,"column":15},"end":{"line":16,"column":34}},"8":{"start":{"line":18,"column":0},"end":{"line":18,"column":22}}},"fnMap":{"0":{"name":"(anonymous_1)","decl":{"start":{"line":6,"column":15},"end":{"line":6,"column":25}},"loc":{"start":{"line":6,"column":38},"end":{"line":8,"column":3}}},"1":{"name":"(anonymous_2)","decl":{"start":{"line":9,"column":12},"end":{"line":9,"column":22}},"loc":{"start":{"line":9,"column":35},"end":{"line":13,"column":3}}}},"branchMap":{},"s":{"0":4,"1":4,"2":4,"3":0,"4":0,"5":0,"6":0,"7":4,"8":4},"f":{"0":0,"1":0},"b":{}}
,"/Users/mailbitsales/Desktop/Java-Script+React/MyBabyCare/server/src/middlewares/verifyBabyOwnership.ts": {"path":"/Users/mailbitsales/Desktop/Java-Script+React/MyBabyCare/server/src/middlewares/verifyBabyOwnership.ts","statementMap":{"0":{"start":{"line":13,"column":0},"end":{"line":13,"column":7}},"1":{"start":{"line":2,"column":0},"end":{"line":2,"column":32}},"2":{"start":{"line":3,"column":0},"end":{"line":3,"column":43}},"3":{"start":{"line":18,"column":17},"end":{"line":18,"column":29}},"4":{"start":{"line":19,"column":21},"end":{"line":19,"column":31}},"5":{"start":{"line":21,"column":2},"end":{"line":24,"column":3}},"6":{"start":{"line":22,"column":4},"end":{"line":22,"column":54}},"7":{"start":{"line":23,"column":4},"end":{"line":23,"column":11}},"8":{"start":{"line":26,"column":2},"end":{"line":29,"column":3}},"9":{"start":{"line":27,"column":4},"end":{"line":27,"column":58}},"10":{"start":{"line":28,"column":4},"end":{"line":28,"column":11}},"11":{"start":{"line":31,"column":2},"end":{"line":43,"column":3}},"12":{"start":{"line":32,"column":17},"end":{"line":32,"column":60}},"13":{"start":{"line":33,"column":4},"end":{"line":36,"column":5}},"14":{"start":{"line":34,"column":6},"end":{"line":34,"column":73}},"15":{"start":{"line":35,"column":6},"end":{"line":35,"column":13}},"16":{"start":{"line":38,"column":4},"end":{"line":38,"column":20}},"17":{"start":{"line":39,"column":4},"end":{"line":39,"column":11}},"18":{"start":{"line":41,"column":4},"end":{"line":41,"column":50}},"19":{"start":{"line":42,"column":4},"end":{"line":42,"column":11}}},"fnMap":{"0":{"name":"verifyBabyOwnership","decl":{"start":{"line":13,"column":22},"end":{"line":13,"column":41}},"loc":{"start":{"line":16,"column":20},"end":{"line":44,"column":1}}}},"branchMap":{"0":{"loc":{"start":{"line":21,"column":2},"end":{"line":24,"column":3}},"type":"if","locations":[{"start":{"line":21,"column":2},"end":{"line":24,"column":3}},{"start":{},"end":{}}]},"1":{"loc":{"start":{"line":26,"column":2},"end":{"line":29,"column":3}},"type":"if","locations":[{"start":{"line":26,"column":2},"end":{"line":29,"column":3}},{"start":{},"end":{}}]},"2":{"loc":{"start":{"line":26,"column":6},"end":{"line":26,"column":57}},"type":"binary-expr","locations":[{"start":{"line":26,"column":6},"end":{"line":26,"column":13}},{"start":{"line":26,"column":17},"end":{"line":26,"column":57}}]},"3":{"loc":{"start":{"line":33,"column":4},"end":{"line":36,"column":5}},"type":"if","locations":[{"start":{"line":33,"column":4},"end":{"line":36,"column":5}},{"start":{},"end":{}}]}},"s":{"0":4,"1":4,"2":4,"3":10,"4":10,"5":10,"6":0,"7":0,"8":10,"9":3,"10":3,"11":7,"12":7,"13":7,"14":0,"15":0,"16":7,"17":7,"18":0,"19":0},"f":{"0":10},"b":{"0":[0,10],"1":[3,7],"2":[10,10],"3":[0,7]}}
,"/Users/mailbitsales/Desktop/Java-Script+React/MyBabyCare/server/src/middlewares/verifyDiaperOwnership.ts": {"path":"/Users/mailbitsales/Desktop/Java-Script+React/MyBabyCare/server/src/middlewares/verifyDiaperOwnership.ts","statementMap":{"0":{"start":{"line":2,"column":0},"end":{"line":2,"column":61}},"1":{"start":{"line":4,"column":0},"end":{"line":4,"column":47}},"2":{"start":{"line":13,"column":53},"end":{"line":38,"column":1}},"3":{"start":{"line":14,"column":23},"end":{"line":14,"column":33}},"4":{"start":{"line":16,"column":2},"end":{"line":16,"column":60}},"5":{"start":{"line":16,"column":53},"end":{"line":16,"column":60}},"6":{"start":{"line":18,"column":2},"end":{"line":37,"column":3}},"7":{"start":{"line":19,"column":19},"end":{"line":23,"column":13}},"8":{"start":{"line":25,"column":4},"end":{"line":30,"column":5}},"9":{"start":{"line":26,"column":6},"end":{"line":28,"column":9}},"10":{"start":{"line":29,"column":6},"end":{"line":29,"column":13}},"11":{"start":{"line":32,"column":4},"end":{"line":32,"column":31}},"12":{"start":{"line":33,"column":4},"end":{"line":33,"column":11}},"13":{"start":{"line":35,"column":4},"end":{"line":35,"column":56}},"14":{"start":{"line":36,"column":4},"end":{"line":36,"column":50}},"15":{"start":{"line":13,"column":13},"end":{"line":13,"column":53}}},"fnMap":{"0":{"name":"(anonymous_0)","decl":{"start":{"line":13,"column":53},"end":{"line":13,"column":58}},"loc":{"start":{"line":13,"column":78},"end":{"line":38,"column":1}}}},"branchMap":{"0":{"loc":{"start":{"line":16,"column":2},"end":{"line":16,"column":60}},"type":"if","locations":[{"start":{"line":16,"column":2},"end":{"line":16,"column":60}},{"start":{},"end":{}}]},"1":{"loc":{"start":{"line":25,"column":4},"end":{"line":30,"column":5}},"type":"if","locations":[{"start":{"line":25,"column":4},"end":{"line":30,"column":5}},{"start":{},"end":{}}]},"2":{"loc":{"start":{"line":25,"column":8},"end":{"line":25,"column":67}},"type":"binary-expr","locations":[{"start":{"line":25,"column":8},"end":{"line":25,"column":15}},{"start":{"line":25,"column":19},"end":{"line":25,"column":67}}]}},"s":{"0":4,"1":4,"2":4,"3":0,"4":0,"5":0,"6":0,"7":0,"8":0,"9":0,"10":0,"11":0,"12":0,"13":0,"14":0,"15":4},"f":{"0":0},"b":{"0":[0,0],"1":[0,0],"2":[0,0]}}
,"/Users/mailbitsales/Desktop/Java-Script+React/MyBabyCare/server/src/middlewares/verifyFeedingOwnership.ts": {"path":"/Users/mailbitsales/Desktop/Java-Script+React/MyBabyCare/server/src/middlewares/verifyFeedingOwnership.ts","statementMap":{"0":{"start":{"line":2,"column":0},"end":{"line":2,"column":49}},"1":{"start":{"line":5,"column":0},"end":{"line":5,"column":61}},"2":{"start":{"line":15,"column":38},"end":{"line":48,"column":1}},"3":{"start":{"line":20,"column":24},"end":{"line":20,"column":34}},"4":{"start":{"line":23,"column":2},"end":{"line":23,"column":61}},"5":{"start":{"line":23,"column":54},"end":{"line":23,"column":61}},"6":{"start":{"line":25,"column":2},"end":{"line":47,"column":3}},"7":{"start":{"line":26,"column":20},"end":{"line":30,"column":13}},"8":{"start":{"line":32,"column":4},"end":{"line":39,"column":5}},"9":{"start":{"line":37,"column":6},"end":{"line":37,"column":75}},"10":{"start":{"line":38,"column":6},"end":{"line":38,"column":13}},"11":{"start":{"line":42,"column":4},"end":{"line":42,"column":33}},"12":{"start":{"line":43,"column":4},"end":{"line":43,"column":11}},"13":{"start":{"line":45,"column":4},"end":{"line":45,"column":54}},"14":{"start":{"line":46,"column":4},"end":{"line":46,"column":50}},"15":{"start":{"line":15,"column":13},"end":{"line":15,"column":38}}},"fnMap":{"0":{"name":"(anonymous_0)","decl":{"start":{"line":15,"column":38},"end":{"line":15,"column":43}},"loc":{"start":{"line":19,"column":4},"end":{"line":48,"column":1}}}},"branchMap":{"0":{"loc":{"start":{"line":23,"column":2},"end":{"line":23,"column":61}},"type":"if","locations":[{"start":{"line":23,"column":2},"end":{"line":23,"column":61}},{"start":{},"end":{}}]},"1":{"loc":{"start":{"line":32,"column":4},"end":{"line":39,"column":5}},"type":"if","locations":[{"start":{"line":32,"column":4},"end":{"line":39,"column":5}},{"start":{},"end":{}}]},"2":{"loc":{"start":{"line":33,"column":6},"end":{"line":35,"column":55}},"type":"binary-expr","locations":[{"start":{"line":33,"column":6},"end":{"line":33,"column":14}},{"start":{"line":34,"column":6},"end":{"line":34,"column":21}},{"start":{"line":35,"column":6},"end":{"line":35,"column":55}}]}},"s":{"0":4,"1":4,"2":4,"3":3,"4":3,"5":0,"6":3,"7":3,"8":3,"9":0,"10":0,"11":3,"12":3,"13":0,"14":0,"15":4},"f":{"0":3},"b":{"0":[0,3],"1":[0,3],"2":[3,3,3]}}
,"/Users/mailbitsales/Desktop/Java-Script+React/MyBabyCare/server/src/middlewares/verifySleepingOwnership.ts": {"path":"/Users/mailbitsales/Desktop/Java-Script+React/MyBabyCare/server/src/middlewares/verifySleepingOwnership.ts","statementMap":{"0":{"start":{"line":2,"column":0},"end":{"line":2,"column":48}},"1":{"start":{"line":3,"column":0},"end":{"line":3,"column":61}},"2":{"start":{"line":13,"column":55},"end":{"line":37,"column":1}},"3":{"start":{"line":18,"column":25},"end":{"line":18,"column":35}},"4":{"start":{"line":20,"column":2},"end":{"line":20,"column":62}},"5":{"start":{"line":20,"column":55},"end":{"line":20,"column":62}},"6":{"start":{"line":22,"column":2},"end":{"line":36,"column":20}},"7":{"start":{"line":23,"column":21},"end":{"line":27,"column":13}},"8":{"start":{"line":29,"column":4},"end":{"line":32,"column":5}},"9":{"start":{"line":30,"column":6},"end":{"line":30,"column":75}},"10":{"start":{"line":31,"column":6},"end":{"line":31,"column":13}},"11":{"start":{"line":34,"column":4},"end":{"line":34,"column":35}},"12":{"start":{"line":35,"column":4},"end":{"line":35,"column":11}},"13":{"start":{"line":13,"column":13},"end":{"line":13,"column":55}}},"fnMap":{"0":{"name":"(anonymous_0)","decl":{"start":{"line":13,"column":55},"end":{"line":13,"column":60}},"loc":{"start":{"line":17,"column":4},"end":{"line":37,"column":1}}}},"branchMap":{"0":{"loc":{"start":{"line":20,"column":2},"end":{"line":20,"column":62}},"type":"if","locations":[{"start":{"line":20,"column":2},"end":{"line":20,"column":62}},{"start":{},"end":{}}]},"1":{"loc":{"start":{"line":29,"column":4},"end":{"line":32,"column":5}},"type":"if","locations":[{"start":{"line":29,"column":4},"end":{"line":32,"column":5}},{"start":{},"end":{}}]},"2":{"loc":{"start":{"line":29,"column":8},"end":{"line":29,"column":71}},"type":"binary-expr","locations":[{"start":{"line":29,"column":8},"end":{"line":29,"column":17}},{"start":{"line":29,"column":21},"end":{"line":29,"column":71}}]}},"s":{"0":4,"1":4,"2":4,"3":3,"4":3,"5":0,"6":3,"7":3,"8":3,"9":0,"10":0,"11":3,"12":3,"13":4},"f":{"0":3},"b":{"0":[0,3],"1":[0,3],"2":[3,3]}}
,"/Users/mailbitsales/Desktop/Java-Script+React/MyBabyCare/server/src/models/DiaperModel.ts": {"path":"/Users/mailbitsales/Desktop/Java-Script+React/MyBabyCare/server/src/models/DiaperModel.ts","statementMap":{"0":{"start":{"line":1,"column":0},"end":{"line":1,"column":32}},"1":{"start":{"line":4,"column":21},"end":{"line":23,"column":null}},"2":{"start":{"line":26,"column":0},"end":{"line":26,"column":44}},"3":{"start":{"line":28,"column":13},"end":{"line":28,"column":70}}},"fnMap":{},"branchMap":{},"s":{"0":4,"1":4,"2":4,"3":4},"f":{},"b":{}}
,"/Users/mailbitsales/Desktop/Java-Script+React/MyBabyCare/server/src/models/babyModel.ts": {"path":"/Users/mailbitsales/Desktop/Java-Script+React/MyBabyCare/server/src/models/babyModel.ts","statementMap":{"0":{"start":{"line":1,"column":0},"end":{"line":1,"column":32}},"1":{"start":{"line":4,"column":19},"end":{"line":58,"column":null}},"2":{"start":{"line":31,"column":10},"end":{"line":31,"column":37}},"3":{"start":{"line":61,"column":13},"end":{"line":61,"column":62}}},"fnMap":{"0":{"name":"(anonymous_1)","decl":{"start":{"line":30,"column":19},"end":{"line":30,"column":29}},"loc":{"start":{"line":30,"column":40},"end":{"line":32,"column":9}}}},"branchMap":{},"s":{"0":4,"1":4,"2":3,"3":4},"f":{"0":3},"b":{}}
,"/Users/mailbitsales/Desktop/Java-Script+React/MyBabyCare/server/src/models/feedingModel.ts": {"path":"/Users/mailbitsales/Desktop/Java-Script+React/MyBabyCare/server/src/models/feedingModel.ts","statementMap":{"0":{"start":{"line":1,"column":0},"end":{"line":1,"column":32}},"1":{"start":{"line":4,"column":19},"end":{"line":31,"column":null}},"2":{"start":{"line":34,"column":0},"end":{"line":34,"column":42}},"3":{"start":{"line":36,"column":13},"end":{"line":36,"column":71}}},"fnMap":{},"branchMap":{},"s":{"0":4,"1":4,"2":4,"3":4},"f":{},"b":{}}
,"/Users/mailbitsales/Desktop/Java-Script+React/MyBabyCare/server/src/models/healthModel.ts": {"path":"/Users/mailbitsales/Desktop/Java-Script+React/MyBabyCare/server/src/models/healthModel.ts","statementMap":{"0":{"start":{"line":1,"column":0},"end":{"line":1,"column":32}},"1":{"start":{"line":4,"column":21},"end":{"line":39,"column":null}},"2":{"start":{"line":42,"column":0},"end":{"line":42,"column":44}},"3":{"start":{"line":44,"column":13},"end":{"line":44,"column":70}}},"fnMap":{},"branchMap":{},"s":{"0":4,"1":4,"2":4,"3":4},"f":{},"b":{}}
,"/Users/mailbitsales/Desktop/Java-Script+React/MyBabyCare/server/src/models/sleepModel.ts": {"path":"/Users/mailbitsales/Desktop/Java-Script+React/MyBabyCare/server/src/models/sleepModel.ts","statementMap":{"0":{"start":{"line":1,"column":0},"end":{"line":1,"column":32}},"1":{"start":{"line":4,"column":20},"end":{"line":18,"column":null}},"2":{"start":{"line":21,"column":0},"end":{"line":21,"column":48}},"3":{"start":{"line":23,"column":13},"end":{"line":23,"column":72}}},"fnMap":{},"branchMap":{},"s":{"0":4,"1":4,"2":4,"3":4},"f":{},"b":{}}
,"/Users/mailbitsales/Desktop/Java-Script+React/MyBabyCare/server/src/models/userModel.ts": {"path":"/Users/mailbitsales/Desktop/Java-Script+React/MyBabyCare/server/src/models/userModel.ts","statementMap":{"0":{"start":{"line":1,"column":0},"end":{"line":1,"column":32}},"1":{"start":{"line":2,"column":0},"end":{"line":2,"column":30}},"2":{"start":{"line":5,"column":19},"end":{"line":27,"column":null}},"3":{"start":{"line":30,"column":0},"end":{"line":40,"column":3}},"4":{"start":{"line":31,"column":2},"end":{"line":31,"column":50}},"5":{"start":{"line":31,"column":36},"end":{"line":31,"column":50}},"6":{"start":{"line":33,"column":2},"end":{"line":39,"column":3}},"7":{"start":{"line":34,"column":23},"end":{"line":34,"column":25}},"8":{"start":{"line":35,"column":4},"end":{"line":35,"column":65}},"9":{"start":{"line":36,"column":4},"end":{"line":36,"column":11}},"10":{"start":{"line":38,"column":4},"end":{"line":38,"column":23}},"11":{"start":{"line":42,"column":0},"end":{"line":46,"column":2}},"12":{"start":{"line":45,"column":2},"end":{"line":45,"column":53}},"13":{"start":{"line":47,"column":13},"end":{"line":47,"column":62}}},"fnMap":{"0":{"name":"(anonymous_1)","decl":{"start":{"line":30,"column":23},"end":{"line":30,"column":28}},"loc":{"start":{"line":30,"column":43},"end":{"line":40,"column":1}}},"1":{"name":"(anonymous_2)","decl":{"start":{"line":42,"column":37},"end":{"line":42,"column":42}},"loc":{"start":{"line":43,"column":22},"end":{"line":46,"column":1}}}},"branchMap":{"0":{"loc":{"start":{"line":31,"column":2},"end":{"line":31,"column":50}},"type":"if","locations":[{"start":{"line":31,"column":2},"end":{"line":31,"column":50}},{"start":{},"end":{}}]}},"s":{"0":4,"1":4,"2":4,"3":4,"4":0,"5":0,"6":0,"7":0,"8":0,"9":0,"10":0,"11":4,"12":4,"13":4},"f":{"0":0,"1":4},"b":{"0":[0,0]}}
,"/Users/mailbitsales/Desktop/Java-Script+React/MyBabyCare/server/src/routers/authRoutes.ts": {"path":"/Users/mailbitsales/Desktop/Java-Script+React/MyBabyCare/server/src/routers/authRoutes.ts","statementMap":{"0":{"start":{"line":1,"column":0},"end":{"line":1,"column":30}},"1":{"start":{"line":2,"column":0},"end":{"line":2,"column":null}},"2":{"start":{"line":9,"column":0},"end":{"line":9,"column":null}},"3":{"start":{"line":14,"column":15},"end":{"line":14,"column":31}},"4":{"start":{"line":16,"column":0},"end":{"line":16,"column":50}},"5":{"start":{"line":17,"column":0},"end":{"line":17,"column":53}},"6":{"start":{"line":18,"column":0},"end":{"line":18,"column":31}},"7":{"start":{"line":19,"column":0},"end":{"line":19,"column":50}},"8":{"start":{"line":20,"column":0},"end":{"line":20,"column":34}},"9":{"start":{"line":22,"column":0},"end":{"line":22,"column":22}}},"fnMap":{},"branchMap":{},"s":{"0":4,"1":4,"2":4,"3":4,"4":4,"5":4,"6":4,"7":4,"8":4,"9":4},"f":{},"b":{}}
,"/Users/mailbitsales/Desktop/Java-Script+React/MyBabyCare/server/src/routers/babyRoutes.ts": {"path":"/Users/mailbitsales/Desktop/Java-Script+React/MyBabyCare/server/src/routers/babyRoutes.ts","statementMap":{"0":{"start":{"line":1,"column":0},"end":{"line":1,"column":30}},"1":{"start":{"line":2,"column":0},"end":{"line":2,"column":null}},"2":{"start":{"line":9,"column":0},"end":{"line":9,"column":50}},"3":{"start":{"line":10,"column":0},"end":{"line":10,"column":73}},"4":{"start":{"line":11,"column":0},"end":{"line":11,"column":66}},"5":{"start":{"line":12,"column":0},"end":{"line":12,"column":58}},"6":{"start":{"line":14,"column":15},"end":{"line":14,"column":31}},"7":{"start":{"line":16,"column":0},"end":{"line":16,"column":40}},"8":{"start":{"line":17,"column":0},"end":{"line":23,"column":2}},"9":{"start":{"line":25,"column":0},"end":{"line":25,"column":72}},"10":{"start":{"line":26,"column":0},"end":{"line":32,"column":2}},"11":{"start":{"line":33,"column":0},"end":{"line":33,"column":72}},"12":{"start":{"line":35,"column":0},"end":{"line":35,"column":22}}},"fnMap":{},"branchMap":{},"s":{"0":4,"1":4,"2":4,"3":4,"4":4,"5":4,"6":4,"7":4,"8":4,"9":4,"10":4,"11":4,"12":4},"f":{},"b":{}}
,"/Users/mailbitsales/Desktop/Java-Script+React/MyBabyCare/server/src/routers/dailySummaryRoutes.ts": {"path":"/Users/mailbitsales/Desktop/Java-Script+React/MyBabyCare/server/src/routers/dailySummaryRoutes.ts","statementMap":{"0":{"start":{"line":1,"column":0},"end":{"line":1,"column":30}},"1":{"start":{"line":2,"column":15},"end":{"line":2,"column":31}},"2":{"start":{"line":3,"column":0},"end":{"line":3,"column":72}},"3":{"start":{"line":4,"column":0},"end":{"line":4,"column":50}},"4":{"start":{"line":5,"column":0},"end":{"line":5,"column":73}},"5":{"start":{"line":7,"column":0},"end":{"line":7,"column":74}},"6":{"start":{"line":9,"column":0},"end":{"line":9,"column":22}}},"fnMap":{},"branchMap":{},"s":{"0":4,"1":4,"2":4,"3":4,"4":4,"5":4,"6":4},"f":{},"b":{}}
,"/Users/mailbitsales/Desktop/Java-Script+React/MyBabyCare/server/src/routers/diaperRoutes.ts": {"path":"/Users/mailbitsales/Desktop/Java-Script+React/MyBabyCare/server/src/routers/diaperRoutes.ts","statementMap":{"0":{"start":{"line":1,"column":0},"end":{"line":1,"column":30}},"1":{"start":{"line":2,"column":0},"end":{"line":2,"column":50}},"2":{"start":{"line":3,"column":0},"end":{"line":3,"column":null}},"3":{"start":{"line":9,"column":0},"end":{"line":9,"column":73}},"4":{"start":{"line":10,"column":0},"end":{"line":10,"column":77}},"5":{"start":{"line":12,"column":15},"end":{"line":12,"column":31}},"6":{"start":{"line":14,"column":0},"end":{"line":14,"column":68}},"7":{"start":{"line":15,"column":0},"end":{"line":15,"column":72}},"8":{"start":{"line":17,"column":0},"end":{"line":17,"column":73}},"9":{"start":{"line":18,"column":0},"end":{"line":18,"column":78}},"10":{"start":{"line":20,"column":0},"end":{"line":20,"column":22}}},"fnMap":{},"branchMap":{},"s":{"0":4,"1":4,"2":4,"3":4,"4":4,"5":4,"6":4,"7":4,"8":4,"9":4,"10":4},"f":{},"b":{}}
,"/Users/mailbitsales/Desktop/Java-Script+React/MyBabyCare/server/src/routers/feedRoutes.ts": {"path":"/Users/mailbitsales/Desktop/Java-Script+React/MyBabyCare/server/src/routers/feedRoutes.ts","statementMap":{"0":{"start":{"line":1,"column":0},"end":{"line":1,"column":30}},"1":{"start":{"line":2,"column":0},"end":{"line":2,"column":50}},"2":{"start":{"line":3,"column":0},"end":{"line":3,"column":null}},"3":{"start":{"line":9,"column":0},"end":{"line":9,"column":73}},"4":{"start":{"line":10,"column":0},"end":{"line":10,"column":null}},"5":{"start":{"line":14,"column":0},"end":{"line":14,"column":79}},"6":{"start":{"line":16,"column":15},"end":{"line":16,"column":31}},"7":{"start":{"line":18,"column":0},"end":{"line":18,"column":70}},"8":{"start":{"line":19,"column":0},"end":{"line":25,"column":2}},"9":{"start":{"line":26,"column":0},"end":{"line":32,"column":2}},"10":{"start":{"line":33,"column":0},"end":{"line":38,"column":2}},"11":{"start":{"line":40,"column":0},"end":{"line":40,"column":22}}},"fnMap":{},"branchMap":{},"s":{"0":4,"1":4,"2":4,"3":4,"4":4,"5":4,"6":4,"7":4,"8":4,"9":4,"10":4,"11":4},"f":{},"b":{}}
,"/Users/mailbitsales/Desktop/Java-Script+React/MyBabyCare/server/src/routers/healthRoutes.ts": {"path":"/Users/mailbitsales/Desktop/Java-Script+React/MyBabyCare/server/src/routers/healthRoutes.ts","statementMap":{"0":{"start":{"line":1,"column":0},"end":{"line":1,"column":30}},"1":{"start":{"line":2,"column":0},"end":{"line":2,"column":50}},"2":{"start":{"line":3,"column":0},"end":{"line":3,"column":73}},"3":{"start":{"line":4,"column":0},"end":{"line":4,"column":63}},"4":{"start":{"line":5,"column":0},"end":{"line":5,"column":64}},"5":{"start":{"line":6,"column":15},"end":{"line":6,"column":31}},"6":{"start":{"line":8,"column":0},"end":{"line":14,"column":2}},"7":{"start":{"line":16,"column":0},"end":{"line":16,"column":22}}},"fnMap":{},"branchMap":{},"s":{"0":4,"1":4,"2":4,"3":4,"4":4,"5":4,"6":4,"7":4},"f":{},"b":{}}
,"/Users/mailbitsales/Desktop/Java-Script+React/MyBabyCare/server/src/routers/sleepRoutes.ts": {"path":"/Users/mailbitsales/Desktop/Java-Script+React/MyBabyCare/server/src/routers/sleepRoutes.ts","statementMap":{"0":{"start":{"line":1,"column":0},"end":{"line":1,"column":30}},"1":{"start":{"line":2,"column":0},"end":{"line":2,"column":null}},"2":{"start":{"line":9,"column":0},"end":{"line":9,"column":50}},"3":{"start":{"line":10,"column":0},"end":{"line":10,"column":73}},"4":{"start":{"line":11,"column":0},"end":{"line":11,"column":81}},"5":{"start":{"line":14,"column":15},"end":{"line":14,"column":31}},"6":{"start":{"line":16,"column":0},"end":{"line":16,"column":71}},"7":{"start":{"line":17,"column":0},"end":{"line":22,"column":2}},"8":{"start":{"line":23,"column":0},"end":{"line":23,"column":78}},"9":{"start":{"line":24,"column":0},"end":{"line":24,"column":79}},"10":{"start":{"line":25,"column":0},"end":{"line":30,"column":2}},"11":{"start":{"line":32,"column":0},"end":{"line":32,"column":22}}},"fnMap":{},"branchMap":{},"s":{"0":4,"1":4,"2":4,"3":4,"4":4,"5":4,"6":4,"7":4,"8":4,"9":4,"10":4,"11":4},"f":{},"b":{}}
,"/Users/mailbitsales/Desktop/Java-Script+React/MyBabyCare/server/src/swagger/auth.docs.ts": {"path":"/Users/mailbitsales/Desktop/Java-Script+React/MyBabyCare/server/src/swagger/auth.docs.ts","statementMap":{"0":{"start":{"line":1,"column":17},"end":{"line":71,"column":2}},"1":{"start":{"line":73,"column":0},"end":{"line":73,"column":24}}},"fnMap":{},"branchMap":{},"s":{"0":4,"1":4},"f":{},"b":{}}
,"/Users/mailbitsales/Desktop/Java-Script+React/MyBabyCare/server/src/swagger/baby.docs.ts": {"path":"/Users/mailbitsales/Desktop/Java-Script+React/MyBabyCare/server/src/swagger/baby.docs.ts","statementMap":{"0":{"start":{"line":1,"column":17},"end":{"line":148,"column":2}},"1":{"start":{"line":150,"column":0},"end":{"line":150,"column":24}}},"fnMap":{},"branchMap":{},"s":{"0":4,"1":4},"f":{},"b":{}}
,"/Users/mailbitsales/Desktop/Java-Script+React/MyBabyCare/server/src/swagger/dailySummary.ts": {"path":"/Users/mailbitsales/Desktop/Java-Script+React/MyBabyCare/server/src/swagger/dailySummary.ts","statementMap":{"0":{"start":{"line":1,"column":25},"end":{"line":174,"column":2}},"1":{"start":{"line":176,"column":0},"end":{"line":176,"column":32}}},"fnMap":{},"branchMap":{},"s":{"0":4,"1":4},"f":{},"b":{}}
[...]
,"/Users/mailbitsales/Desktop/Java-Script+React/MyBabyCare/server/src/validators/healthValidators.ts": {"path":"/Users/mailbitsales/Desktop/Java-Script+React/MyBabyCare/server/src/validators/healthValidators.ts","statementMap":{"0":{"start":{"line":3,"column":30},"end":{"line":75,"column":1}},"1":{"start":{"line":8,"column":47},"end":{"line":8,"column":55}},"2":{"start":{"line":10,"column":2},"end":{"line":13,"column":3}},"3":{"start":{"line":11,"column":4},"end":{"line":11,"column":68}},"4":{"start":{"line":12,"column":4},"end":{"line":12,"column":11}},"5":{"start":{"line":16,"column":21},"end":{"line":22,"column":4}},"6":{"start":{"line":24,"column":2},"end":{"line":27,"column":3}},"7":{"start":{"line":25,"column":4},"end":{"line":25,"column":64}},"8":{"start":{"line":26,"column":4},"end":{"line":26,"column":11}},"9":{"start":{"line":31,"column":2},"end":{"line":41,"column":3}},"10":{"start":{"line":32,"column":4},"end":{"line":35,"column":5}},"11":{"start":{"line":33,"column":6},"end":{"line":33,"column":75}},"12":{"start":{"line":34,"column":6},"end":{"line":34,"column":13}},"13":{"start":{"line":37,"column":4},"end":{"line":40,"column":5}},"14":{"start":{"line":38,"column":6},"end":{"line":38,"column":57}},"15":{"start":{"line":39,"column":6},"end":{"line":39,"column":13}},"16":{"start":{"line":43,"column":2},"end":{"line":48,"column":3}},"17":{"start":{"line":44,"column":4},"end":{"line":47,"column":5}},"18":{"start":{"line":45,"column":6},"end":{"line":45,"column":80}},"19":{"start":{"line":46,"column":6},"end":{"line":46,"column":13}},"20":{"start":{"line":50,"column":2},"end":{"line":55,"column":3}},"21":{"start":{"line":51,"column":4},"end":{"line":54,"column":5}},"22":{"start":{"line":52,"column":6},"end":{"line":52,"column":80}},"23":{"start":{"line":53,"column":6},"end":{"line":53,"column":13}},"24":{"start":{"line":57,"column":2},"end":{"line":62,"column":3}},"25":{"start":{"line":58,"column":4},"end":{"line":60,"column":72}},"26":{"start":{"line":61,"column":4},"end":{"line":61,"column":11}},"27":{"start":{"line":64,"column":2},"end":{"line":67,"column":3}},"28":{"start":{"line":65,"column":4},"end":{"line":65,"column":75}},"29":{"start":{"line":66,"column":4},"end":{"line":66,"column":11}},"30":{"start":{"line":69,"column":2},"end":{"line":72,"column":3}},"31":{"start":{"line":70,"column":4},"end":{"line":70,"column":53}},"32":{"start":{"line":71,"column":4},"end":{"line":71,"column":11}},"33":{"start":{"line":74,"column":2},"end":{"line":74,"column":9}},"34":{"start":{"line":3,"column":13},"end":{"line":3,"column":30}}},"fnMap":{"0":{"name":"(anonymous_0)","decl":{"start":{"line":3,"column":30},"end":{"line":3,"column":null}},"loc":{"start":{"line":7,"column":4},"end":{"line":75,"column":1}}}},"branchMap":{"0":{"loc":{"start":{"line":10,"column":2},"end":{"line":13,"column":3}},"type":"if","locations":[{"start":{"line":10,"column":2},"end":{"line":13,"column":3}},{"start":{},"end":{}}]},"1":{"loc":{"start":{"line":24,"column":2},"end":{"line":27,"column":3}},"type":"if","locations":[{"start":{"line":24,"column":2},"end":{"line":27,"column":3}},{"start":{},"end":{}}]},"2":{"loc":{"start":{"line":24,"column":6},"end":{"line":24,"column":69}},"type":"binary-expr","locations":[{"start":{"line":24,"column":6},"end":{"line":24,"column":11}},{"start":{"line":24,"column":15},"end":{"line":24,"column":39}},{"start":{"line":24,"column":43},"end":{"line":24,"column":69}}]},"3":{"loc":{"start":{"line":31,"column":2},"end":{"line":41,"column":3}},"type":"if","locations":[{"start":{"line":31,"column":2},"end":{"line":41,"column":3}},{"start":{},"end":{}}]},"4":{"loc":{"start":{"line":32,"column":4},"end":{"line":35,"column":5}},"type":"if","locations":[{"start":{"line":32,"column":4},"end":{"line":35,"column":5}},{"start":{},"end":{}}]},"5":{"loc":{"start":{"line":32,"column":8},"end":{"line":32,"column":56}},"type":"binary-expr","locations":[{"start":{"line":32,"column":8},"end":{"line":32,"column":27}},{"start":{"line":32,"column":31},"end":{"line":32,"column":56}}]},"6":{"loc":{"start":{"line":37,"column":4},"end":{"line":40,"column":5}},"type":"if","locations":[{"start":{"line":37,"column":4},"end":{"line":40,"column":5}},{"start":{},"end":{}}]},"7":{"loc":{"start":{"line":37,"column":8},"end":{"line":37,"column":32}},"type":"binary-expr","locations":[{"start":{"line":37,"column":8},"end":{"line":37,"column":18}},{"start":{"line":37,"column":22},"end":{"line":37,"column":32}}]},"8":{"loc":{"start":{"line":43,"column":2},"end":{"line":48,"column":3}},"type":"if","locations":[{"start":{"line":43,"column":2},"end":{"line":48,"column":3}},{"start":{},"end":{}}]},"9":{"loc":{"start":{"line":44,"column":4},"end":{"line":47,"column":5}},"type":"if","locations":[{"start":{"line":44,"column":4},"end":{"line":47,"column":5}},{"start":{},"end":{}}]},"10":{"loc":{"start":{"line":44,"column":8},"end":{"line":44,"column":66}},"type":"binary-expr","locations":[{"start":{"line":44,"column":8},"end":{"line":44,"column":14}},{"start":{"line":44,"column":18},"end":{"line":44,"column":43}},{"start":{"line":44,"column":47},"end":{"line":44,"column":66}}]},"11":{"loc":{"start":{"line":50,"column":2},"end":{"line":55,"column":3}},"type":"if","locations":[{"start":{"line":50,"column":2},"end":{"line":55,"column":3}},{"start":{},"end":{}}]},"12":{"loc":{"start":{"line":51,"column":4},"end":{"line":54,"column":5}},"type":"if","locations":[{"start":{"line":51,"column":4},"end":{"line":54,"column":5}},{"start":{},"end":{}}]},"13":{"loc":{"start":{"line":51,"column":8},"end":{"line":51,"column":66}},"type":"binary-expr","locations":[{"start":{"line":51,"column":8},"end":{"line":51,"column":14}},{"start":{"line":51,"column":18},"end":{"line":51,"column":43}},{"start":{"line":51,"column":47},"end":{"line":51,"column":66}}]},"14":{"loc":{"start":{"line":57,"column":2},"end":{"line":62,"column":3}},"type":"if","locations":[{"start":{"line":57,"column":2},"end":{"line":62,"column":3}},{"start":{},"end":{}}]},"15":{"loc":{"start":{"line":57,"column":6},"end":{"line":57,"column":59}},"type":"binary-expr","locations":[{"start":{"line":57,"column":6},"end":{"line":57,"column":24}},{"start":{"line":57,"column":29},"end":{"line":57,"column":35}},{"start":{"line":57,"column":39},"end":{"line":57,"column":58}}]},"16":{"loc":{"start":{"line":64,"column":2},"end":{"line":67,"column":3}},"type":"if","locations":[{"start":{"line":64,"column":2},"end":{"line":67,"column":3}},{"start":{},"end":{}}]},"17":{"loc":{"start":{"line":64,"column":6},"end":{"line":64,"column":59}},"type":"binary-expr","locations":[{"start":{"line":64,"column":6},"end":{"line":64,"column":24}},{"start":{"line":64,"column":29},"end":{"line":64,"column":35}},{"start":{"line":64,"column":39},"end":{"line":64,"column":58}}]},"18":{"loc":{"start":{"line":69,"column":2},"end":{"line":72,"column":3}},"type":"if","locations":[{"start":{"line":69,"column":2},"end":{"line":72,"column":3}},{"start":{},"end":{}}]},"19":{"loc":{"start":{"line":69,"column":6},"end":{"line":69,"column":37}},"type":"binary-expr","locations":[{"start":{"line":69,"column":6},"end":{"line":69,"column":10}},{"start":{"line":69,"column":14},"end":{"line":69,"column":37}}]}},"s":{"0":4,"1":0,"2":0,"3":0,"4":0,"5":0,"6":0,"7":0,"8":0,"9":0,"10":0,"11":0,"12":0,"13":0,"14":0,"15":0,"16":0,"17":0,"18":0,"19":0,"20":0,"21":0,"22":0,"23":0,"24":0,"25":0,"26":0,"27":0,"28":0,"29":0,"30":0,"31":0,"32":0,"33":0,"34":4},"f":{"0":0},"b":{"0":[0,0],"1":[0,0],"2":[0,0,0],"3":[0,0],"4":[0,0],"5":[0,0],"6":[0,0],"7":[0,0],"8":[0,0],"9":[0,0],"10":[0,0,0],"11":[0,0],"12":[0,0],"13":[0,0,0],"14":[0,0],"15":[0,0,0],"16":[0,0],"17":[0,0,0],"18":[0,0],"19":[0,0]}}
,"/Users/mailbitsales/Desktop/Java-Script+React/MyBabyCare/server/src/validators/sleepValidators.ts": {"path":"/Users/mailbitsales/Desktop/Java-Script+React/MyBabyCare/server/src/validators/sleepValidators.ts","statementMap":{"0":{"start":{"line":2,"column":0},"end":{"line":2,"column":16}},"1":{"start":{"line":14,"column":0},"end":{"line":14,"column":16}},"2":{"start":{"line":22,"column":0},"end":{"line":22,"column":16}},"3":{"start":{"line":3,"column":2},"end":{"line":6,"column":3}},"4":{"start":{"line":4,"column":4},"end":{"line":4,"column":60}},"5":{"start":{"line":5,"column":4},"end":{"line":5,"column":17}},"6":{"start":{"line":7,"column":2},"end":{"line":10,"column":3}},"7":{"start":{"line":8,"column":4},"end":{"line":8,"column":63}},"8":{"start":{"line":9,"column":4},"end":{"line":9,"column":17}},"9":{"start":{"line":11,"column":2},"end":{"line":11,"column":14}},"10":{"start":{"line":15,"column":2},"end":{"line":18,"column":3}},"11":{"start":{"line":16,"column":4},"end":{"line":16,"column":59}},"12":{"start":{"line":17,"column":4},"end":{"line":17,"column":17}},"13":{"start":{"line":19,"column":2},"end":{"line":19,"column":14}},"14":{"start":{"line":23,"column":2},"end":{"line":26,"column":3}},"15":{"start":{"line":24,"column":4},"end":{"line":24,"column":60}},"16":{"start":{"line":25,"column":4},"end":{"line":25,"column":17}},"17":{"start":{"line":27,"column":2},"end":{"line":30,"column":3}},"18":{"start":{"line":28,"column":4},"end":{"line":28,"column":59}},"19":{"start":{"line":29,"column":4},"end":{"line":29,"column":17}},"20":{"start":{"line":33,"column":2},"end":{"line":40,"column":3}},"21":{"start":{"line":34,"column":18},"end":{"line":34,"column":42}},"22":{"start":{"line":35,"column":16},"end":{"line":35,"column":38}},"23":{"start":{"line":36,"column":4},"end":{"line":39,"column":5}},"24":{"start":{"line":37,"column":6},"end":{"line":37,"column":80}},"25":{"start":{"line":38,"column":6},"end":{"line":38,"column":19}},"26":{"start":{"line":41,"column":2},"end":{"line":44,"column":3}},"27":{"start":{"line":42,"column":4},"end":{"line":42,"column":65}},"28":{"start":{"line":43,"column":4},"end":{"line":43,"column":17}},"29":{"start":{"line":45,"column":2},"end":{"line":45,"column":14}}},"fnMap":{"0":{"name":"validateStartSleepBody","decl":{"start":{"line":2,"column":16},"end":{"line":2,"column":38}},"loc":{"start":{"line":2,"column":63},"end":{"line":12,"column":1}}},"1":{"name":"validateEndSleepBody","decl":{"start":{"line":14,"column":16},"end":{"line":14,"column":36}},"loc":{"start":{"line":14,"column":61},"end":{"line":20,"column":1}}},"2":{"name":"validateEditSleepBody","decl":{"start":{"line":22,"column":16},"end":{"line":22,"column":37}},"loc":{"start":{"line":22,"column":62},"end":{"line":46,"column":1}}}},"branchMap":{"0":{"loc":{"start":{"line":3,"column":2},"end":{"line":6,"column":3}},"type":"if","locations":[{"start":{"line":3,"column":2},"end":{"line":6,"column":3}},{"start":{},"end":{}}]},"1":{"loc":{"start":{"line":3,"column":6},"end":{"line":3,"column":57}},"type":"binary-expr","locations":[{"start":{"line":3,"column":6},"end":{"line":3,"column":20}},{"start":{"line":3,"column":24},"end":{"line":3,"column":57}}]},"2":{"loc":{"start":{"line":7,"column":2},"end":{"line":10,"column":3}},"type":"if","locations":[{"start":{"line":7,"column":2},"end":{"line":10,"column":3}},{"start":{},"end":{}}]},"3":{"loc":{"start":{"line":7,"column":6},"end":{"line":7,"column":50}},"type":"binary-expr","locations":[{"start":{"line":7,"column":6},"end":{"line":7,"column":16}},{"start":{"line":7,"column":20},"end":{"line":7,"column":50}}]},"4":{"loc":{"start":{"line":15,"column":2},"end":{"line":18,"column":3}},"type":"if","locations":[{"start":{"line":15,"column":2},"end":{"line":18,"column":3}},{"start":{},"end":{}}]},"5":{"loc":{"start":{"line":15,"column":6},"end":{"line":15,"column":53}},"type":"binary-expr","locations":[{"start":{"line":15,"column":6},"end":{"line":15,"column":18}},{"start":{"line":15,"column":22},"end":{"line":15,"column":53}}]},"6":{"loc":{"start":{"line":23,"column":2},"end":{"line":26,"column":3}},"type":"if","locations":[{"start":{"line":23,"column":2},"end":{"line":26,"column":3}},{"start":{},"end":{}}]},"7":{"loc":{"start":{"line":23,"column":6},"end":{"line":23,"column":57}},"type":"binary-expr","locations":[{"start":{"line":23,"column":6},"end":{"line":23,"column":20}},{"start":{"line":23,"column":24},"end":{"line":23,"column":57}}]},"8":{"loc":{"start":{"line":27,"column":2},"end":{"line":30,"column":3}},"type":"if","locations":[{"start":{"line":27,"column":2},"end":{"line":30,"column":3}},{"start":{},"end":{}}]},"9":{"loc":{"start":{"line":27,"column":6},"end":{"line":27,"column":53}},"type":"binary-expr","locations":[{"start":{"line":27,"column":6},"end":{"line":27,"column":18}},{"start":{"line":27,"column":22},"end":{"line":27,"column":53}}]},"10":{"loc":{"start":{"line":33,"column":2},"end":{"line":40,"column":3}},"type":"if","locations":[{"start":{"line":33,"column":2},"end":{"line":40,"column":3}},{"start":{},"end":{}}]},"11":{"loc":{"start":{"line":33,"column":6},"end":{"line":33,"column":36}},"type":"binary-expr","locations":[{"start":{"line":33,"column":6},"end":{"line":33,"column":20}},{"start":{"line":33,"column":24},"end":{"line":33,"column":36}}]},"12":{"loc":{"start":{"line":36,"column":4},"end":{"line":39,"column":5}},"type":"if","locations":[{"start":{"line":36,"column":4},"end":{"line":39,"column":5}},{"start":{},"end":{}}]},"13":{"loc":{"start":{"line":41,"column":2},"end":{"line":44,"column":3}},"type":"if","locations":[{"start":{"line":41,"column":2},"end":{"line":44,"column":3}},{"start":{},"end":{}}]},"14":{"loc":{"start":{"line":41,"column":6},"end":{"line":41,"column":64}},"type":"binary-expr","locations":[{"start":{"line":41,"column":6},"end":{"line":41,"column":30}},{"start":{"line":41,"column":34},"end":{"line":41,"column":64}}]}},"s":{"0":4,"1":4,"2":4,"3":2,"4":0,"5":0,"6":2,"7":0,"8":0,"9":2,"10":2,"11":0,"12":0,"13":2,"14":2,"15":1,"16":1,"17":1,"18":0,"19":0,"20":1,"21":0,"22":0,"23":0,"24":0,"25":0,"26":1,"27":0,"28":0,"29":1},"f":{"0":2,"1":2,"2":2},"b":{"0":[0,2],"1":[2,1],"2":[0,2],"3":[2,1],"4":[0,2],"5":[2,1],"6":[1,1],"7":[2,1],"8":[0,1],"9":[1,0],"10":[0,1],"11":[1,0],"12":[0,0],"13":[0,1],"14":[1,1]}}
,"/Users/mailbitsales/Desktop/Java-Script+React/MyBabyCare/server/src/validators/userValidators.ts": {"path":"/Users/mailbitsales/Desktop/Java-Script+React/MyBabyCare/server/src/validators/userValidators.ts","statementMap":{"0":{"start":{"line":3,"column":34},"end":{"line":35,"column":1}},"1":{"start":{"line":8,"column":40},"end":{"line":8,"column":48}},"2":{"start":{"line":10,"column":2},"end":{"line":18,"column":3}},"3":{"start":{"line":16,"column":4},"end":{"line":16,"column":74}},"4":{"start":{"line":17,"column":4},"end":{"line":17,"column":11}},"5":{"start":{"line":20,"column":2},"end":{"line":27,"column":3}},"6":{"start":{"line":25,"column":4},"end":{"line":25,"column":65}},"7":{"start":{"line":26,"column":4},"end":{"line":26,"column":11}},"8":{"start":{"line":29,"column":2},"end":{"line":32,"column":3}},"9":{"start":{"line":30,"column":4},"end":{"line":30,"column":72}},"10":{"start":{"line":31,"column":4},"end":{"line":31,"column":11}},"11":{"start":{"line":34,"column":2},"end":{"line":34,"column":9}},"12":{"start":{"line":3,"column":13},"end":{"line":3,"column":34}},"13":{"start":{"line":37,"column":35},"end":{"line":59,"column":1}},"14":{"start":{"line":42,"column":30},"end":{"line":42,"column":38}},"15":{"start":{"line":44,"column":2},"end":{"line":51,"column":3}},"16":{"start":{"line":49,"column":4},"end":{"line":49,"column":65}},"17":{"start":{"line":50,"column":4},"end":{"line":50,"column":11}},"18":{"start":{"line":53,"column":2},"end":{"line":56,"column":3}},"19":{"start":{"line":54,"column":4},"end":{"line":54,"column":54}},"20":{"start":{"line":55,"column":4},"end":{"line":55,"column":11}},"21":{"start":{"line":58,"column":2},"end":{"line":58,"column":9}},"22":{"start":{"line":37,"column":13},"end":{"line":37,"column":35}}},"fnMap":{"0":{"name":"(anonymous_0)","decl":{"start":{"line":3,"column":34},"end":{"line":3,"column":null}},"loc":{"start":{"line":7,"column":4},"end":{"line":35,"column":1}}},"1":{"name":"(anonymous_1)","decl":{"start":{"line":37,"column":35},"end":{"line":37,"column":null}},"loc":{"start":{"line":41,"column":4},"end":{"line":59,"column":1}}}},"branchMap":{"0":{"loc":{"start":{"line":10,"column":2},"end":{"line":18,"column":3}},"type":"if","locations":[{"start":{"line":10,"column":2},"end":{"line":18,"column":3}},{"start":{},"end":{}}]},"1":{"loc":{"start":{"line":11,"column":4},"end":{"line":14,"column":48}},"type":"binary-expr","locations":[{"start":{"line":11,"column":4},"end":{"line":11,"column":13}},{"start":{"line":12,"column":4},"end":{"line":12,"column":32}},{"start":{"line":13,"column":4},"end":{"line":13,"column":30}},{"start":{"line":14,"column":4},"end":{"line":14,"column":48}}]},"2":{"loc":{"start":{"line":20,"column":2},"end":{"line":27,"column":3}},"type":"if","locations":[{"start":{"line":20,"column":2},"end":{"line":27,"column":3}},{"start":{},"end":{}}]},"3":{"loc":{"start":{"line":21,"column":4},"end":{"line":23,"column":45}},"type":"binary-expr","locations":[{"start":{"line":21,"column":4},"end":{"line":21,"column":10}},{"start":{"line":22,"column":4},"end":{"line":22,"column":29}},{"start":{"line":23,"column":4},"end":{"line":23,"column":45}}]},"4":{"loc":{"start":{"line":29,"column":2},"end":{"line":32,"column":3}},"type":"if","locations":[{"start":{"line":29,"column":2},"end":{"line":32,"column":3}},{"start":{},"end":{}}]},"5":{"loc":{"start":{"line":29,"column":6},"end":{"line":29,"column":70}},"type":"binary-expr","locations":[{"start":{"line":29,"column":6},"end":{"line":29,"column":15}},{"start":{"line":29,"column":19},"end":{"line":29,"column":47}},{"start":{"line":29,"column":51},"end":{"line":29,"column":70}}]},"6":{"loc":{"start":{"line":44,"column":2},"end":{"line":51,"column":3}},"type":"if","locations":[{"start":{"line":44,"column":2},"end":{"line":51,"column":3}},{"start":{},"end":{}}]},"7":{"loc":{"start":{"line":45,"column":4},"end":{"line":47,"column":45}},"type":"binary-expr","locations":[{"start":{"line":45,"column":4},"end":{"line":45,"column":10}},{"start":{"line":46,"column":4},"end":{"line":46,"column":29}},{"start":{"line":47,"column":4},"end":{"line":47,"column":45}}]},"8":{"loc":{"start":{"line":53,"column":2},"end":{"line":56,"column":3}},"type":"if","locations":[{"start":{"line":53,"column":2},"end":{"line":56,"column":3}},{"start":{},"end":{}}]},"9":{"loc":{"start":{"line":53,"column":6},"end":{"line":53,"column":47}},"type":"binary-expr","locations":[{"start":{"line":53,"column":6},"end":{"line":53,"column":15}},{"start":{"line":53,"column":19},"end":{"line":53,"column":47}}]}},"s":{"0":4,"1":6,"2":6,"3":1,"4":1,"5":5,"6":0,"7":0,"8":5,"9":0,"10":0,"11":5,"12":4,"13":4,"14":4,"15":4,"16":0,"17":0,"18":4,"19":0,"20":0,"21":4,"22":4},"f":{"0":6,"1":4},"b":{"0":[1,5],"1":[6,5,5,5],"2":[0,5],"3":[5,5,5],"4":[0,5],"5":[5,5,5],"6":[0,4],"7":[4,4,4],"8":[0,4],"9":[4,4]}}
}
