TN:
SF:__tests__/testUtilts.ts
FN:12,(anonymous_1)
FN:19,(anonymous_2)
FNF:2
FNH:1
FNDA:3,(anonymous_1)
FNDA:0,(anonymous_2)
DA:1,3
DA:2,3
DA:4,3
DA:12,3
DA:13,3
DA:16,3
DA:21,3
DA:26,3
DA:28,3
DA:29,3
DA:30,0
DA:31,0
DA:33,0
DA:36,3
LF:14
LH:11
BRDA:13,0,0,0
BRDA:13,0,1,3
BRDA:28,1,0,3
BRDA:28,1,1,0
BRDA:30,2,0,0
BRDA:30,2,1,0
BRF:6
BRH:2
end_of_record
TN:
SF:src/server.ts
FN:54,(anonymous_1)
FN:63,(anonymous_2)
FNF:2
FNH:1
FNDA:0,(anonymous_1)
FNDA:4,(anonymous_2)
DA:1,4
DA:2,4
DA:3,4
DA:4,4
DA:6,4
DA:7,4
DA:8,4
DA:9,4
DA:10,4
DA:11,4
DA:12,4
DA:13,4
DA:14,4
DA:15,4
DA:16,4
DA:18,4
DA:19,4
DA:21,4
DA:23,4
DA:29,4
DA:30,4
DA:31,4
DA:32,4
DA:44,4
DA:46,4
DA:47,4
DA:48,4
DA:49,4
DA:50,4
DA:51,4
DA:52,4
DA:54,4
DA:55,0
DA:56,0
DA:59,4
DA:61,4
DA:63,4
DA:64,4
DA:67,4
LF:39
LH:37
BRDA:61,0,0,4
BRDA:61,0,1,0
BRF:2
BRH:1
end_of_record
TN:
SF:src/config/dataBase.ts
FN:3,(anonymous_1)
FNF:1
FNH:1
FNDA:4,(anonymous_1)
DA:1,4
DA:3,4
DA:4,4
DA:5,4
DA:6,4
DA:8,0
DA:9,0
DA:13,4
LF:8
LH:6
BRF:0
BRH:0
end_of_record
TN:
SF:src/controllers/authController.ts
FN:8,(anonymous_1)
FN:45,(anonymous_2)
FN:85,(anonymous_3)
FN:91,(anonymous_4)
FN:117,(anonymous_5)
FNF:5
FNH:2
FNDA:4,(anonymous_1)
FNDA:5,(anonymous_2)
FNDA:0,(anonymous_3)
FNDA:0,(anonymous_4)
FNDA:0,(anonymous_5)
DA:2,4
DA:3,4
DA:4,4
DA:6,4
DA:8,4
DA:9,4
DA:10,4
DA:11,4
DA:13,4
DA:14,0
DA:15,0
DA:18,4
DA:20,4
DA:21,0
DA:22,0
DA:25,4
DA:26,4
DA:28,4
DA:30,4
DA:40,0
DA:41,0
DA:45,4
DA:46,5
DA:47,5
DA:49,5
DA:51,5
DA:52,5
DA:53,5
DA:56,0
DA:62,0
DA:64,0
DA:65,0
DA:67,0
DA:69,0
DA:80,0
DA:81,0
DA:85,4
DA:86,0
DA:87,0
DA:88,0
DA:91,4
DA:92,0
DA:94,0
DA:95,0
DA:96,0
DA:99,0
DA:100,0
DA:105,0
DA:106,0
DA:108,0
DA:110,0
DA:112,0
DA:113,0
DA:117,4
DA:118,0
DA:119,0
DA:121,0
DA:122,0
DA:123,0
DA:126,0
DA:128,0
DA:133,0
DA:134,0
LF:63
LH:25
BRDA:13,0,0,0
BRDA:13,0,1,4
BRDA:20,1,0,0
BRDA:20,1,1,4
BRDA:51,2,0,5
BRDA:51,2,1,0
BRDA:94,3,0,0
BRDA:94,3,1,0
BRDA:121,4,0,0
BRDA:121,4,1,0
BRF:10
BRH:3
end_of_record
TN:
SF:src/controllers/babyController.ts
FN:7,(anonymous_1)
FN:39,(anonymous_2)
FN:52,(anonymous_3)
FN:60,(anonymous_4)
FN:94,(anonymous_5)
FNF:5
FNH:2
FNDA:3,(anonymous_1)
FNDA:1,(anonymous_2)
FNDA:0,(anonymous_3)
FNDA:0,(anonymous_4)
FNDA:0,(anonymous_5)
DA:2,4
DA:3,4
DA:5,4
DA:7,4
DA:8,3
DA:9,3
DA:10,3
DA:12,3
DA:23,3
DA:29,0
DA:30,0
DA:31,0
DA:32,0
DA:34,0
DA:35,0
DA:39,4
DA:40,1
DA:41,1
DA:45,1
DA:47,0
DA:48,0
DA:52,4
DA:53,0
DA:56,4
DA:60,4
DA:61,0
DA:62,0
DA:63,0
DA:64,0
DA:65,0
DA:67,0
DA:69,0
DA:75,0
DA:76,0
DA:77,0
DA:80,0
DA:88,0
DA:89,0
DA:90,0
DA:94,4
DA:95,0
DA:96,0
DA:97,0
DA:98,0
DA:100,0
LF:45
LH:17
BRDA:10,0,0,0
BRDA:10,0,1,3
BRDA:29,1,0,0
BRDA:29,1,1,0
BRDA:67,2,0,0
BRDA:67,2,1,0
BRDA:75,3,0,0
BRDA:75,3,1,0
BRF:8
BRH:1
end_of_record
TN:
SF:src/controllers/dailySummaryController.ts
FN:15,(anonymous_1)
FNF:1
FNH:0
FNDA:0,(anonymous_1)
DA:2,4
DA:3,4
DA:4,4
DA:5,4
DA:6,4
DA:15,4
DA:16,0
DA:17,0
DA:18,0
DA:20,0
DA:21,0
DA:22,0
DA:25,0
DA:27,0
DA:29,0
DA:56,0
DA:75,0
DA:76,0
LF:18
LH:6
BRDA:20,0,0,0
BRDA:20,0,1,0
BRDA:20,1,0,0
BRDA:20,1,1,0
BRF:4
BRH:0
end_of_record
TN:
SF:src/controllers/diaperController.ts
FN:23,(anonymous_0)
FN:73,(anonymous_1)
FN:103,(anonymous_2)
FN:145,(anonymous_3)
FNF:4
FNH:0
FNDA:0,(anonymous_0)
FNDA:0,(anonymous_1)
FNDA:0,(anonymous_2)
FNDA:0,(anonymous_3)
DA:2,4
DA:9,4
DA:10,4
DA:23,4
DA:27,0
DA:28,0
DA:30,0
DA:32,0
DA:34,0
DA:35,0
DA:36,0
DA:37,0
DA:40,0
DA:41,0
DA:44,0
DA:51,0
DA:53,0
DA:54,0
DA:55,0
DA:58,0
DA:68,0
DA:69,0
DA:73,4
DA:77,0
DA:78,0
DA:80,0
DA:82,0
DA:84,0
DA:86,0
DA:93,0
DA:98,0
DA:99,0
DA:103,4
DA:107,0
DA:108,0
DA:110,0
DA:111,0
DA:113,0
DA:119,0
DA:121,0
DA:122,0
DA:123,0
DA:125,0
DA:131,0
DA:132,0
DA:133,0
DA:136,0
DA:140,0
DA:141,0
DA:145,4
DA:149,0
DA:150,0
DA:152,0
DA:154,0
DA:156,0
DA:157,0
DA:158,0
DA:161,0
DA:163,0
DA:164,0
LF:60
LH:7
BRDA:30,0,0,0
BRDA:30,1,0,0
BRDA:34,2,0,0
BRDA:34,2,1,0
BRDA:34,3,0,0
BRDA:34,3,1,0
BRDA:36,4,0,0
BRDA:36,4,1,0
BRDA:37,5,0,0
BRDA:37,5,1,0
BRDA:40,6,0,0
BRDA:40,6,1,0
BRDA:40,7,0,0
BRDA:40,7,1,0
BRDA:53,8,0,0
BRDA:53,8,1,0
BRDA:53,9,0,0
BRDA:53,9,1,0
BRDA:80,10,0,0
BRDA:80,10,1,0
BRDA:84,11,0,0
BRDA:84,11,1,0
BRDA:110,12,0,0
BRDA:110,12,1,0
BRDA:111,13,0,0
BRDA:111,13,1,0
BRDA:121,14,0,0
BRDA:121,14,1,0
BRDA:122,15,0,0
BRDA:122,15,1,0
BRDA:123,16,0,0
BRDA:123,16,1,0
BRDA:131,17,0,0
BRDA:131,17,1,0
BRDA:152,18,0,0
BRDA:152,18,1,0
BRDA:156,19,0,0
BRDA:156,19,1,0
BRF:38
BRH:0
end_of_record
TN:
SF:src/controllers/feedingsController.ts
FN:15,(anonymous_0)
FN:56,(anonymous_1)
FN:85,(anonymous_2)
FN:113,(anonymous_3)
FNF:4
FNH:4
FNDA:1,(anonymous_0)
FNDA:1,(anonymous_1)
FNDA:1,(anonymous_2)
FNDA:1,(anonymous_3)
DA:2,4
DA:3,4
DA:15,4
DA:16,1
DA:17,1
DA:18,1
DA:20,1
DA:22,1
DA:23,0
DA:24,0
DA:25,0
DA:28,1
DA:35,1
DA:37,1
DA:47,0
DA:48,0
DA:52,4
DA:56,4
DA:57,1
DA:58,1
DA:59,1
DA:61,1
DA:63,1
DA:71,1
DA:76,0
DA:77,0
DA:81,4
DA:85,4
DA:86,1
DA:87,1
DA:88,1
DA:89,1
DA:91,1
DA:93,1
DA:99,1
DA:100,0
DA:101,0
DA:104,1
DA:108,0
DA:109,0
DA:113,4
DA:114,1
DA:115,1
DA:116,1
DA:117,1
DA:119,0
DA:120,0
LF:47
LH:34
BRDA:18,0,0,0
BRDA:18,1,0,0
BRDA:22,2,0,0
BRDA:22,2,1,1
BRDA:22,3,0,1
BRDA:22,3,1,1
BRDA:24,4,0,0
BRDA:24,4,1,0
BRDA:25,5,0,0
BRDA:25,5,1,0
BRDA:61,6,0,1
BRDA:61,6,1,0
BRDA:91,7,0,0
BRDA:91,7,1,1
BRDA:99,8,0,0
BRDA:99,8,1,1
BRF:16
BRH:6
end_of_record
TN:
SF:src/controllers/healthController.ts
FN:4,(anonymous_0)
FNF:1
FNH:0
FNDA:0,(anonymous_0)
DA:2,4
DA:4,4
DA:5,0
DA:6,0
DA:8,0
DA:16,0
DA:18,0
DA:23,0
LF:8
LH:2
BRDA:13,0,0,0
BRDA:13,0,1,0
BRDA:24,1,0,0
BRDA:24,1,1,0
BRF:4
BRH:0
end_of_record
TN:
SF:src/controllers/sleepController.ts
FN:24,(anonymous_0)
FN:70,(anonymous_1)
FN:115,(anonymous_2)
FN:155,(anonymous_3)
FN:192,(anonymous_4)
FNF:5
FNH:5
FNDA:1,(anonymous_0)
FNDA:2,(anonymous_1)
FNDA:2,(anonymous_2)
FNDA:2,(anonymous_3)
FNDA:1,(anonymous_4)
DA:2,4
DA:3,4
DA:10,4
DA:24,4
DA:25,1
DA:26,1
DA:27,1
DA:29,1
DA:31,1
DA:32,0
DA:33,0
DA:34,0
DA:37,1
DA:44,1
DA:46,1
DA:47,0
DA:48,0
DA:51,1
DA:61,0
DA:62,0
DA:66,4
DA:70,4
DA:71,2
DA:72,2
DA:74,2
DA:76,2
DA:79,2
DA:84,2
DA:85,1
DA:88,1
DA:91,1
DA:93,1
DA:99,1
DA:101,1
DA:106,0
DA:107,0
DA:111,4
DA:115,4
DA:116,2
DA:117,2
DA:119,2
DA:121,2
DA:122,2
DA:125,2
DA:130,2
DA:131,1
DA:132,1
DA:135,1
DA:136,0
DA:139,0
DA:142,1
DA:143,1
DA:145,1
DA:150,0
DA:151,0
DA:155,4
DA:159,2
DA:160,2
DA:162,2
DA:163,2
DA:165,1
DA:171,1
DA:173,1
DA:174,1
DA:175,1
DA:177,1
DA:183,1
DA:187,0
DA:188,0
DA:192,4
DA:196,1
DA:197,1
DA:199,1
DA:201,1
DA:203,1
DA:204,0
DA:205,0
DA:208,1
DA:210,0
DA:211,0
LF:80
LH:61
BRDA:27,0,0,0
BRDA:27,1,0,0
BRDA:31,2,0,0
BRDA:31,2,1,1
BRDA:31,3,0,1
BRDA:31,3,1,1
BRDA:33,4,0,0
BRDA:33,4,1,0
BRDA:34,5,0,0
BRDA:34,5,1,0
BRDA:46,6,0,0
BRDA:46,6,1,1
BRDA:46,7,0,1
BRDA:46,7,1,1
BRDA:74,8,0,0
BRDA:74,8,1,2
BRDA:84,9,0,1
BRDA:84,9,1,1
BRDA:91,10,0,1
BRDA:91,10,1,0
BRDA:119,11,0,0
BRDA:119,11,1,2
BRDA:122,12,0,1
BRDA:122,12,1,1
BRDA:130,13,0,1
BRDA:130,13,1,1
BRDA:135,14,0,0
BRDA:135,14,1,1
BRDA:162,15,0,0
BRDA:162,15,1,2
BRDA:163,16,0,1
BRDA:163,16,1,1
BRDA:173,17,0,0
BRDA:173,17,1,1
BRDA:174,18,0,0
BRDA:174,18,1,1
BRDA:175,19,0,1
BRDA:175,19,1,0
BRDA:199,20,0,0
BRDA:199,20,1,1
BRDA:203,21,0,0
BRDA:203,21,1,1
BRF:42
BRH:24
end_of_record
TN:
SF:src/middlewares/auth.ts
FN:11,(anonymous_1)
FNF:1
FNH:1
FNDA:22,(anonymous_1)
DA:2,4
DA:11,4
DA:16,22
DA:18,22
DA:19,0
DA:20,0
DA:23,22
DA:24,22
DA:25,22
DA:26,22
DA:27,22
DA:29,0
DA:30,0
DA:31,0
LF:14
LH:9
BRDA:18,0,0,0
BRDA:18,0,1,22
BRF:2
BRH:1
end_of_record
TN:
SF:src/middlewares/uploadImageMiddleware.ts
FN:6,(anonymous_1)
FN:9,(anonymous_2)
FNF:2
FNH:0
FNDA:0,(anonymous_1)
FNDA:0,(anonymous_2)
DA:1,4
DA:2,4
DA:5,4
DA:7,0
DA:10,0
DA:11,0
DA:12,0
DA:16,4
DA:18,4
LF:9
LH:5
BRF:0
BRH:0
end_of_record
TN:
SF:src/middlewares/verifyBabyOwnership.ts
FN:13,verifyBabyOwnership
FNF:1
FNH:1
FNDA:10,verifyBabyOwnership
DA:2,4
DA:3,4
DA:13,4
DA:18,10
DA:19,10
DA:21,10
DA:22,0
DA:23,0
DA:26,10
DA:27,3
DA:28,3
DA:31,7
DA:32,7
DA:33,7
DA:34,0
DA:35,0
DA:38,7
DA:39,7
DA:41,0
DA:42,0
LF:20
LH:14
BRDA:21,0,0,0
BRDA:21,0,1,10
BRDA:26,1,0,3
BRDA:26,1,1,7
BRDA:26,2,0,10
BRDA:26,2,1,10
BRDA:33,3,0,0
BRDA:33,3,1,7
BRF:8
BRH:6
end_of_record
TN:
SF:src/middlewares/verifyDiaperOwnership.ts
FN:13,(anonymous_0)
FNF:1
FNH:0
FNDA:0,(anonymous_0)
DA:2,4
DA:4,4
DA:13,4
DA:14,0
DA:16,0
DA:18,0
DA:19,0
DA:25,0
DA:26,0
DA:29,0
DA:32,0
DA:33,0
DA:35,0
DA:36,0
LF:14
LH:3
BRDA:16,0,0,0
BRDA:16,0,1,0
BRDA:25,1,0,0
BRDA:25,1,1,0
BRDA:25,2,0,0
BRDA:25,2,1,0
BRF:6
BRH:0
end_of_record
TN:
SF:src/middlewares/verifyFeedingOwnership.ts
FN:15,(anonymous_0)
FNF:1
FNH:1
FNDA:3,(anonymous_0)
DA:2,4
DA:5,4
DA:15,4
DA:20,3
DA:23,3
DA:25,3
DA:26,3
DA:32,3
DA:37,0
DA:38,0
DA:42,3
DA:43,3
DA:45,0
DA:46,0
LF:14
LH:10
BRDA:23,0,0,0
BRDA:23,0,1,3
BRDA:32,1,0,0
BRDA:32,1,1,3
BRDA:33,2,0,3
BRDA:33,2,1,3
BRDA:33,2,2,3
BRF:7
BRH:5
end_of_record
TN:
SF:src/middlewares/verifySleepingOwnership.ts
FN:13,(anonymous_0)
FNF:1
FNH:1
FNDA:3,(anonymous_0)
DA:2,4
DA:3,4
DA:13,4
DA:18,3
DA:20,3
DA:22,3
DA:23,3
DA:29,3
DA:30,0
DA:31,0
DA:34,3
DA:35,3
LF:12
LH:10
BRDA:20,0,0,0
BRDA:20,0,1,3
BRDA:29,1,0,0
BRDA:29,1,1,3
BRDA:29,2,0,3
BRDA:29,2,1,3
BRF:6
BRH:4
end_of_record
TN:
SF:src/models/DiaperModel.ts
FNF:0
FNH:0
DA:1,4
DA:4,4
DA:26,4
DA:28,4
LF:4
LH:4
BRF:0
BRH:0
end_of_record
TN:
SF:src/models/babyModel.ts
FN:30,(anonymous_1)
FNF:1
FNH:1
FNDA:3,(anonymous_1)
DA:1,4
DA:4,4
DA:31,3
DA:61,4
LF:4
LH:4
BRF:0
BRH:0
end_of_record
TN:
SF:src/models/feedingModel.ts
FNF:0
FNH:0
DA:1,4
DA:4,4
DA:34,4
DA:36,4
LF:4
LH:4
BRF:0
BRH:0
end_of_record
TN:
SF:src/models/healthModel.ts
FNF:0
FNH:0
DA:1,4
DA:4,4
DA:42,4
DA:44,4
LF:4
LH:4
BRF:0
BRH:0
end_of_record
TN:
SF:src/models/sleepModel.ts
FNF:0
FNH:0
DA:1,4
DA:4,4
DA:21,4
DA:23,4
LF:4
LH:4
BRF:0
BRH:0
end_of_record
TN:
SF:src/models/userModel.ts
FN:30,(anonymous_1)
FN:42,(anonymous_2)
FNF:2
FNH:1
FNDA:0,(anonymous_1)
FNDA:4,(anonymous_2)
DA:1,4
DA:2,4
DA:5,4
DA:30,4
DA:31,0
DA:33,0
DA:34,0
DA:35,0
DA:36,0
DA:38,0
DA:42,4
DA:45,4
DA:47,4
LF:13
LH:7
BRDA:31,0,0,0
BRDA:31,0,1,0
BRF:2
BRH:0
end_of_record
TN:
SF:src/routers/authRoutes.ts
FNF:0
FNH:0
DA:1,4
DA:2,4
DA:9,4
DA:14,4
DA:16,4
DA:17,4
DA:18,4
DA:19,4
DA:20,4
DA:22,4
LF:10
LH:10
BRF:0
BRH:0
end_of_record
TN:
SF:src/routers/babyRoutes.ts
FNF:0
FNH:0
DA:1,4
DA:2,4
DA:9,4
DA:10,4
DA:11,4
DA:12,4
DA:14,4
DA:16,4
DA:17,4
DA:25,4
DA:26,4
DA:33,4
DA:35,4
LF:13
LH:13
BRF:0
BRH:0
end_of_record
TN:
SF:src/routers/dailySummaryRoutes.ts
FNF:0
FNH:0
DA:1,4
DA:2,4
DA:3,4
DA:4,4
DA:5,4
DA:7,4
DA:9,4
LF:7
LH:7
BRF:0
BRH:0
end_of_record
TN:
SF:src/routers/diaperRoutes.ts
FNF:0
FNH:0
DA:1,4
DA:2,4
DA:3,4
DA:9,4
DA:10,4
DA:12,4
DA:14,4
DA:15,4
DA:17,4
DA:18,4
DA:20,4
LF:11
LH:11
BRF:0
BRH:0
end_of_record
TN:
SF:src/routers/feedRoutes.ts
FNF:0
FNH:0
DA:1,4
DA:2,4
DA:3,4
DA:9,4
DA:10,4
DA:14,4
DA:16,4
DA:18,4
DA:19,4
DA:26,4
DA:33,4
DA:40,4
LF:12
LH:12
BRF:0
BRH:0
end_of_record
TN:
SF:src/routers/healthRoutes.ts
FNF:0
FNH:0
DA:1,4
DA:2,4
DA:3,4
DA:4,4
DA:5,4
DA:6,4
DA:8,4
DA:16,4
LF:8
LH:8
BRF:0
BRH:0
end_of_record
TN:
SF:src/routers/sleepRoutes.ts
FNF:0
FNH:0
DA:1,4
DA:2,4
DA:9,4
DA:10,4
DA:11,4
DA:14,4
DA:16,4
DA:17,4
DA:23,4
DA:24,4
DA:25,4
DA:32,4
LF:12
LH:12
BRF:0
BRH:0
end_of_record
TN:
SF:src/swagger/auth.docs.ts
FNF:0
FNH:0
DA:1,4
DA:73,4
LF:2
LH:2
BRF:0
BRH:0
end_of_record
TN:
SF:src/swagger/baby.docs.ts
FNF:0
FNH:0
DA:1,4
DA:150,4
LF:2
LH:2
BRF:0
BRH:0
end_of_record
TN:
SF:src/swagger/dailySummary.ts
FNF:0
FNH:0
DA:1,4
DA:176,4
LF:2
LH:2
BRF:0
BRH:0
end_of_record
TN:
SF:src/swagger/diaper.docs.ts
FNF:0
FNH:0
DA:1,4
DA:222,4
LF:2
LH:2
BRF:0
BRH:0
end_of_record
TN:
SF:src/swagger/feeding.docs.ts
FNF:0
FNH:0
DA:1,4
DA:253,4
LF:2
LH:2
BRF:0
BRH:0
end_of_record
TN:
SF:src/swagger/index.ts
FNF:0
FNH:0
DA:1,4
DA:2,4
DA:3,4
DA:4,4
DA:5,4
DA:6,4
DA:8,4
LF:7
LH:7
BRF:0
BRH:0
end_of_record
TN:
SF:src/swagger/sleeping.docs.ts
FNF:0
FNH:0
DA:1,4
DA:197,4
LF:2
LH:2
BRF:0
BRH:0
end_of_record
TN:
SF:src/utils/cookieOptions.ts
FN:17,(anonymous_0)
FN:26,(anonymous_1)
FNF:2
FNH:1
FNDA:4,(anonymous_0)
FNDA:0,(anonymous_1)
DA:2,4
DA:17,4
DA:22,4
DA:23,4
DA:26,4
DA:27,0
LF:6
LH:5
BRF:0
BRH:0
end_of_record
TN:
SF:src/utils/generateTokens.ts
FN:4,(anonymous_1)
FNF:1
FNH:1
FNDA:4,(anonymous_1)
DA:1,4
DA:4,4
DA:5,4
DA:9,4
DA:13,4
LF:5
LH:5
BRF:0
BRH:0
end_of_record
TN:
SF:src/utils/getDateRange.ts
FN:1,getDateRange
FNF:1
FNH:0
FNDA:0,getDateRange
DA:1,4
DA:2,0
DA:3,0
DA:4,0
DA:5,0
LF:5
LH:1
BRF:0
BRH:0
end_of_record
TN:
SF:src/utils/validateObjectId.ts
FN:4,(anonymous_1)
FNF:1
FNH:1
FNDA:10,(anonymous_1)
DA:1,4
DA:4,4
DA:9,10
DA:10,0
DA:11,0
DA:13,10
LF:6
LH:4
BRDA:7,0,0,0
BRDA:9,1,0,0
BRDA:9,1,1,10
BRF:3
BRH:1
end_of_record
TN:
SF:src/validators/babyValidators.ts
FN:3,(anonymous_0)
FNF:1
FNH:1
FNDA:5,(anonymous_0)
DA:3,4
DA:8,5
DA:9,5
DA:12,5
DA:13,1
DA:14,4
DA:15,0
DA:19,5
DA:20,5
DA:21,0
DA:22,5
DA:23,1
DA:27,5
DA:28,0
DA:30,5
DA:31,5
DA:32,1
DA:33,4
DA:34,0
DA:39,5
DA:40,0
DA:41,0
DA:42,0
DA:43,0
DA:44,0
DA:45,0
DA:46,0
DA:51,5
DA:52,0
DA:53,0
DA:54,0
DA:55,0
DA:56,0
DA:57,0
DA:58,0
DA:63,5
DA:64,1
DA:65,4
DA:66,0
DA:69,5
DA:70,1
DA:71,1
DA:74,4
LF:43
LH:24
BRDA:12,0,0,1
BRDA:12,0,1,4
BRDA:12,1,0,5
BRDA:12,1,1,4
BRDA:12,1,2,4
BRDA:14,2,0,0
BRDA:14,2,1,4
BRDA:20,3,0,0
BRDA:20,3,1,5
BRDA:20,4,0,5
BRDA:20,4,1,5
BRDA:22,5,0,1
BRDA:22,5,1,4
BRDA:27,6,0,0
BRDA:27,6,1,5
BRDA:27,7,0,5
BRDA:27,7,1,5
BRDA:31,8,0,1
BRDA:31,8,1,4
BRDA:33,9,0,0
BRDA:33,9,1,4
BRDA:39,10,0,0
BRDA:39,10,1,5
BRDA:39,11,0,5
BRDA:39,11,1,0
BRDA:41,12,0,0
BRDA:41,12,1,0
BRDA:43,13,0,0
BRDA:43,13,1,0
BRDA:45,14,0,0
BRDA:45,14,1,0
BRDA:51,15,0,0
BRDA:51,15,1,5
BRDA:51,16,0,5
BRDA:51,16,1,0
BRDA:53,17,0,0
BRDA:53,17,1,0
BRDA:55,18,0,0
BRDA:55,18,1,0
BRDA:57,19,0,0
BRDA:57,19,1,0
BRDA:63,20,0,1
BRDA:63,20,1,4
BRDA:63,21,0,5
BRDA:63,21,1,5
BRDA:65,22,0,0
BRDA:65,22,1,4
BRDA:65,23,0,4
BRDA:65,23,1,4
BRDA:69,24,0,1
BRDA:69,24,1,4
BRF:51
BRH:30
end_of_record
TN:
SF:src/validators/diaperValidators.ts
FN:5,validateCreateDiaperBody
FN:33,validateEditDiaperBody
FNF:2
FNH:0
FNDA:0,validateCreateDiaperBody
FNDA:0,validateEditDiaperBody
DA:3,4
DA:5,4
DA:6,0
DA:8,0
DA:9,0
DA:10,0
DA:13,0
DA:14,0
DA:17,0
DA:20,0
DA:21,0
DA:22,0
DA:25,0
DA:26,0
DA:27,0
DA:30,0
DA:33,4
DA:34,0
DA:36,0
DA:37,0
DA:38,0
DA:41,0
DA:42,0
DA:43,0
DA:46,0
DA:47,0
DA:48,0
DA:51,0
LF:28
LH:3
BRDA:8,0,0,0
BRDA:8,0,1,0
BRDA:13,1,0,0
BRDA:13,1,1,0
BRDA:20,2,0,0
BRDA:20,2,1,0
BRDA:20,3,0,0
BRDA:20,3,1,0
BRDA:25,4,0,0
BRDA:25,4,1,0
BRDA:25,5,0,0
BRDA:25,5,1,0
BRDA:36,6,0,0
BRDA:36,6,1,0
BRDA:36,7,0,0
BRDA:36,7,1,0
BRDA:41,8,0,0
BRDA:41,8,1,0
BRDA:41,9,0,0
BRDA:41,9,1,0
BRDA:46,10,0,0
BRDA:46,10,1,0
BRDA:46,11,0,0
BRDA:46,11,1,0
BRF:24
BRH:0
end_of_record
TN:
SF:src/validators/feedingValidators.ts
FN:3,(anonymous_0)
FN:28,(anonymous_1)
FNF:2
FNH:2
FNDA:2,(anonymous_0)
FNDA:2,(anonymous_1)
DA:3,4
DA:8,2
DA:10,2
DA:11,1
DA:12,1
DA:15,1
DA:16,0
DA:17,0
DA:20,1
DA:21,0
DA:22,0
DA:25,1
DA:28,4
DA:33,2
DA:35,2
DA:36,0
DA:37,0
DA:40,2
DA:41,1
DA:42,1
DA:45,1
DA:46,0
DA:47,0
DA:50,1
DA:51,0
DA:52,0
DA:55,1
DA:56,1
DA:59,1
LF:29
LH:19
BRDA:10,0,0,1
BRDA:10,0,1,1
BRDA:10,1,0,2
BRDA:10,1,1,1
BRDA:10,1,2,1
BRDA:15,2,0,0
BRDA:15,2,1,1
BRDA:15,3,0,1
BRDA:15,3,1,1
BRDA:20,4,0,0
BRDA:20,4,1,1
BRDA:20,5,0,1
BRDA:20,5,1,1
BRDA:35,6,0,0
BRDA:35,6,1,2
BRDA:35,7,0,2
BRDA:35,7,1,1
BRDA:35,7,2,1
BRDA:40,8,0,1
BRDA:40,8,1,1
BRDA:40,9,0,2
BRDA:40,9,1,2
BRDA:45,10,0,0
BRDA:45,10,1,1
BRDA:45,11,0,1
BRDA:45,11,1,0
BRDA:45,11,2,0
BRDA:50,12,0,0
BRDA:50,12,1,1
BRDA:50,13,0,1
BRDA:50,13,1,1
BRDA:55,14,0,1
BRDA:55,14,1,0
BRDA:55,15,0,1
BRDA:55,15,1,0
BRF:35
BRH:26
end_of_record
TN:
SF:src/validators/healthValidators.ts
FN:3,(anonymous_0)
FNF:1
FNH:0
FNDA:0,(anonymous_0)
DA:3,4
DA:8,0
DA:10,0
DA:11,0
DA:12,0
DA:16,0
DA:24,0
DA:25,0
DA:26,0
DA:31,0
DA:32,0
DA:33,0
DA:34,0
DA:37,0
DA:38,0
DA:39,0
DA:43,0
DA:44,0
DA:45,0
DA:46,0
DA:50,0
DA:51,0
DA:52,0
DA:53,0
DA:57,0
DA:58,0
DA:61,0
DA:64,0
DA:65,0
DA:66,0
DA:69,0
DA:70,0
DA:71,0
DA:74,0
LF:34
LH:1
BRDA:10,0,0,0
BRDA:10,0,1,0
BRDA:24,1,0,0
BRDA:24,1,1,0
BRDA:24,2,0,0
BRDA:24,2,1,0
BRDA:24,2,2,0
BRDA:31,3,0,0
BRDA:31,3,1,0
BRDA:32,4,0,0
BRDA:32,4,1,0
BRDA:32,5,0,0
BRDA:32,5,1,0
BRDA:37,6,0,0
BRDA:37,6,1,0
BRDA:37,7,0,0
BRDA:37,7,1,0
BRDA:43,8,0,0
BRDA:43,8,1,0
BRDA:44,9,0,0
BRDA:44,9,1,0
BRDA:44,10,0,0
BRDA:44,10,1,0
BRDA:44,10,2,0
BRDA:50,11,0,0
BRDA:50,11,1,0
BRDA:51,12,0,0
BRDA:51,12,1,0
BRDA:51,13,0,0
BRDA:51,13,1,0
BRDA:51,13,2,0
BRDA:57,14,0,0
BRDA:57,14,1,0
BRDA:57,15,0,0
BRDA:57,15,1,0
BRDA:57,15,2,0
BRDA:64,16,0,0
BRDA:64,16,1,0
BRDA:64,17,0,0
BRDA:64,17,1,0
BRDA:64,17,2,0
BRDA:69,18,0,0
BRDA:69,18,1,0
BRDA:69,19,0,0
BRDA:69,19,1,0
BRF:45
BRH:0
end_of_record
TN:
SF:src/validators/sleepValidators.ts
FN:2,validateStartSleepBody
FN:14,validateEndSleepBody
FN:22,validateEditSleepBody
FNF:3
FNH:3
FNDA:2,validateStartSleepBody
FNDA:2,validateEndSleepBody
FNDA:2,validateEditSleepBody
DA:2,4
DA:3,2
DA:4,0
DA:5,0
DA:7,2
DA:8,0
DA:9,0
DA:11,2
DA:14,4
DA:15,2
DA:16,0
DA:17,0
DA:19,2
DA:22,4
DA:23,2
DA:24,1
DA:25,1
DA:27,1
DA:28,0
DA:29,0
DA:33,1
DA:34,0
DA:35,0
DA:36,0
DA:37,0
DA:38,0
DA:41,1
DA:42,0
DA:43,0
DA:45,1
LF:30
LH:15
BRDA:3,0,0,0
BRDA:3,0,1,2
BRDA:3,1,0,2
BRDA:3,1,1,1
BRDA:7,2,0,0
BRDA:7,2,1,2
BRDA:7,3,0,2
BRDA:7,3,1,1
BRDA:15,4,0,0
BRDA:15,4,1,2
BRDA:15,5,0,2
BRDA:15,5,1,1
BRDA:23,6,0,1
BRDA:23,6,1,1
BRDA:23,7,0,2
BRDA:23,7,1,1
BRDA:27,8,0,0
BRDA:27,8,1,1
BRDA:27,9,0,1
BRDA:27,9,1,0
BRDA:33,10,0,0
BRDA:33,10,1,1
BRDA:33,11,0,1
BRDA:33,11,1,0
BRDA:36,12,0,0
BRDA:36,12,1,0
BRDA:41,13,0,0
BRDA:41,13,1,1
BRDA:41,14,0,1
BRDA:41,14,1,1
BRF:30
BRH:20
end_of_record
TN:
SF:src/validators/userValidators.ts
FN:3,(anonymous_0)
FN:37,(anonymous_1)
FNF:2
FNH:2
FNDA:6,(anonymous_0)
FNDA:4,(anonymous_1)
DA:3,4
DA:8,6
DA:10,6
DA:16,1
DA:17,1
DA:20,5
DA:25,0
DA:26,0
DA:29,5
DA:30,0
DA:31,0
DA:34,5
DA:37,4
DA:42,4
DA:44,4
DA:49,0
DA:50,0
DA:53,4
DA:54,0
DA:55,0
DA:58,4
LF:21
LH:13
BRDA:10,0,0,1
BRDA:10,0,1,5
BRDA:11,1,0,6
BRDA:11,1,1,5
BRDA:11,1,2,5
BRDA:11,1,3,5
BRDA:20,2,0,0
BRDA:20,2,1,5
BRDA:21,3,0,5
BRDA:21,3,1,5
BRDA:21,3,2,5
BRDA:29,4,0,0
BRDA:29,4,1,5
BRDA:29,5,0,5
BRDA:29,5,1,5
BRDA:29,5,2,5
BRDA:44,6,0,0
BRDA:44,6,1,4
BRDA:45,7,0,4
BRDA:45,7,1,4
BRDA:45,7,2,4
BRDA:53,8,0,0
BRDA:53,8,1,4
BRDA:53,9,0,4
BRDA:53,9,1,4
BRF:25
BRH:21
end_of_record
